2025-11-03 10:38:38,532 - schwab_orders - INFO - Loaded credentials from local global_.py
2025-11-03 10:38:38,533 - schwab_orders - INFO - Loaded existing tokens from C:\SchwabAccountConfig\DirectAPIUsage\token.json
2025-11-03 10:38:38,533 - __main__ - INFO - ============================================================
2025-11-03 10:38:38,533 - __main__ - INFO - Starting Forward Factor Strategy Scan
2025-11-03 10:38:38,534 - __main__ - INFO - ============================================================
2025-11-03 10:38:38,534 - __main__ - INFO - Schwab API authentication successful
2025-11-03 10:38:38,535 - __main__ - INFO - Using custom ticker list: 3 tickers
2025-11-03 10:38:38,535 - __main__ - INFO - Scanning 3 midcap tickers
2025-11-03 10:38:38,535 - __main__ - INFO - Beginning options chain scanning...
2025-11-03 10:38:39,999 - options_scanner - INFO - Successfully retrieved option chain for AAPL
2025-11-03 10:38:40,091 - __main__ - INFO - Scanning AAPL: 19 valid chains
2025-11-03 10:38:40,092 - __main__ - INFO - Attempting 30/60 for AAPL: 32/46 DTE
2025-11-03 10:38:40,096 - __main__ - INFO - Found 30/60 opportunity for AAPL: FF=-4.5% (DTE: 32/46) [Valid: True] Near IV: 23.6% Next IV: 24.7%
2025-11-03 10:38:40,096 - __main__ - INFO - Attempting 30/90 for AAPL: 32/74 DTE
2025-11-03 10:38:40,102 - __main__ - INFO - Found 30/90 opportunity for AAPL: FF=-5.5% (DTE: 32/74) [Valid: True] Near IV: 23.6% Next IV: 25.0%
2025-11-03 10:38:40,102 - __main__ - INFO - Attempting 60/90 for AAPL: 46/74 DTE
2025-11-03 10:38:40,108 - __main__ - INFO - Found 60/90 opportunity for AAPL: FF=-1.0% (DTE: 46/74) [Valid: True] Near IV: 24.7% Next IV: 25.0%
2025-11-03 10:38:42,591 - options_scanner - INFO - Successfully retrieved option chain for TSLA
2025-11-03 10:38:42,769 - __main__ - INFO - Scanning TSLA: 20 valid chains
2025-11-03 10:38:42,770 - __main__ - INFO - Attempting 30/60 for TSLA: 32/46 DTE
2025-11-03 10:38:42,776 - __main__ - INFO - Found 30/60 opportunity for TSLA: FF=-0.7% (DTE: 32/46) [Valid: True] Near IV: 57.7% Next IV: 58.1%
2025-11-03 10:38:42,777 - __main__ - INFO - Attempting 30/90 for TSLA: 32/74 DTE
2025-11-03 10:38:42,784 - __main__ - INFO - Found 30/90 opportunity for TSLA: FF=-1.1% (DTE: 32/74) [Valid: True] Near IV: 57.7% Next IV: 58.4%
2025-11-03 10:38:42,784 - __main__ - INFO - Attempting 60/90 for TSLA: 46/74 DTE
2025-11-03 10:38:42,798 - __main__ - INFO - Found 60/90 opportunity for TSLA: FF=-0.4% (DTE: 46/74) [Valid: True] Near IV: 58.1% Next IV: 58.4%
2025-11-03 10:38:44,775 - options_scanner - INFO - Successfully retrieved option chain for NVDA
2025-11-03 10:38:44,935 - __main__ - INFO - Scanning NVDA: 19 valid chains
2025-11-03 10:38:44,935 - __main__ - INFO - Attempting 30/60 for NVDA: 32/46 DTE
2025-11-03 10:38:44,941 - __main__ - INFO - Found 30/60 opportunity for NVDA: FF=4.2% (DTE: 32/46) [Valid: True] Near IV: 48.1% Next IV: 46.1%
2025-11-03 10:38:44,941 - __main__ - INFO - Attempting 30/90 for NVDA: 32/74 DTE
2025-11-03 10:38:44,946 - __main__ - INFO - Found 30/90 opportunity for NVDA: FF=7.5% (DTE: 32/74) [Valid: True] Near IV: 48.1% Next IV: 44.7%
2025-11-03 10:38:44,946 - __main__ - INFO - Attempting 60/90 for NVDA: 46/74 DTE
2025-11-03 10:38:44,954 - __main__ - INFO - Found 60/90 opportunity for NVDA: FF=3.2% (DTE: 46/74) [Valid: True] Near IV: 46.1% Next IV: 44.7%
2025-11-03 10:38:44,955 - __main__ - INFO - ============================================================
2025-11-03 10:38:44,956 - __main__ - INFO - Forward Factor Strategy Scan Complete
2025-11-03 10:38:44,956 - __main__ - INFO - ============================================================
2025-11-03 10:38:44,956 - __main__ - INFO - Scan duration: 6.4 seconds
2025-11-03 10:38:44,957 - __main__ - INFO - Tickers scanned: 3
2025-11-03 10:38:44,957 - __main__ - INFO - Opportunities found: 9
2025-11-03 10:38:44,960 - __main__ - INFO - Detailed results saved to: results\ff_opportunities_20251103_103844.json
2025-11-03 10:38:44,961 - __main__ - INFO - CSV summary saved to: results\ff_opportunities_20251103_103844.csv
