2025-11-03 09:50:02,748 - schwab_orders - INFO - Loaded credentials from local global_.py
2025-11-03 09:50:02,748 - schwab_orders - INFO - Loaded existing tokens from C:\SchwabAccountConfig\DirectAPIUsage\token.json
2025-11-03 09:50:02,749 - __main__ - INFO - ============================================================
2025-11-03 09:50:02,749 - __main__ - INFO - Starting Forward Factor Strategy Scan
2025-11-03 09:50:02,749 - __main__ - INFO - ============================================================
2025-11-03 09:50:02,749 - __main__ - INFO - Schwab API authentication successful
2025-11-03 09:50:02,751 - __main__ - INFO - Using custom ticker list: 6 tickers
2025-11-03 09:50:02,751 - __main__ - INFO - Scanning 6 midcap tickers
2025-11-03 09:50:02,751 - __main__ - INFO - Beginning options chain scanning...
2025-11-03 09:50:03,525 - options_scanner - INFO - Successfully retrieved option chain for CSX
2025-11-03 09:50:04,061 - options_scanner - ERROR - Failed to retrieve option chain for GTLIB. Status: 400, Response: {"errors":[{"id":"95505a73-925c-457a-a708-40e3e2a9056a","status":"400","title":"Bad Request","detail":"Check Param Values","source":{"parameter":"Invalid Paramter/Value"}}]}
2025-11-03 09:50:04,774 - options_scanner - INFO - Successfully retrieved option chain for ETNB
2025-11-03 09:50:05,564 - options_scanner - INFO - Successfully retrieved option chain for FLNC
2025-11-03 09:50:06,202 - options_scanner - INFO - Successfully retrieved option chain for QSI
2025-11-03 09:50:07,104 - options_scanner - INFO - Successfully retrieved option chain for ABT
2025-11-03 09:50:07,152 - __main__ - INFO - ============================================================
2025-11-03 09:50:07,153 - __main__ - INFO - Forward Factor Strategy Scan Complete
2025-11-03 09:50:07,153 - __main__ - INFO - ============================================================
2025-11-03 09:50:07,153 - __main__ - INFO - Scan duration: 4.4 seconds
2025-11-03 09:50:07,154 - __main__ - INFO - Tickers scanned: 6
2025-11-03 09:50:07,154 - __main__ - INFO - Opportunities found: 0
