2025-11-03 10:25:05,606 - schwab_orders - INFO - Loaded credentials from local global_.py
2025-11-03 10:25:05,607 - schwab_orders - INFO - Loaded existing tokens from C:\SchwabAccountConfig\DirectAPIUsage\token.json
2025-11-03 10:25:05,607 - __main__ - INFO - ============================================================
2025-11-03 10:25:05,607 - __main__ - INFO - Starting Forward Factor Strategy Scan
2025-11-03 10:25:05,607 - __main__ - INFO - ============================================================
2025-11-03 10:25:05,608 - __main__ - INFO - Schwab API authentication successful
2025-11-03 10:25:05,610 - __main__ - INFO - Using custom ticker list: 1 tickers
2025-11-03 10:25:05,610 - __main__ - INFO - Scanning 1 midcap tickers
2025-11-03 10:25:05,610 - __main__ - INFO - Beginning options chain scanning...
2025-11-03 10:25:07,537 - options_scanner - INFO - Successfully retrieved option chain for SPY
2025-11-03 10:25:07,646 - __main__ - INFO - Scanning SPY: 29 valid chains
2025-11-03 10:25:07,647 - __main__ - INFO - Attempting 30/60 for SPY: 32/58 DTE
2025-11-03 10:25:07,649 - __main__ - INFO - Found 30/60 opportunity for SPY: FF=-1.4% (DTE: 32/58) [Valid: True] Near IV: 1571.7% Next IV: 1593.8%
2025-11-03 10:25:07,649 - __main__ - INFO - Attempting 30/90 for SPY: 32/88 DTE
2025-11-03 10:25:07,650 - __main__ - INFO - Found 30/90 opportunity for SPY: FF=-5.6% (DTE: 32/88) [Valid: True] Near IV: 1571.7% Next IV: 1664.4%
2025-11-03 10:25:07,651 - __main__ - INFO - Attempting 60/90 for SPY: 58/88 DTE
2025-11-03 10:25:07,652 - __main__ - INFO - Found 60/90 opportunity for SPY: FF=-4.2% (DTE: 58/88) [Valid: True] Near IV: 1593.8% Next IV: 1664.4%
2025-11-03 10:25:07,652 - __main__ - INFO - ============================================================
2025-11-03 10:25:07,652 - __main__ - INFO - Forward Factor Strategy Scan Complete
2025-11-03 10:25:07,652 - __main__ - INFO - ============================================================
2025-11-03 10:25:07,652 - __main__ - INFO - Scan duration: 2.0 seconds
2025-11-03 10:25:07,653 - __main__ - INFO - Tickers scanned: 1
2025-11-03 10:25:07,653 - __main__ - INFO - Opportunities found: 3
2025-11-03 10:25:07,655 - __main__ - INFO - Detailed results saved to: results\ff_opportunities_20251103_102507.json
2025-11-03 10:25:07,656 - __main__ - INFO - CSV summary saved to: results\ff_opportunities_20251103_102507.csv
