2025-11-03 10:28:57,049 - schwab_orders - INFO - Loaded credentials from local global_.py
2025-11-03 10:28:57,050 - schwab_orders - INFO - Loaded existing tokens from C:\SchwabAccountConfig\DirectAPIUsage\token.json
2025-11-03 10:28:57,051 - __main__ - INFO - ============================================================
2025-11-03 10:28:57,051 - __main__ - INFO - Starting Forward Factor Strategy Scan
2025-11-03 10:28:57,051 - __main__ - INFO - ============================================================
2025-11-03 10:28:57,051 - __main__ - INFO - Schwab API authentication successful
2025-11-03 10:28:57,051 - __main__ - INFO - Using custom ticker list: 1 tickers
2025-11-03 10:28:57,051 - __main__ - INFO - Scanning 1 midcap tickers
2025-11-03 10:28:57,051 - __main__ - INFO - Beginning options chain scanning...
2025-11-03 10:28:58,618 - options_scanner - INFO - Successfully retrieved option chain for SPY
2025-11-03 10:28:58,750 - __main__ - INFO - Scanning SPY: 29 valid chains
2025-11-03 10:28:58,751 - __main__ - INFO - Attempting 30/60 for SPY: 32/58 DTE
2025-11-03 10:28:58,753 - __main__ - INFO - Found 30/60 opportunity for SPY: FF=-0.8% (DTE: 32/58) [Valid: True] Near IV: 1593.9% Next IV: 1607.3%
2025-11-03 10:28:58,753 - __main__ - INFO - Attempting 30/90 for SPY: 32/88 DTE
2025-11-03 10:28:58,755 - __main__ - INFO - Found 30/90 opportunity for SPY: FF=-4.7% (DTE: 32/88) [Valid: True] Near IV: 1593.9% Next IV: 1672.3%
2025-11-03 10:28:58,756 - __main__ - INFO - Attempting 60/90 for SPY: 58/88 DTE
2025-11-03 10:28:58,757 - __main__ - INFO - Found 60/90 opportunity for SPY: FF=-3.9% (DTE: 58/88) [Valid: True] Near IV: 1607.3% Next IV: 1672.3%
2025-11-03 10:28:58,757 - __main__ - INFO - ============================================================
2025-11-03 10:28:58,757 - __main__ - INFO - Forward Factor Strategy Scan Complete
2025-11-03 10:28:58,757 - __main__ - INFO - ============================================================
2025-11-03 10:28:58,758 - __main__ - INFO - Scan duration: 1.7 seconds
2025-11-03 10:28:58,758 - __main__ - INFO - Tickers scanned: 1
2025-11-03 10:28:58,758 - __main__ - INFO - Opportunities found: 3
2025-11-03 10:28:58,759 - __main__ - INFO - Detailed results saved to: results\ff_opportunities_20251103_102858.json
2025-11-03 10:28:58,760 - __main__ - INFO - CSV summary saved to: results\ff_opportunities_20251103_102858.csv
