2025-11-03 08:28:38,069 - __main__ - INFO - ============================================================
2025-11-03 08:28:38,069 - __main__ - INFO - Starting Forward Factor Strategy Scan
2025-11-03 08:28:38,070 - __main__ - INFO - ============================================================
2025-11-03 08:28:38,070 - __main__ - INFO - Schwab API authentication successful
2025-11-03 08:28:38,070 - __main__ - INFO - Using suggested midcap universe: 155 tickers
2025-11-03 08:28:38,070 - __main__ - INFO - Limited to 50 tickers for performance
2025-11-03 08:28:38,070 - __main__ - INFO - Scanning 50 midcap tickers
2025-11-03 08:28:38,072 - __main__ - INFO - Beginning options chain scanning...
2025-11-03 08:28:38,072 - options_scanner - ERROR - Not authenticated. Call authenticate() first.
2025-11-03 08:28:38,072 - iv_ff_analyzer - WARNING - TEAM: No valid option chains found
2025-11-03 08:28:38,072 - options_scanner - ERROR - Not authenticated. Call authenticate() first.
2025-11-03 08:28:38,072 - iv_ff_analyzer - WARNING - OKTA: No valid option chains found
2025-11-03 08:28:38,072 - options_scanner - ERROR - Not authenticated. Call authenticate() first.
2025-11-03 08:28:38,073 - iv_ff_analyzer - WARNING - ZS: No valid option chains found
2025-11-03 08:28:38,073 - options_scanner - ERROR - Not authenticated. Call authenticate() first.
2025-11-03 08:28:38,073 - iv_ff_analyzer - WARNING - CRWD: No valid option chains found
2025-11-03 08:28:38,073 - options_scanner - ERROR - Not authenticated. Call authenticate() first.
2025-11-03 08:28:38,073 - iv_ff_analyzer - WARNING - NET: No valid option chains found
2025-11-03 08:28:38,074 - options_scanner - ERROR - Not authenticated. Call authenticate() first.
2025-11-03 08:28:38,074 - iv_ff_analyzer - WARNING - DDOG: No valid option chains found
2025-11-03 08:28:38,074 - options_scanner - ERROR - Not authenticated. Call authenticate() first.
2025-11-03 08:28:38,074 - iv_ff_analyzer - WARNING - SNOW: No valid option chains found
2025-11-03 08:28:38,075 - options_scanner - ERROR - Not authenticated. Call authenticate() first.
2025-11-03 08:28:38,075 - iv_ff_analyzer - WARNING - PATH: No valid option chains found
2025-11-03 08:28:38,075 - options_scanner - ERROR - Not authenticated. Call authenticate() first.
2025-11-03 08:28:38,076 - iv_ff_analyzer - WARNING - ESTC: No valid option chains found
2025-11-03 08:28:38,076 - options_scanner - ERROR - Not authenticated. Call authenticate() first.
2025-11-03 08:28:38,076 - iv_ff_analyzer - WARNING - DOCU: No valid option chains found
2025-11-03 08:28:38,076 - options_scanner - ERROR - Not authenticated. Call authenticate() first.
2025-11-03 08:28:38,076 - iv_ff_analyzer - WARNING - TWLO: No valid option chains found
2025-11-03 08:28:38,077 - options_scanner - ERROR - Not authenticated. Call authenticate() first.
2025-11-03 08:28:38,077 - iv_ff_analyzer - WARNING - ZM: No valid option chains found
2025-11-03 08:28:38,077 - options_scanner - ERROR - Not authenticated. Call authenticate() first.
2025-11-03 08:28:38,077 - iv_ff_analyzer - WARNING - PINS: No valid option chains found
2025-11-03 08:28:38,078 - options_scanner - ERROR - Not authenticated. Call authenticate() first.
2025-11-03 08:28:38,078 - iv_ff_analyzer - WARNING - SNAP: No valid option chains found
2025-11-03 08:28:38,078 - options_scanner - ERROR - Not authenticated. Call authenticate() first.
2025-11-03 08:28:38,078 - iv_ff_analyzer - WARNING - UBER: No valid option chains found
2025-11-03 08:28:38,078 - options_scanner - ERROR - Not authenticated. Call authenticate() first.
2025-11-03 08:28:38,079 - iv_ff_analyzer - WARNING - LYFT: No valid option chains found
2025-11-03 08:28:38,079 - options_scanner - ERROR - Not authenticated. Call authenticate() first.
2025-11-03 08:28:38,079 - iv_ff_analyzer - WARNING - RBLX: No valid option chains found
2025-11-03 08:28:38,080 - options_scanner - ERROR - Not authenticated. Call authenticate() first.
2025-11-03 08:28:38,080 - iv_ff_analyzer - WARNING - U: No valid option chains found
2025-11-03 08:28:38,080 - options_scanner - ERROR - Not authenticated. Call authenticate() first.
2025-11-03 08:28:38,080 - iv_ff_analyzer - WARNING - PLTR: No valid option chains found
2025-11-03 08:28:38,080 - options_scanner - ERROR - Not authenticated. Call authenticate() first.
2025-11-03 08:28:38,080 - iv_ff_analyzer - WARNING - COIN: No valid option chains found
2025-11-03 08:28:38,080 - options_scanner - ERROR - Not authenticated. Call authenticate() first.
2025-11-03 08:28:38,081 - iv_ff_analyzer - WARNING - MRNA: No valid option chains found
2025-11-03 08:28:38,081 - options_scanner - ERROR - Not authenticated. Call authenticate() first.
2025-11-03 08:28:38,081 - iv_ff_analyzer - WARNING - REGN: No valid option chains found
2025-11-03 08:28:38,081 - options_scanner - ERROR - Not authenticated. Call authenticate() first.
2025-11-03 08:28:38,081 - iv_ff_analyzer - WARNING - BIIB: No valid option chains found
2025-11-03 08:28:38,081 - options_scanner - ERROR - Not authenticated. Call authenticate() first.
2025-11-03 08:28:38,082 - iv_ff_analyzer - WARNING - ILMN: No valid option chains found
2025-11-03 08:28:38,082 - options_scanner - ERROR - Not authenticated. Call authenticate() first.
2025-11-03 08:28:38,082 - iv_ff_analyzer - WARNING - VRTX: No valid option chains found
2025-11-03 08:28:38,082 - options_scanner - ERROR - Not authenticated. Call authenticate() first.
2025-11-03 08:28:38,082 - iv_ff_analyzer - WARNING - ALNY: No valid option chains found
2025-11-03 08:28:38,082 - options_scanner - ERROR - Not authenticated. Call authenticate() first.
2025-11-03 08:28:38,082 - iv_ff_analyzer - WARNING - BMRN: No valid option chains found
2025-11-03 08:28:38,083 - options_scanner - ERROR - Not authenticated. Call authenticate() first.
2025-11-03 08:28:38,083 - iv_ff_analyzer - WARNING - SGEN: No valid option chains found
2025-11-03 08:28:38,083 - options_scanner - ERROR - Not authenticated. Call authenticate() first.
2025-11-03 08:28:38,083 - iv_ff_analyzer - WARNING - TECH: No valid option chains found
2025-11-03 08:28:38,083 - options_scanner - ERROR - Not authenticated. Call authenticate() first.
2025-11-03 08:28:38,083 - iv_ff_analyzer - WARNING - EXAS: No valid option chains found
2025-11-03 08:28:38,083 - options_scanner - ERROR - Not authenticated. Call authenticate() first.
2025-11-03 08:28:38,084 - iv_ff_analyzer - WARNING - TDOC: No valid option chains found
2025-11-03 08:28:38,084 - options_scanner - ERROR - Not authenticated. Call authenticate() first.
2025-11-03 08:28:38,084 - iv_ff_analyzer - WARNING - VEEV: No valid option chains found
2025-11-03 08:28:38,084 - options_scanner - ERROR - Not authenticated. Call authenticate() first.
2025-11-03 08:28:38,084 - iv_ff_analyzer - WARNING - ZBH: No valid option chains found
2025-11-03 08:28:38,084 - options_scanner - ERROR - Not authenticated. Call authenticate() first.
2025-11-03 08:28:38,084 - iv_ff_analyzer - WARNING - ALGN: No valid option chains found
2025-11-03 08:28:38,085 - options_scanner - ERROR - Not authenticated. Call authenticate() first.
2025-11-03 08:28:38,085 - iv_ff_analyzer - WARNING - DXCM: No valid option chains found
2025-11-03 08:28:38,085 - options_scanner - ERROR - Not authenticated. Call authenticate() first.
2025-11-03 08:28:38,085 - iv_ff_analyzer - WARNING - ISRG: No valid option chains found
2025-11-03 08:28:38,085 - options_scanner - ERROR - Not authenticated. Call authenticate() first.
2025-11-03 08:28:38,085 - iv_ff_analyzer - WARNING - HOLX: No valid option chains found
2025-11-03 08:28:38,085 - options_scanner - ERROR - Not authenticated. Call authenticate() first.
2025-11-03 08:28:38,086 - iv_ff_analyzer - WARNING - IDXX: No valid option chains found
2025-11-03 08:28:38,086 - options_scanner - ERROR - Not authenticated. Call authenticate() first.
2025-11-03 08:28:38,086 - iv_ff_analyzer - WARNING - IQV: No valid option chains found
2025-11-03 08:28:38,086 - options_scanner - ERROR - Not authenticated. Call authenticate() first.
2025-11-03 08:28:38,086 - iv_ff_analyzer - WARNING - MTD: No valid option chains found
2025-11-03 08:28:38,086 - options_scanner - ERROR - Not authenticated. Call authenticate() first.
2025-11-03 08:28:38,086 - iv_ff_analyzer - WARNING - SCHW: No valid option chains found
2025-11-03 08:28:38,086 - options_scanner - ERROR - Not authenticated. Call authenticate() first.
2025-11-03 08:28:38,087 - iv_ff_analyzer - WARNING - MS: No valid option chains found
2025-11-03 08:28:38,087 - options_scanner - ERROR - Not authenticated. Call authenticate() first.
2025-11-03 08:28:38,087 - iv_ff_analyzer - WARNING - BLK: No valid option chains found
2025-11-03 08:28:38,087 - options_scanner - ERROR - Not authenticated. Call authenticate() first.
2025-11-03 08:28:38,087 - iv_ff_analyzer - WARNING - CB: No valid option chains found
2025-11-03 08:28:38,087 - options_scanner - ERROR - Not authenticated. Call authenticate() first.
2025-11-03 08:28:38,087 - iv_ff_analyzer - WARNING - AIG: No valid option chains found
2025-11-03 08:28:38,088 - options_scanner - ERROR - Not authenticated. Call authenticate() first.
2025-11-03 08:28:38,088 - iv_ff_analyzer - WARNING - TFC: No valid option chains found
2025-11-03 08:28:38,088 - options_scanner - ERROR - Not authenticated. Call authenticate() first.
2025-11-03 08:28:38,088 - iv_ff_analyzer - WARNING - USB: No valid option chains found
2025-11-03 08:28:38,088 - options_scanner - ERROR - Not authenticated. Call authenticate() first.
2025-11-03 08:28:38,089 - iv_ff_analyzer - WARNING - PNC: No valid option chains found
2025-11-03 08:28:38,089 - options_scanner - ERROR - Not authenticated. Call authenticate() first.
2025-11-03 08:28:38,089 - iv_ff_analyzer - WARNING - COF: No valid option chains found
2025-11-03 08:28:38,089 - options_scanner - ERROR - Not authenticated. Call authenticate() first.
2025-11-03 08:28:38,089 - iv_ff_analyzer - WARNING - FITB: No valid option chains found
2025-11-03 08:28:38,090 - __main__ - INFO - ============================================================
2025-11-03 08:28:38,090 - __main__ - INFO - Forward Factor Strategy Scan Complete
2025-11-03 08:28:38,090 - __main__ - INFO - ============================================================
2025-11-03 08:28:38,090 - __main__ - INFO - Scan duration: 0.0 seconds
2025-11-03 08:28:38,090 - __main__ - INFO - Tickers scanned: 50
2025-11-03 08:28:38,090 - __main__ - INFO - Opportunities found: 0
