2025-11-03 10:36:24,778 - schwab_orders - INFO - Loaded credentials from local global_.py
2025-11-03 10:36:24,779 - schwab_orders - INFO - Loaded existing tokens from C:\SchwabAccountConfig\DirectAPIUsage\token.json
2025-11-03 10:36:24,779 - __main__ - INFO - ============================================================
2025-11-03 10:36:24,779 - __main__ - INFO - Starting Forward Factor Strategy Scan
2025-11-03 10:36:24,779 - __main__ - INFO - ============================================================
2025-11-03 10:36:24,779 - __main__ - INFO - Schwab API authentication successful
2025-11-03 10:36:24,782 - __main__ - INFO - Using custom ticker list: 3 tickers
2025-11-03 10:36:24,782 - __main__ - INFO - Scanning 3 midcap tickers
2025-11-03 10:36:24,782 - __main__ - INFO - Beginning options chain scanning...
2025-11-03 10:36:29,651 - options_scanner - INFO - Successfully retrieved option chain for AAPL
2025-11-03 10:36:29,738 - __main__ - INFO - Scanning AAPL: 19 valid chains
2025-11-03 10:36:29,739 - __main__ - INFO - Attempting 30/60 for AAPL: 32/46 DTE
2025-11-03 10:36:29,743 - __main__ - INFO - Found 30/60 opportunity for AAPL: FF=-4.7% (DTE: 32/46) [Valid: True] Near IV: 23.6% Next IV: 24.8%
2025-11-03 10:36:29,743 - __main__ - INFO - Attempting 30/90 for AAPL: 32/74 DTE
2025-11-03 10:36:29,746 - __main__ - INFO - Found 30/90 opportunity for AAPL: FF=-5.6% (DTE: 32/74) [Valid: True] Near IV: 23.6% Next IV: 25.0%
2025-11-03 10:36:29,747 - __main__ - INFO - Attempting 60/90 for AAPL: 46/74 DTE
2025-11-03 10:36:29,749 - __main__ - INFO - Found 60/90 opportunity for AAPL: FF=-1.0% (DTE: 46/74) [Valid: True] Near IV: 24.8% Next IV: 25.0%
2025-11-03 10:36:31,870 - options_scanner - INFO - Successfully retrieved option chain for TSLA
2025-11-03 10:36:32,045 - __main__ - INFO - Scanning TSLA: 20 valid chains
2025-11-03 10:36:32,046 - __main__ - INFO - Attempting 30/60 for TSLA: 32/46 DTE
2025-11-03 10:36:32,050 - __main__ - INFO - Found 30/60 opportunity for TSLA: FF=-0.9% (DTE: 32/46) [Valid: True] Near IV: 57.1% Next IV: 57.6%
2025-11-03 10:36:32,051 - __main__ - INFO - Attempting 30/90 for TSLA: 32/74 DTE
2025-11-03 10:36:32,056 - __main__ - INFO - Found 30/90 opportunity for TSLA: FF=-1.5% (DTE: 32/74) [Valid: True] Near IV: 57.1% Next IV: 58.0%
2025-11-03 10:36:32,056 - __main__ - INFO - Attempting 60/90 for TSLA: 46/74 DTE
2025-11-03 10:36:32,064 - __main__ - INFO - Found 60/90 opportunity for TSLA: FF=-0.6% (DTE: 46/74) [Valid: True] Near IV: 57.6% Next IV: 58.0%
2025-11-03 10:36:33,869 - options_scanner - INFO - Successfully retrieved option chain for NVDA
2025-11-03 10:36:34,029 - __main__ - INFO - Scanning NVDA: 19 valid chains
2025-11-03 10:36:34,030 - __main__ - INFO - Attempting 30/60 for NVDA: 32/46 DTE
2025-11-03 10:36:34,035 - __main__ - INFO - Found 30/60 opportunity for NVDA: FF=4.1% (DTE: 32/46) [Valid: True] Near IV: 48.1% Next IV: 46.2%
2025-11-03 10:36:34,035 - __main__ - INFO - Attempting 30/90 for NVDA: 32/74 DTE
2025-11-03 10:36:34,040 - __main__ - INFO - Found 30/90 opportunity for NVDA: FF=7.5% (DTE: 32/74) [Valid: True] Near IV: 48.1% Next IV: 44.7%
2025-11-03 10:36:34,041 - __main__ - INFO - Attempting 60/90 for NVDA: 46/74 DTE
2025-11-03 10:36:34,047 - __main__ - INFO - Found 60/90 opportunity for NVDA: FF=3.3% (DTE: 46/74) [Valid: True] Near IV: 46.2% Next IV: 44.7%
2025-11-03 10:36:34,048 - __main__ - INFO - ============================================================
2025-11-03 10:36:34,048 - __main__ - INFO - Forward Factor Strategy Scan Complete
2025-11-03 10:36:34,048 - __main__ - INFO - ============================================================
2025-11-03 10:36:34,049 - __main__ - INFO - Scan duration: 9.3 seconds
2025-11-03 10:36:34,049 - __main__ - INFO - Tickers scanned: 3
2025-11-03 10:36:34,049 - __main__ - INFO - Opportunities found: 9
2025-11-03 10:36:34,053 - __main__ - INFO - Detailed results saved to: results\ff_opportunities_20251103_103634.json
2025-11-03 10:36:34,055 - __main__ - INFO - CSV summary saved to: results\ff_opportunities_20251103_103634.csv
