2025-11-03 10:03:09,068 - schwab_orders - INFO - Loaded credentials from local global_.py
2025-11-03 10:03:09,069 - schwab_orders - INFO - Loaded existing tokens from C:\SchwabAccountConfig\DirectAPIUsage\token.json
2025-11-03 10:03:09,070 - __main__ - INFO - ============================================================
2025-11-03 10:03:09,070 - __main__ - INFO - Starting Forward Factor Strategy Scan
2025-11-03 10:03:09,070 - __main__ - INFO - ============================================================
2025-11-03 10:03:09,070 - __main__ - INFO - Schwab API authentication successful
2025-11-03 10:03:09,072 - __main__ - INFO - Using custom ticker list: 1 tickers
2025-11-03 10:03:09,072 - __main__ - INFO - Scanning 1 midcap tickers
2025-11-03 10:03:09,072 - __main__ - INFO - Beginning options chain scanning...
2025-11-03 10:03:09,882 - options_scanner - INFO - Successfully retrieved option chain for CSX
2025-11-03 10:03:09,901 - __main__ - INFO - Scanning CSX: 16 valid chains
2025-11-03 10:03:09,901 - __main__ - INFO - Attempting 30/60 for CSX: 32/46 DTE
2025-11-03 10:03:09,902 - __main__ - WARNING - Error calculating FF for CSX 30/60: division by zero
2025-11-03 10:03:09,902 - __main__ - INFO - Attempting to analyze near chain IV for CSX 30/60
2025-11-03 10:03:09,902 - __main__ - WARNING - Error getting IV values for CSX 30/60: division by zero
2025-11-03 10:03:09,902 - __main__ - INFO - Attempting 30/90 for CSX: 32/74 DTE
2025-11-03 10:03:09,902 - __main__ - WARNING - Error calculating FF for CSX 30/90: division by zero
2025-11-03 10:03:09,902 - __main__ - INFO - Attempting to analyze near chain IV for CSX 30/90
2025-11-03 10:03:09,903 - __main__ - WARNING - Error getting IV values for CSX 30/90: division by zero
2025-11-03 10:03:09,903 - __main__ - INFO - Attempting 60/90 for CSX: 46/74 DTE
2025-11-03 10:03:09,903 - __main__ - WARNING - Error calculating FF for CSX 60/90: division by zero
2025-11-03 10:03:09,903 - __main__ - INFO - Attempting to analyze near chain IV for CSX 60/90
2025-11-03 10:03:09,903 - __main__ - WARNING - Error getting IV values for CSX 60/90: division by zero
2025-11-03 10:03:09,904 - __main__ - INFO - No opportunities found for CSX. Available DTEs: [11, 18, 25, 32, 39, 46, 74, 109, 137, 193, 227, 319, 410, 438, 591, 809]
2025-11-03 10:03:09,904 - __main__ - INFO - ============================================================
2025-11-03 10:03:09,904 - __main__ - INFO - Forward Factor Strategy Scan Complete
2025-11-03 10:03:09,904 - __main__ - INFO - ============================================================
2025-11-03 10:03:09,904 - __main__ - INFO - Scan duration: 0.8 seconds
2025-11-03 10:03:09,904 - __main__ - INFO - Tickers scanned: 1
2025-11-03 10:03:09,904 - __main__ - INFO - Opportunities found: 0
