2025-11-03 10:18:16,620 - schwab_orders - INFO - Loaded credentials from local global_.py
2025-11-03 10:18:16,621 - schwab_orders - INFO - Loaded existing tokens from C:\SchwabAccountConfig\DirectAPIUsage\token.json
2025-11-03 10:18:16,622 - __main__ - INFO - ============================================================
2025-11-03 10:18:16,622 - __main__ - INFO - Starting Forward Factor Strategy Scan
2025-11-03 10:18:16,622 - __main__ - INFO - ============================================================
2025-11-03 10:18:16,622 - __main__ - INFO - Schwab API authentication successful
2025-11-03 10:18:16,623 - __main__ - INFO - Using suggested midcap universe: 155 tickers
2025-11-03 10:18:16,623 - __main__ - INFO - Limited to 50 tickers for performance
2025-11-03 10:18:16,623 - __main__ - INFO - Scanning 50 midcap tickers
2025-11-03 10:18:16,623 - __main__ - INFO - Beginning options chain scanning...
2025-11-03 10:18:17,491 - options_scanner - INFO - Successfully retrieved option chain for TEAM
2025-11-03 10:18:17,522 - __main__ - INFO - Scanning TEAM: 13 valid chains
2025-11-03 10:18:17,523 - __main__ - INFO - Attempting 30/60 for TEAM: 32/46 DTE
2025-11-03 10:18:17,524 - __main__ - WARNING - FF opportunity for TEAM 30/60 has no result: ff_result=None Near IV: 0.0% Next IV: 0.0%
2025-11-03 10:18:17,524 - __main__ - INFO - Attempting 30/90 for TEAM: 32/74 DTE
2025-11-03 10:18:17,526 - __main__ - WARNING - FF opportunity for TEAM 30/90 has no result: ff_result=None Near IV: 0.0% Next IV: 0.0%
2025-11-03 10:18:17,526 - __main__ - INFO - Attempting 60/90 for TEAM: 46/74 DTE
2025-11-03 10:18:17,528 - __main__ - WARNING - FF opportunity for TEAM 60/90 has no result: ff_result=None Near IV: 0.0% Next IV: 0.0%
2025-11-03 10:18:17,528 - __main__ - INFO - No opportunities found for TEAM. Available DTEs: [11, 18, 25, 32, 39, 46, 74, 137, 227, 319, 410, 438, 809]
2025-11-03 10:18:18,401 - options_scanner - INFO - Successfully retrieved option chain for OKTA
2025-11-03 10:18:18,442 - __main__ - INFO - Scanning OKTA: 16 valid chains
2025-11-03 10:18:18,442 - __main__ - INFO - Attempting 30/60 for OKTA: 32/46 DTE
2025-11-03 10:18:18,444 - __main__ - WARNING - FF opportunity for OKTA 30/60 has no result: ff_result=None Near IV: 0.0% Next IV: 5865.5%
2025-11-03 10:18:18,445 - __main__ - INFO - Attempting 30/90 for OKTA: 32/74 DTE
2025-11-03 10:18:18,447 - __main__ - WARNING - FF opportunity for OKTA 30/90 has no result: ff_result=None Near IV: 0.0% Next IV: 0.0%
2025-11-03 10:18:18,448 - __main__ - INFO - Attempting 60/90 for OKTA: 46/74 DTE
2025-11-03 10:18:18,449 - __main__ - WARNING - FF opportunity for OKTA 60/90 has no result: ff_result=None Near IV: 5865.5% Next IV: 0.0%
2025-11-03 10:18:18,450 - __main__ - INFO - No opportunities found for OKTA. Available DTEs: [11, 18, 25, 32, 39, 46, 74, 109, 137, 193, 227, 319, 410, 438, 774, 809]
2025-11-03 10:18:19,478 - options_scanner - INFO - Successfully retrieved option chain for ZS
2025-11-03 10:18:19,546 - __main__ - INFO - Scanning ZS: 15 valid chains
2025-11-03 10:18:19,547 - __main__ - INFO - Attempting 30/60 for ZS: 32/46 DTE
2025-11-03 10:18:19,550 - __main__ - WARNING - FF opportunity for ZS 30/60 has no result: ff_result=None Near IV: 0.0% Next IV: 5129.6%
2025-11-03 10:18:19,550 - __main__ - INFO - Attempting 30/90 for ZS: 32/74 DTE
2025-11-03 10:18:19,554 - __main__ - WARNING - FF opportunity for ZS 30/90 has no result: ff_result=None Near IV: 0.0% Next IV: 0.0%
2025-11-03 10:18:19,554 - __main__ - INFO - Attempting 60/90 for ZS: 46/74 DTE
2025-11-03 10:18:19,557 - __main__ - WARNING - FF opportunity for ZS 60/90 has no result: ff_result=None Near IV: 5129.6% Next IV: 0.0%
2025-11-03 10:18:19,557 - __main__ - INFO - No opportunities found for ZS. Available DTEs: [11, 18, 25, 32, 39, 46, 74, 109, 137, 193, 227, 319, 410, 438, 809]
2025-11-03 10:18:20,961 - options_scanner - INFO - Successfully retrieved option chain for CRWD
2025-11-03 10:18:21,104 - __main__ - INFO - Scanning CRWD: 18 valid chains
2025-11-03 10:18:21,104 - __main__ - INFO - Attempting 30/60 for CRWD: 32/46 DTE
2025-11-03 10:18:21,106 - __main__ - WARNING - FF opportunity for CRWD 30/60 has no result: ff_result=None Near IV: 0.0% Next IV: 4831.8%
2025-11-03 10:18:21,106 - __main__ - INFO - Attempting 30/90 for CRWD: 32/74 DTE
2025-11-03 10:18:21,108 - __main__ - WARNING - FF opportunity for CRWD 30/90 has no result: ff_result=None Near IV: 0.0% Next IV: 0.0%
2025-11-03 10:18:21,109 - __main__ - INFO - Attempting 60/90 for CRWD: 46/74 DTE
2025-11-03 10:18:21,110 - __main__ - WARNING - FF opportunity for CRWD 60/90 has no result: ff_result=None Near IV: 4831.8% Next IV: 0.0%
2025-11-03 10:18:21,110 - __main__ - INFO - No opportunities found for CRWD. Available DTEs: [11, 18, 25, 32, 39, 46, 74, 109, 137, 165, 193, 227, 291, 319, 410, 438, 774, 809]
2025-11-03 10:18:22,163 - options_scanner - INFO - Successfully retrieved option chain for NET
2025-11-03 10:18:22,225 - __main__ - INFO - Scanning NET: 15 valid chains
2025-11-03 10:18:22,226 - __main__ - INFO - Attempting 30/60 for NET: 32/46 DTE
2025-11-03 10:18:22,229 - __main__ - WARNING - FF opportunity for NET 30/60 has no result: ff_result=None Near IV: 0.0% Next IV: 0.0%
2025-11-03 10:18:22,229 - __main__ - INFO - Attempting 30/90 for NET: 32/74 DTE
2025-11-03 10:18:22,231 - __main__ - WARNING - FF opportunity for NET 30/90 has no result: ff_result=None Near IV: 0.0% Next IV: 0.0%
2025-11-03 10:18:22,231 - __main__ - INFO - Attempting 60/90 for NET: 46/74 DTE
2025-11-03 10:18:22,234 - __main__ - WARNING - FF opportunity for NET 60/90 has no result: ff_result=None Near IV: 0.0% Next IV: 0.0%
2025-11-03 10:18:22,234 - __main__ - INFO - No opportunities found for NET. Available DTEs: [11, 18, 25, 32, 39, 46, 74, 109, 137, 193, 227, 319, 410, 438, 809]
2025-11-03 10:18:23,141 - options_scanner - INFO - Successfully retrieved option chain for DDOG
2025-11-03 10:18:23,204 - __main__ - INFO - Scanning DDOG: 14 valid chains
2025-11-03 10:18:23,204 - __main__ - INFO - Attempting 30/60 for DDOG: 32/46 DTE
2025-11-03 10:18:23,206 - __main__ - WARNING - FF opportunity for DDOG 30/60 has no result: ff_result=None Near IV: 0.0% Next IV: 0.0%
2025-11-03 10:18:23,206 - __main__ - INFO - Attempting 30/90 for DDOG: 32/74 DTE
2025-11-03 10:18:23,207 - __main__ - WARNING - FF opportunity for DDOG 30/90 has no result: ff_result=None Near IV: 0.0% Next IV: 4808.3%
2025-11-03 10:18:23,208 - __main__ - INFO - Attempting 60/90 for DDOG: 46/74 DTE
2025-11-03 10:18:23,208 - __main__ - WARNING - FF opportunity for DDOG 60/90 has no result: ff_result=None Near IV: 0.0% Next IV: 4808.3%
2025-11-03 10:18:23,209 - __main__ - INFO - No opportunities found for DDOG. Available DTEs: [11, 18, 25, 32, 39, 46, 74, 137, 165, 227, 319, 410, 438, 809]
2025-11-03 10:18:24,691 - options_scanner - INFO - Successfully retrieved option chain for SNOW
2025-11-03 10:18:24,763 - __main__ - INFO - Scanning SNOW: 18 valid chains
2025-11-03 10:18:24,764 - __main__ - INFO - Attempting 30/60 for SNOW: 32/46 DTE
2025-11-03 10:18:24,767 - __main__ - WARNING - FF opportunity for SNOW 30/60 has no result: ff_result=None Near IV: 0.0% Next IV: 0.0%
2025-11-03 10:18:24,767 - __main__ - INFO - Attempting 30/90 for SNOW: 32/74 DTE
2025-11-03 10:18:24,770 - __main__ - WARNING - FF opportunity for SNOW 30/90 has no result: ff_result=None Near IV: 0.0% Next IV: 0.0%
2025-11-03 10:18:24,770 - __main__ - INFO - Attempting 60/90 for SNOW: 46/74 DTE
2025-11-03 10:18:24,773 - __main__ - WARNING - FF opportunity for SNOW 60/90 has no result: ff_result=None Near IV: 0.0% Next IV: 0.0%
2025-11-03 10:18:24,774 - __main__ - INFO - No opportunities found for SNOW. Available DTEs: [11, 18, 25, 32, 39, 46, 74, 109, 137, 165, 193, 227, 319, 410, 438, 683, 774, 809]
2025-11-03 10:18:25,694 - options_scanner - INFO - Successfully retrieved option chain for PATH
2025-11-03 10:18:25,714 - __main__ - INFO - Scanning PATH: 11 valid chains
2025-11-03 10:18:25,715 - __main__ - INFO - Attempting 30/60 for PATH: 32/46 DTE
2025-11-03 10:18:25,717 - __main__ - WARNING - FF opportunity for PATH 30/60 has no result: ff_result=None Near IV: 0.0% Next IV: 0.0%
2025-11-03 10:18:25,717 - __main__ - INFO - Attempting 30/90 for PATH: 32/74 DTE
2025-11-03 10:18:25,719 - __main__ - WARNING - FF opportunity for PATH 30/90 has no result: ff_result=None Near IV: 0.0% Next IV: 0.0%
2025-11-03 10:18:25,719 - __main__ - INFO - Attempting 60/90 for PATH: 46/74 DTE
2025-11-03 10:18:25,721 - __main__ - WARNING - FF opportunity for PATH 60/90 has no result: ff_result=None Near IV: 0.0% Next IV: 0.0%
2025-11-03 10:18:25,721 - __main__ - INFO - No opportunities found for PATH. Available DTEs: [11, 18, 25, 32, 39, 46, 74, 109, 193, 438, 809]
2025-11-03 10:18:26,395 - options_scanner - INFO - Successfully retrieved option chain for ESTC
2025-11-03 10:18:26,408 - __main__ - INFO - Scanning ESTC: 10 valid chains
2025-11-03 10:18:26,409 - __main__ - INFO - Attempting 30/60 for ESTC: 18/46 DTE
2025-11-03 10:18:26,409 - __main__ - WARNING - FF opportunity for ESTC 30/60 has no result: ff_result=None Near IV: 0.0% Next IV: 0.0%
2025-11-03 10:18:26,409 - __main__ - INFO - Attempting 30/90 for ESTC: 18/74 DTE
2025-11-03 10:18:26,410 - __main__ - WARNING - FF opportunity for ESTC 30/90 has no result: ff_result=None Near IV: 0.0% Next IV: 0.0%
2025-11-03 10:18:26,411 - __main__ - INFO - Attempting 60/90 for ESTC: 46/74 DTE
2025-11-03 10:18:26,412 - __main__ - WARNING - FF opportunity for ESTC 60/90 has no result: ff_result=None Near IV: 0.0% Next IV: 0.0%
2025-11-03 10:18:26,412 - __main__ - INFO - No opportunities found for ESTC. Available DTEs: [18, 46, 74, 109, 137, 193, 410, 438, 774, 809]
2025-11-03 10:18:27,469 - options_scanner - INFO - Successfully retrieved option chain for DOCU
2025-11-03 10:18:27,504 - __main__ - INFO - Scanning DOCU: 15 valid chains
2025-11-03 10:18:27,505 - __main__ - INFO - Attempting 30/60 for DOCU: 32/46 DTE
2025-11-03 10:18:27,508 - __main__ - WARNING - FF opportunity for DOCU 30/60 has no result: ff_result=None Near IV: 0.0% Next IV: 0.0%
2025-11-03 10:18:27,508 - __main__ - INFO - Attempting 30/90 for DOCU: 32/74 DTE
2025-11-03 10:18:27,510 - __main__ - WARNING - FF opportunity for DOCU 30/90 has no result: ff_result=None Near IV: 0.0% Next IV: 0.0%
2025-11-03 10:18:27,511 - __main__ - INFO - Attempting 60/90 for DOCU: 46/74 DTE
2025-11-03 10:18:27,513 - __main__ - WARNING - FF opportunity for DOCU 60/90 has no result: ff_result=None Near IV: 0.0% Next IV: 0.0%
2025-11-03 10:18:27,514 - __main__ - INFO - No opportunities found for DOCU. Available DTEs: [11, 18, 25, 32, 39, 46, 74, 137, 227, 319, 410, 438, 591, 774, 809]
2025-11-03 10:18:28,505 - options_scanner - INFO - Successfully retrieved option chain for TWLO
2025-11-03 10:18:28,570 - __main__ - INFO - Scanning TWLO: 15 valid chains
2025-11-03 10:18:28,571 - __main__ - INFO - Attempting 30/60 for TWLO: 32/46 DTE
2025-11-03 10:18:28,573 - __main__ - WARNING - FF opportunity for TWLO 30/60 has no result: ff_result=None Near IV: 0.0% Next IV: 0.0%
2025-11-03 10:18:28,573 - __main__ - INFO - Attempting 30/90 for TWLO: 32/74 DTE
2025-11-03 10:18:28,576 - __main__ - WARNING - FF opportunity for TWLO 30/90 has no result: ff_result=None Near IV: 0.0% Next IV: 4153.6%
2025-11-03 10:18:28,577 - __main__ - INFO - Attempting 60/90 for TWLO: 46/74 DTE
2025-11-03 10:18:28,578 - __main__ - WARNING - FF opportunity for TWLO 60/90 has no result: ff_result=None Near IV: 0.0% Next IV: 4153.6%
2025-11-03 10:18:28,578 - __main__ - INFO - No opportunities found for TWLO. Available DTEs: [11, 18, 25, 32, 39, 46, 74, 109, 137, 165, 227, 319, 410, 438, 809]
2025-11-03 10:18:29,508 - options_scanner - INFO - Successfully retrieved option chain for ZM
2025-11-03 10:18:29,541 - __main__ - INFO - Scanning ZM: 15 valid chains
2025-11-03 10:18:29,542 - __main__ - INFO - Attempting 30/60 for ZM: 32/46 DTE
2025-11-03 10:18:29,544 - __main__ - WARNING - FF opportunity for ZM 30/60 has no result: ff_result=None Near IV: 0.0% Next IV: 0.0%
2025-11-03 10:18:29,544 - __main__ - INFO - Attempting 30/90 for ZM: 32/74 DTE
2025-11-03 10:18:29,546 - __main__ - WARNING - FF opportunity for ZM 30/90 has no result: ff_result=None Near IV: 0.0% Next IV: 0.0%
2025-11-03 10:18:29,547 - __main__ - INFO - Attempting 60/90 for ZM: 46/74 DTE
2025-11-03 10:18:29,549 - __main__ - WARNING - FF opportunity for ZM 60/90 has no result: ff_result=None Near IV: 0.0% Next IV: 0.0%
2025-11-03 10:18:29,549 - __main__ - INFO - No opportunities found for ZM. Available DTEs: [11, 18, 25, 32, 39, 46, 74, 109, 137, 193, 227, 319, 410, 438, 809]
2025-11-03 10:18:30,363 - options_scanner - INFO - Successfully retrieved option chain for PINS
2025-11-03 10:18:30,393 - __main__ - INFO - Scanning PINS: 16 valid chains
2025-11-03 10:18:30,394 - __main__ - INFO - Attempting 30/60 for PINS: 32/46 DTE
2025-11-03 10:18:30,396 - __main__ - WARNING - FF opportunity for PINS 30/60 has no result: ff_result=None Near IV: 0.0% Next IV: 0.0%
2025-11-03 10:18:30,396 - __main__ - INFO - Attempting 30/90 for PINS: 32/74 DTE
2025-11-03 10:18:30,398 - __main__ - WARNING - FF opportunity for PINS 30/90 has no result: ff_result=None Near IV: 0.0% Next IV: 0.0%
2025-11-03 10:18:30,398 - __main__ - INFO - Attempting 60/90 for PINS: 46/74 DTE
2025-11-03 10:18:30,400 - __main__ - WARNING - FF opportunity for PINS 60/90 has no result: ff_result=None Near IV: 0.0% Next IV: 0.0%
2025-11-03 10:18:30,400 - __main__ - INFO - No opportunities found for PINS. Available DTEs: [11, 18, 25, 32, 39, 46, 74, 109, 137, 193, 227, 319, 410, 438, 774, 809]
2025-11-03 10:18:31,120 - options_scanner - INFO - Successfully retrieved option chain for SNAP
2025-11-03 10:18:31,134 - __main__ - INFO - Scanning SNAP: 13 valid chains
2025-11-03 10:18:31,135 - __main__ - INFO - Attempting 30/60 for SNAP: 32/46 DTE
2025-11-03 10:18:31,136 - __main__ - WARNING - FF opportunity for SNAP 30/60 has no result: ff_result=None Near IV: 0.0% Next IV: 0.0%
2025-11-03 10:18:31,136 - __main__ - INFO - Attempting 30/90 for SNAP: 32/74 DTE
2025-11-03 10:18:31,137 - __main__ - WARNING - FF opportunity for SNAP 30/90 has no result: ff_result=None Near IV: 0.0% Next IV: 0.0%
2025-11-03 10:18:31,138 - __main__ - INFO - Attempting 60/90 for SNAP: 46/74 DTE
2025-11-03 10:18:31,139 - __main__ - WARNING - FF opportunity for SNAP 60/90 has no result: ff_result=None Near IV: 0.0% Next IV: 0.0%
2025-11-03 10:18:31,140 - __main__ - INFO - No opportunities found for SNAP. Available DTEs: [11, 18, 25, 32, 39, 46, 74, 137, 165, 227, 319, 438, 809]
2025-11-03 10:18:32,166 - options_scanner - INFO - Successfully retrieved option chain for UBER
2025-11-03 10:18:32,227 - __main__ - INFO - Scanning UBER: 16 valid chains
2025-11-03 10:18:32,228 - __main__ - INFO - Attempting 30/60 for UBER: 32/46 DTE
2025-11-03 10:18:32,230 - __main__ - WARNING - FF opportunity for UBER 30/60 has no result: ff_result=None Near IV: 0.0% Next IV: 4187.1%
2025-11-03 10:18:32,231 - __main__ - INFO - Attempting 30/90 for UBER: 32/74 DTE
2025-11-03 10:18:32,234 - __main__ - WARNING - FF opportunity for UBER 30/90 has no result: ff_result=None Near IV: 0.0% Next IV: 0.0%
2025-11-03 10:18:32,234 - __main__ - INFO - Attempting 60/90 for UBER: 46/74 DTE
2025-11-03 10:18:32,236 - __main__ - WARNING - FF opportunity for UBER 60/90 has no result: ff_result=None Near IV: 4187.1% Next IV: 0.0%
2025-11-03 10:18:32,237 - __main__ - INFO - No opportunities found for UBER. Available DTEs: [11, 18, 25, 32, 39, 46, 74, 109, 137, 193, 227, 319, 410, 438, 774, 809]
2025-11-03 10:18:33,023 - options_scanner - INFO - Successfully retrieved option chain for LYFT
2025-11-03 10:18:33,051 - __main__ - INFO - Scanning LYFT: 15 valid chains
2025-11-03 10:18:33,052 - __main__ - INFO - Attempting 30/60 for LYFT: 32/46 DTE
2025-11-03 10:18:33,054 - __main__ - WARNING - FF opportunity for LYFT 30/60 has no result: ff_result=None Near IV: 0.0% Next IV: 7195.2%
2025-11-03 10:18:33,055 - __main__ - INFO - Attempting 30/90 for LYFT: 32/74 DTE
2025-11-03 10:18:33,057 - __main__ - WARNING - FF opportunity for LYFT 30/90 has no result: ff_result=None Near IV: 0.0% Next IV: 0.0%
2025-11-03 10:18:33,057 - __main__ - INFO - Attempting 60/90 for LYFT: 46/74 DTE
2025-11-03 10:18:33,059 - __main__ - WARNING - FF opportunity for LYFT 60/90 has no result: ff_result=None Near IV: 7195.2% Next IV: 0.0%
2025-11-03 10:18:33,059 - __main__ - INFO - No opportunities found for LYFT. Available DTEs: [11, 18, 25, 32, 39, 46, 74, 137, 165, 227, 410, 438, 501, 774, 809]
2025-11-03 10:18:36,133 - options_scanner - INFO - Successfully retrieved option chain for RBLX
2025-11-03 10:18:36,200 - __main__ - INFO - Scanning RBLX: 14 valid chains
2025-11-03 10:18:36,201 - __main__ - INFO - Attempting 30/60 for RBLX: 32/46 DTE
2025-11-03 10:18:36,204 - __main__ - WARNING - FF opportunity for RBLX 30/60 has no result: ff_result=None Near IV: 0.0% Next IV: 0.0%
2025-11-03 10:18:36,205 - __main__ - INFO - Attempting 30/90 for RBLX: 32/74 DTE
2025-11-03 10:18:36,209 - __main__ - WARNING - FF opportunity for RBLX 30/90 has no result: ff_result=None Near IV: 0.0% Next IV: 5282.7%
2025-11-03 10:18:36,209 - __main__ - INFO - Attempting 60/90 for RBLX: 46/74 DTE
2025-11-03 10:18:36,213 - __main__ - WARNING - FF opportunity for RBLX 60/90 has no result: ff_result=None Near IV: 0.0% Next IV: 5282.7%
2025-11-03 10:18:36,214 - __main__ - INFO - No opportunities found for RBLX. Available DTEs: [11, 18, 25, 32, 39, 46, 74, 137, 165, 227, 319, 410, 438, 809]
2025-11-03 10:18:37,315 - options_scanner - INFO - Successfully retrieved option chain for U
2025-11-03 10:18:37,364 - __main__ - INFO - Scanning U: 15 valid chains
2025-11-03 10:18:37,365 - __main__ - INFO - Attempting 30/60 for U: 32/46 DTE
2025-11-03 10:18:37,368 - __main__ - WARNING - FF opportunity for U 30/60 has no result: ff_result=None Near IV: 0.0% Next IV: 8554.6%
2025-11-03 10:18:37,368 - __main__ - INFO - Attempting 30/90 for U: 32/74 DTE
2025-11-03 10:18:37,371 - __main__ - WARNING - FF opportunity for U 30/90 has no result: ff_result=None Near IV: 0.0% Next IV: 0.0%
2025-11-03 10:18:37,371 - __main__ - INFO - Attempting 60/90 for U: 46/74 DTE
2025-11-03 10:18:37,374 - __main__ - WARNING - FF opportunity for U 60/90 has no result: ff_result=None Near IV: 8554.6% Next IV: 0.0%
2025-11-03 10:18:37,375 - __main__ - INFO - No opportunities found for U. Available DTEs: [11, 18, 25, 32, 39, 46, 74, 109, 137, 165, 193, 227, 438, 774, 809]
2025-11-03 10:18:40,937 - options_scanner - INFO - Successfully retrieved option chain for PLTR
2025-11-03 10:18:41,027 - __main__ - INFO - Scanning PLTR: 20 valid chains
2025-11-03 10:18:41,027 - __main__ - INFO - Attempting 30/60 for PLTR: 32/46 DTE
2025-11-03 10:18:41,029 - __main__ - INFO - Found 30/60 opportunity for PLTR: FF=0.7% (DTE: 32/46) [Valid: True] Near IV: 6619.7% Next IV: 6576.0%
2025-11-03 10:18:41,029 - __main__ - INFO - Attempting 30/90 for PLTR: 32/74 DTE
2025-11-03 10:18:41,031 - __main__ - INFO - Found 30/90 opportunity for PLTR: FF=8.7% (DTE: 32/74) [Valid: True] Near IV: 6619.7% Next IV: 6087.4%
2025-11-03 10:18:41,031 - __main__ - INFO - Attempting 60/90 for PLTR: 46/74 DTE
2025-11-03 10:18:41,033 - __main__ - INFO - Found 60/90 opportunity for PLTR: FF=8.0% (DTE: 46/74) [Valid: True] Near IV: 6576.0% Next IV: 6087.4%
2025-11-03 10:18:45,628 - options_scanner - INFO - Successfully retrieved option chain for COIN
2025-11-03 10:18:45,763 - __main__ - INFO - Scanning COIN: 17 valid chains
2025-11-03 10:18:45,763 - __main__ - INFO - Attempting 30/60 for COIN: 32/46 DTE
2025-11-03 10:18:45,766 - __main__ - WARNING - FF opportunity for COIN 30/60 has no result: ff_result=None Near IV: 0.0% Next IV: 6797.6%
2025-11-03 10:18:45,766 - __main__ - INFO - Attempting 30/90 for COIN: 32/74 DTE
2025-11-03 10:18:45,768 - __main__ - WARNING - FF opportunity for COIN 30/90 has no result: ff_result=None Near IV: 0.0% Next IV: 6897.6%
2025-11-03 10:18:45,769 - __main__ - INFO - Attempting 60/90 for COIN: 46/74 DTE
2025-11-03 10:18:45,771 - __main__ - INFO - Found 60/90 opportunity for COIN: FF=-1.5% (DTE: 46/74) [Valid: True] Near IV: 6797.6% Next IV: 6897.6%
2025-11-03 10:18:46,626 - options_scanner - INFO - Successfully retrieved option chain for MRNA
2025-11-03 10:18:46,688 - __main__ - INFO - Scanning MRNA: 14 valid chains
2025-11-03 10:18:46,688 - __main__ - INFO - Attempting 30/60 for MRNA: 32/46 DTE
2025-11-03 10:18:46,689 - __main__ - WARNING - FF opportunity for MRNA 30/60 has no result: ff_result=None Near IV: 0.0% Next IV: 0.0%
2025-11-03 10:18:46,690 - __main__ - INFO - Attempting 30/90 for MRNA: 32/74 DTE
2025-11-03 10:18:46,692 - __main__ - WARNING - FF opportunity for MRNA 30/90 has no result: ff_result=None Near IV: 0.0% Next IV: 0.0%
2025-11-03 10:18:46,693 - __main__ - INFO - Attempting 60/90 for MRNA: 46/74 DTE
2025-11-03 10:18:46,695 - __main__ - WARNING - FF opportunity for MRNA 60/90 has no result: ff_result=None Near IV: 0.0% Next IV: 0.0%
2025-11-03 10:18:46,695 - __main__ - INFO - No opportunities found for MRNA. Available DTEs: [11, 18, 25, 32, 39, 46, 74, 137, 165, 227, 319, 410, 438, 809]
2025-11-03 10:18:48,110 - options_scanner - INFO - Successfully retrieved option chain for REGN
2025-11-03 10:18:48,221 - __main__ - INFO - Scanning REGN: 15 valid chains
2025-11-03 10:18:48,221 - __main__ - INFO - Attempting 30/60 for REGN: 32/46 DTE
2025-11-03 10:18:48,226 - __main__ - WARNING - FF opportunity for REGN 30/60 has no result: ff_result=None Near IV: 0.0% Next IV: 0.0%
2025-11-03 10:18:48,227 - __main__ - INFO - Attempting 30/90 for REGN: 32/74 DTE
2025-11-03 10:18:48,231 - __main__ - WARNING - FF opportunity for REGN 30/90 has no result: ff_result=None Near IV: 0.0% Next IV: 0.0%
2025-11-03 10:18:48,232 - __main__ - INFO - Attempting 60/90 for REGN: 46/74 DTE
2025-11-03 10:18:48,237 - __main__ - WARNING - FF opportunity for REGN 60/90 has no result: ff_result=None Near IV: 0.0% Next IV: 0.0%
2025-11-03 10:18:48,237 - __main__ - INFO - No opportunities found for REGN. Available DTEs: [11, 18, 25, 32, 39, 46, 74, 109, 137, 193, 227, 319, 410, 438, 809]
2025-11-03 10:18:49,107 - options_scanner - INFO - Successfully retrieved option chain for BIIB
2025-11-03 10:18:49,162 - __main__ - INFO - Scanning BIIB: 14 valid chains
2025-11-03 10:18:49,163 - __main__ - INFO - Attempting 30/60 for BIIB: 32/46 DTE
2025-11-03 10:18:49,165 - __main__ - WARNING - FF opportunity for BIIB 30/60 has no result: ff_result=None Near IV: 0.0% Next IV: 0.0%
2025-11-03 10:18:49,166 - __main__ - INFO - Attempting 30/90 for BIIB: 32/74 DTE
2025-11-03 10:18:49,167 - __main__ - WARNING - FF opportunity for BIIB 30/90 has no result: ff_result=None Near IV: 0.0% Next IV: 0.0%
2025-11-03 10:18:49,167 - __main__ - INFO - Attempting 60/90 for BIIB: 46/74 DTE
2025-11-03 10:18:49,169 - __main__ - WARNING - FF opportunity for BIIB 60/90 has no result: ff_result=None Near IV: 0.0% Next IV: 0.0%
2025-11-03 10:18:49,169 - __main__ - INFO - No opportunities found for BIIB. Available DTEs: [11, 18, 25, 32, 39, 46, 74, 137, 165, 227, 319, 410, 438, 809]
2025-11-03 10:18:49,917 - options_scanner - INFO - Successfully retrieved option chain for ILMN
2025-11-03 10:18:49,935 - __main__ - INFO - Scanning ILMN: 8 valid chains
2025-11-03 10:18:49,935 - __main__ - INFO - Attempting 30/60 for ILMN: 18/46 DTE
2025-11-03 10:18:49,937 - __main__ - WARNING - FF opportunity for ILMN 30/60 has no result: ff_result=None Near IV: 0.0% Next IV: 0.0%
2025-11-03 10:18:49,937 - __main__ - INFO - Attempting 30/90 for ILMN: 18/74 DTE
2025-11-03 10:18:49,938 - __main__ - WARNING - FF opportunity for ILMN 30/90 has no result: ff_result=None Near IV: 0.0% Next IV: 5180.6%
2025-11-03 10:18:49,938 - __main__ - INFO - Attempting 60/90 for ILMN: 46/74 DTE
2025-11-03 10:18:49,939 - __main__ - WARNING - FF opportunity for ILMN 60/90 has no result: ff_result=None Near IV: 0.0% Next IV: 5180.6%
2025-11-03 10:18:49,939 - __main__ - INFO - No opportunities found for ILMN. Available DTEs: [18, 46, 74, 109, 137, 227, 438, 809]
2025-11-03 10:18:50,970 - options_scanner - INFO - Successfully retrieved option chain for VRTX
2025-11-03 10:18:51,042 - __main__ - INFO - Scanning VRTX: 15 valid chains
2025-11-03 10:18:51,043 - __main__ - INFO - Attempting 30/60 for VRTX: 32/46 DTE
2025-11-03 10:18:51,045 - __main__ - WARNING - FF opportunity for VRTX 30/60 has no result: ff_result=None Near IV: 0.0% Next IV: 0.0%
2025-11-03 10:18:51,046 - __main__ - INFO - Attempting 30/90 for VRTX: 32/74 DTE
2025-11-03 10:18:51,050 - __main__ - WARNING - FF opportunity for VRTX 30/90 has no result: ff_result=None Near IV: 0.0% Next IV: 0.0%
2025-11-03 10:18:51,050 - __main__ - INFO - Attempting 60/90 for VRTX: 46/74 DTE
2025-11-03 10:18:51,053 - __main__ - WARNING - FF opportunity for VRTX 60/90 has no result: ff_result=None Near IV: 0.0% Next IV: 0.0%
2025-11-03 10:18:51,053 - __main__ - INFO - No opportunities found for VRTX. Available DTEs: [11, 18, 25, 32, 39, 46, 74, 137, 165, 227, 319, 410, 438, 591, 809]
2025-11-03 10:18:52,556 - options_scanner - INFO - Successfully retrieved option chain for ALNY
2025-11-03 10:18:52,581 - __main__ - INFO - Scanning ALNY: 7 valid chains
2025-11-03 10:18:52,581 - __main__ - INFO - Attempting 30/60 for ALNY: 18/46 DTE
2025-11-03 10:18:52,583 - __main__ - WARNING - FF opportunity for ALNY 30/60 has no result: ff_result=None Near IV: 0.0% Next IV: 0.0%
2025-11-03 10:18:52,583 - __main__ - INFO - Attempting 30/90 for ALNY: 18/74 DTE
2025-11-03 10:18:52,584 - __main__ - WARNING - FF opportunity for ALNY 30/90 has no result: ff_result=None Near IV: 0.0% Next IV: 0.0%
2025-11-03 10:18:52,585 - __main__ - INFO - Attempting 60/90 for ALNY: 46/74 DTE
2025-11-03 10:18:52,587 - __main__ - WARNING - FF opportunity for ALNY 60/90 has no result: ff_result=None Near IV: 0.0% Next IV: 0.0%
2025-11-03 10:18:52,588 - __main__ - INFO - No opportunities found for ALNY. Available DTEs: [18, 46, 74, 137, 227, 256, 438]
2025-11-03 10:18:53,263 - options_scanner - INFO - Successfully retrieved option chain for BMRN
2025-11-03 10:18:53,272 - __main__ - INFO - Scanning BMRN: 7 valid chains
2025-11-03 10:18:53,273 - __main__ - INFO - Attempting 30/60 for BMRN: 18/46 DTE
2025-11-03 10:18:53,273 - __main__ - WARNING - FF opportunity for BMRN 30/60 has no result: ff_result=None Near IV: 0.0% Next IV: 0.0%
2025-11-03 10:18:53,273 - __main__ - INFO - Attempting 30/90 for BMRN: 18/74 DTE
2025-11-03 10:18:53,274 - __main__ - WARNING - FF opportunity for BMRN 30/90 has no result: ff_result=None Near IV: 0.0% Next IV: 0.0%
2025-11-03 10:18:53,274 - __main__ - INFO - Attempting 60/90 for BMRN: 46/74 DTE
2025-11-03 10:18:53,275 - __main__ - WARNING - FF opportunity for BMRN 60/90 has no result: ff_result=None Near IV: 0.0% Next IV: 0.0%
2025-11-03 10:18:53,275 - __main__ - INFO - No opportunities found for BMRN. Available DTEs: [18, 46, 74, 165, 193, 256, 438]
2025-11-03 10:18:53,837 - options_scanner - ERROR - Failed to retrieve option chain for SGEN. Status: 400, Response: {"errors":[{"id":"b1a781ce-d5df-4407-9fe8-6896927d2937","status":"400","title":"Bad Request","detail":"Check Param Values","source":{"parameter":"Invalid Paramter/Value"}}]}
2025-11-03 10:18:53,839 - __main__ - WARNING - No option chain data for SGEN
2025-11-03 10:18:54,514 - options_scanner - INFO - Successfully retrieved option chain for TECH
2025-11-03 10:18:54,521 - __main__ - INFO - Scanning TECH: 5 valid chains
2025-11-03 10:18:54,521 - __main__ - INFO - Attempting 30/60 for TECH: 18/46 DTE
2025-11-03 10:18:54,521 - __main__ - WARNING - FF opportunity for TECH 30/60 has no result: ff_result=None Near IV: 0.0% Next IV: 0.0%
2025-11-03 10:18:54,521 - __main__ - INFO - Attempting 30/90 for TECH: 18/74 DTE
2025-11-03 10:18:54,522 - __main__ - WARNING - FF opportunity for TECH 30/90 has no result: ff_result=None Near IV: 0.0% Next IV: 0.0%
2025-11-03 10:18:54,522 - __main__ - INFO - Attempting 60/90 for TECH: 46/74 DTE
2025-11-03 10:18:54,523 - __main__ - WARNING - FF opportunity for TECH 60/90 has no result: ff_result=None Near IV: 0.0% Next IV: 0.0%
2025-11-03 10:18:54,523 - __main__ - INFO - No opportunities found for TECH. Available DTEs: [18, 46, 74, 165, 347]
2025-11-03 10:18:55,918 - options_scanner - INFO - Successfully retrieved option chain for EXAS
2025-11-03 10:18:55,945 - __main__ - INFO - Scanning EXAS: 10 valid chains
2025-11-03 10:18:55,946 - __main__ - INFO - Attempting 30/60 for EXAS: 25/46 DTE
2025-11-03 10:18:55,948 - __main__ - WARNING - FF opportunity for EXAS 30/60 has no result: ff_result=None Near IV: 0.0% Next IV: 0.0%
2025-11-03 10:18:55,949 - __main__ - INFO - Attempting 30/90 for EXAS: 25/74 DTE
2025-11-03 10:18:55,950 - __main__ - WARNING - FF opportunity for EXAS 30/90 has no result: ff_result=None Near IV: 0.0% Next IV: 0.0%
2025-11-03 10:18:55,951 - __main__ - INFO - Attempting 60/90 for EXAS: 46/74 DTE
2025-11-03 10:18:55,953 - __main__ - WARNING - FF opportunity for EXAS 60/90 has no result: ff_result=None Near IV: 0.0% Next IV: 0.0%
2025-11-03 10:18:55,953 - __main__ - INFO - No opportunities found for EXAS. Available DTEs: [11, 18, 25, 46, 74, 165, 256, 347, 438, 809]
2025-11-03 10:18:56,666 - options_scanner - INFO - Successfully retrieved option chain for TDOC
2025-11-03 10:18:56,676 - __main__ - INFO - Scanning TDOC: 11 valid chains
2025-11-03 10:18:56,677 - __main__ - INFO - Attempting 30/60 for TDOC: 32/46 DTE
2025-11-03 10:18:56,678 - __main__ - WARNING - FF opportunity for TDOC 30/60 has no result: ff_result=None Near IV: 0.0% Next IV: 0.0%
2025-11-03 10:18:56,678 - __main__ - INFO - Attempting 30/90 for TDOC: 32/74 DTE
2025-11-03 10:18:56,678 - __main__ - WARNING - FF opportunity for TDOC 30/90 has no result: ff_result=None Near IV: 0.0% Next IV: 0.0%
2025-11-03 10:18:56,679 - __main__ - INFO - Attempting 60/90 for TDOC: 46/74 DTE
2025-11-03 10:18:56,680 - __main__ - WARNING - FF opportunity for TDOC 60/90 has no result: ff_result=None Near IV: 0.0% Next IV: 0.0%
2025-11-03 10:18:56,680 - __main__ - INFO - No opportunities found for TDOC. Available DTEs: [11, 18, 25, 32, 39, 46, 74, 165, 438, 774, 809]
2025-11-03 10:18:58,160 - options_scanner - INFO - Successfully retrieved option chain for VEEV
2025-11-03 10:18:58,180 - __main__ - INFO - Scanning VEEV: 9 valid chains
2025-11-03 10:18:58,180 - __main__ - INFO - Attempting 30/60 for VEEV: 18/46 DTE
2025-11-03 10:18:58,181 - __main__ - WARNING - FF opportunity for VEEV 30/60 has no result: ff_result=None Near IV: 0.0% Next IV: 0.0%
2025-11-03 10:18:58,181 - __main__ - INFO - Attempting 30/90 for VEEV: 18/74 DTE
2025-11-03 10:18:58,182 - __main__ - WARNING - FF opportunity for VEEV 30/90 has no result: ff_result=None Near IV: 0.0% Next IV: 0.0%
2025-11-03 10:18:58,183 - __main__ - INFO - Attempting 60/90 for VEEV: 46/74 DTE
2025-11-03 10:18:58,185 - __main__ - WARNING - FF opportunity for VEEV 60/90 has no result: ff_result=None Near IV: 0.0% Next IV: 0.0%
2025-11-03 10:18:58,185 - __main__ - INFO - No opportunities found for VEEV. Available DTEs: [18, 46, 74, 137, 227, 319, 410, 438, 809]
2025-11-03 10:18:58,853 - options_scanner - INFO - Successfully retrieved option chain for ZBH
2025-11-03 10:18:58,864 - __main__ - INFO - Scanning ZBH: 8 valid chains
2025-11-03 10:18:58,864 - __main__ - INFO - Attempting 30/60 for ZBH: 18/46 DTE
2025-11-03 10:18:58,865 - __main__ - WARNING - FF opportunity for ZBH 30/60 has no result: ff_result=None Near IV: 0.0% Next IV: 0.0%
2025-11-03 10:18:58,866 - __main__ - INFO - Attempting 30/90 for ZBH: 18/74 DTE
2025-11-03 10:18:58,866 - __main__ - WARNING - FF opportunity for ZBH 30/90 has no result: ff_result=None Near IV: 0.0% Next IV: 0.0%
2025-11-03 10:18:58,867 - __main__ - INFO - Attempting 60/90 for ZBH: 46/74 DTE
2025-11-03 10:18:58,868 - __main__ - WARNING - FF opportunity for ZBH 60/90 has no result: ff_result=None Near IV: 0.0% Next IV: 0.0%
2025-11-03 10:18:58,868 - __main__ - INFO - No opportunities found for ZBH. Available DTEs: [18, 46, 74, 137, 227, 319, 410, 438]
2025-11-03 10:19:01,361 - options_scanner - INFO - Successfully retrieved option chain for ALGN
2025-11-03 10:19:01,418 - __main__ - INFO - Scanning ALGN: 14 valid chains
2025-11-03 10:19:01,419 - __main__ - INFO - Attempting 30/60 for ALGN: 32/46 DTE
2025-11-03 10:19:01,420 - __main__ - WARNING - FF opportunity for ALGN 30/60 has no result: ff_result=None Near IV: 0.0% Next IV: 0.0%
2025-11-03 10:19:01,421 - __main__ - INFO - Attempting 30/90 for ALGN: 32/74 DTE
2025-11-03 10:19:01,422 - __main__ - WARNING - FF opportunity for ALGN 30/90 has no result: ff_result=None Near IV: 0.0% Next IV: 0.0%
2025-11-03 10:19:01,422 - __main__ - INFO - Attempting 60/90 for ALGN: 46/74 DTE
2025-11-03 10:19:01,424 - __main__ - WARNING - FF opportunity for ALGN 60/90 has no result: ff_result=None Near IV: 0.0% Next IV: 0.0%
2025-11-03 10:19:01,425 - __main__ - INFO - No opportunities found for ALGN. Available DTEs: [11, 18, 25, 32, 39, 46, 74, 137, 165, 227, 319, 410, 438, 809]
2025-11-03 10:19:02,307 - options_scanner - INFO - Successfully retrieved option chain for DXCM
2025-11-03 10:19:02,347 - __main__ - INFO - Scanning DXCM: 13 valid chains
2025-11-03 10:19:02,348 - __main__ - INFO - Attempting 30/60 for DXCM: 32/46 DTE
2025-11-03 10:19:02,350 - __main__ - WARNING - FF opportunity for DXCM 30/60 has no result: ff_result=None Near IV: 0.0% Next IV: 4128.8%
2025-11-03 10:19:02,350 - __main__ - INFO - Attempting 30/90 for DXCM: 32/74 DTE
2025-11-03 10:19:02,353 - __main__ - WARNING - FF opportunity for DXCM 30/90 has no result: ff_result=None Near IV: 0.0% Next IV: 0.0%
2025-11-03 10:19:02,353 - __main__ - INFO - Attempting 60/90 for DXCM: 46/74 DTE
2025-11-03 10:19:02,355 - __main__ - WARNING - FF opportunity for DXCM 60/90 has no result: ff_result=None Near IV: 4128.8% Next IV: 0.0%
2025-11-03 10:19:02,356 - __main__ - INFO - No opportunities found for DXCM. Available DTEs: [11, 18, 25, 32, 39, 46, 74, 137, 227, 319, 410, 438, 809]
2025-11-03 10:19:03,580 - options_scanner - INFO - Successfully retrieved option chain for ISRG
2025-11-03 10:19:03,667 - __main__ - INFO - Scanning ISRG: 15 valid chains
2025-11-03 10:19:03,667 - __main__ - INFO - Attempting 30/60 for ISRG: 32/46 DTE
2025-11-03 10:19:03,672 - __main__ - WARNING - FF opportunity for ISRG 30/60 has no result: ff_result=None Near IV: 0.0% Next IV: 0.0%
2025-11-03 10:19:03,672 - __main__ - INFO - Attempting 30/90 for ISRG: 32/74 DTE
2025-11-03 10:19:03,678 - __main__ - WARNING - FF opportunity for ISRG 30/90 has no result: ff_result=None Near IV: 0.0% Next IV: 0.0%
2025-11-03 10:19:03,679 - __main__ - INFO - Attempting 60/90 for ISRG: 46/74 DTE
2025-11-03 10:19:03,685 - __main__ - WARNING - FF opportunity for ISRG 60/90 has no result: ff_result=None Near IV: 0.0% Next IV: 0.0%
2025-11-03 10:19:03,685 - __main__ - INFO - No opportunities found for ISRG. Available DTEs: [11, 18, 25, 32, 39, 46, 74, 109, 137, 165, 227, 319, 410, 438, 809]
2025-11-03 10:19:04,321 - options_scanner - INFO - Successfully retrieved option chain for HOLX
2025-11-03 10:19:04,330 - __main__ - INFO - Scanning HOLX: 5 valid chains
2025-11-03 10:19:04,330 - __main__ - INFO - Attempting 30/60 for HOLX: 18/46 DTE
2025-11-03 10:19:04,331 - __main__ - WARNING - FF opportunity for HOLX 30/60 has no result: ff_result=None Near IV: 0.0% Next IV: 0.0%
2025-11-03 10:19:04,332 - __main__ - INFO - No opportunities found for HOLX. Available DTEs: [18, 46, 137, 227, 410]
2025-11-03 10:19:05,124 - options_scanner - INFO - Successfully retrieved option chain for IDXX
2025-11-03 10:19:05,135 - __main__ - INFO - Scanning IDXX: 4 valid chains
2025-11-03 10:19:05,136 - __main__ - INFO - Attempting 30/60 for IDXX: 18/46 DTE
2025-11-03 10:19:05,137 - __main__ - WARNING - FF opportunity for IDXX 30/60 has no result: ff_result=None Near IV: 0.0% Next IV: 0.0%
2025-11-03 10:19:05,137 - __main__ - INFO - Attempting 30/90 for IDXX: 18/74 DTE
2025-11-03 10:19:05,138 - __main__ - WARNING - FF opportunity for IDXX 30/90 has no result: ff_result=None Near IV: 0.0% Next IV: 0.0%
2025-11-03 10:19:05,139 - __main__ - INFO - Attempting 60/90 for IDXX: 46/74 DTE
2025-11-03 10:19:05,144 - __main__ - WARNING - FF opportunity for IDXX 60/90 has no result: ff_result=None Near IV: 0.0% Next IV: 0.0%
2025-11-03 10:19:05,144 - __main__ - INFO - No opportunities found for IDXX. Available DTEs: [18, 46, 74, 165]
2025-11-03 10:19:05,842 - options_scanner - INFO - Successfully retrieved option chain for IQV
2025-11-03 10:19:05,855 - __main__ - INFO - Scanning IQV: 6 valid chains
2025-11-03 10:19:05,855 - __main__ - INFO - Attempting 30/60 for IQV: 18/46 DTE
2025-11-03 10:19:05,856 - __main__ - WARNING - FF opportunity for IQV 30/60 has no result: ff_result=None Near IV: 0.0% Next IV: 0.0%
2025-11-03 10:19:05,857 - __main__ - INFO - Attempting 30/90 for IQV: 18/109 DTE
2025-11-03 10:19:05,858 - __main__ - WARNING - FF opportunity for IQV 30/90 has no result: ff_result=None Near IV: 0.0% Next IV: 0.0%
2025-11-03 10:19:05,858 - __main__ - INFO - Attempting 60/90 for IQV: 46/109 DTE
2025-11-03 10:19:05,861 - __main__ - WARNING - FF opportunity for IQV 60/90 has no result: ff_result=None Near IV: 0.0% Next IV: 0.0%
2025-11-03 10:19:05,862 - __main__ - INFO - No opportunities found for IQV. Available DTEs: [18, 46, 109, 193, 438, 809]
2025-11-03 10:19:06,735 - options_scanner - INFO - Successfully retrieved option chain for MTD
2025-11-03 10:19:06,775 - __main__ - INFO - Scanning MTD: 7 valid chains
2025-11-03 10:19:06,775 - __main__ - INFO - Attempting 30/60 for MTD: 18/46 DTE
2025-11-03 10:19:06,778 - __main__ - WARNING - FF opportunity for MTD 30/60 has no result: ff_result=None Near IV: 0.0% Next IV: 0.0%
2025-11-03 10:19:06,779 - __main__ - INFO - Attempting 30/90 for MTD: 18/74 DTE
2025-11-03 10:19:06,782 - __main__ - WARNING - FF opportunity for MTD 30/90 has no result: ff_result=None Near IV: 0.0% Next IV: 0.0%
2025-11-03 10:19:06,782 - __main__ - INFO - Attempting 60/90 for MTD: 46/74 DTE
2025-11-03 10:19:06,787 - __main__ - WARNING - FF opportunity for MTD 60/90 has no result: ff_result=None Near IV: 0.0% Next IV: 0.0%
2025-11-03 10:19:06,787 - __main__ - INFO - No opportunities found for MTD. Available DTEs: [18, 46, 74, 165, 256, 347, 382]
2025-11-03 10:19:08,573 - options_scanner - INFO - Successfully retrieved option chain for SCHW
2025-11-03 10:19:08,602 - __main__ - INFO - Scanning SCHW: 14 valid chains
2025-11-03 10:19:08,602 - __main__ - INFO - Attempting 30/60 for SCHW: 32/46 DTE
2025-11-03 10:19:08,605 - __main__ - WARNING - FF opportunity for SCHW 30/60 has no result: ff_result=None Near IV: 0.0% Next IV: 0.0%
2025-11-03 10:19:08,605 - __main__ - INFO - Attempting 30/90 for SCHW: 32/74 DTE
2025-11-03 10:19:08,607 - __main__ - WARNING - FF opportunity for SCHW 30/90 has no result: ff_result=None Near IV: 0.0% Next IV: 0.0%
2025-11-03 10:19:08,607 - __main__ - INFO - Attempting 60/90 for SCHW: 46/74 DTE
2025-11-03 10:19:08,609 - __main__ - WARNING - FF opportunity for SCHW 60/90 has no result: ff_result=None Near IV: 0.0% Next IV: 0.0%
2025-11-03 10:19:08,610 - __main__ - INFO - No opportunities found for SCHW. Available DTEs: [11, 18, 25, 32, 39, 46, 74, 137, 227, 319, 410, 438, 591, 809]
2025-11-03 10:19:09,468 - options_scanner - INFO - Successfully retrieved option chain for MS
2025-11-03 10:19:09,524 - __main__ - INFO - Scanning MS: 17 valid chains
2025-11-03 10:19:09,524 - __main__ - INFO - Attempting 30/60 for MS: 32/46 DTE
2025-11-03 10:19:09,526 - __main__ - WARNING - FF opportunity for MS 30/60 has no result: ff_result=None Near IV: 0.0% Next IV: 2755.9%
2025-11-03 10:19:09,527 - __main__ - INFO - Attempting 30/90 for MS: 32/74 DTE
2025-11-03 10:19:09,528 - __main__ - WARNING - FF opportunity for MS 30/90 has no result: ff_result=None Near IV: 0.0% Next IV: 0.0%
2025-11-03 10:19:09,528 - __main__ - INFO - Attempting 60/90 for MS: 46/74 DTE
2025-11-03 10:19:09,530 - __main__ - WARNING - FF opportunity for MS 60/90 has no result: ff_result=None Near IV: 2755.9% Next IV: 0.0%
2025-11-03 10:19:09,530 - __main__ - INFO - No opportunities found for MS. Available DTEs: [11, 18, 25, 32, 39, 46, 74, 109, 137, 165, 193, 227, 319, 410, 438, 774, 809]
2025-11-03 10:19:10,841 - options_scanner - INFO - Successfully retrieved option chain for BLK
2025-11-03 10:19:10,963 - __main__ - INFO - Scanning BLK: 14 valid chains
2025-11-03 10:19:10,963 - __main__ - INFO - Attempting 30/60 for BLK: 32/46 DTE
2025-11-03 10:19:10,965 - __main__ - WARNING - FF opportunity for BLK 30/60 has no result: ff_result=None Near IV: 0.0% Next IV: 0.0%
2025-11-03 10:19:10,965 - __main__ - INFO - Attempting 30/90 for BLK: 32/74 DTE
2025-11-03 10:19:10,968 - __main__ - WARNING - FF opportunity for BLK 30/90 has no result: ff_result=None Near IV: 0.0% Next IV: 0.0%
2025-11-03 10:19:10,968 - __main__ - INFO - Attempting 60/90 for BLK: 46/74 DTE
2025-11-03 10:19:10,971 - __main__ - WARNING - FF opportunity for BLK 60/90 has no result: ff_result=None Near IV: 0.0% Next IV: 0.0%
2025-11-03 10:19:10,971 - __main__ - INFO - No opportunities found for BLK. Available DTEs: [11, 18, 25, 32, 39, 46, 74, 137, 165, 227, 319, 410, 438, 809]
2025-11-03 10:19:11,814 - options_scanner - INFO - Successfully retrieved option chain for CB
2025-11-03 10:19:11,851 - __main__ - INFO - Scanning CB: 11 valid chains
2025-11-03 10:19:11,851 - __main__ - INFO - Attempting 30/60 for CB: 18/46 DTE
2025-11-03 10:19:11,853 - __main__ - WARNING - FF opportunity for CB 30/60 has no result: ff_result=None Near IV: 0.0% Next IV: 0.0%
2025-11-03 10:19:11,853 - __main__ - INFO - Attempting 30/90 for CB: 18/74 DTE
2025-11-03 10:19:11,855 - __main__ - WARNING - FF opportunity for CB 30/90 has no result: ff_result=None Near IV: 0.0% Next IV: 0.0%
2025-11-03 10:19:11,855 - __main__ - INFO - Attempting 60/90 for CB: 46/74 DTE
2025-11-03 10:19:11,859 - __main__ - WARNING - FF opportunity for CB 60/90 has no result: ff_result=None Near IV: 0.0% Next IV: 0.0%
2025-11-03 10:19:11,859 - __main__ - INFO - No opportunities found for CB. Available DTEs: [18, 46, 74, 109, 137, 193, 227, 319, 410, 438, 809]
2025-11-03 10:19:13,715 - options_scanner - INFO - Successfully retrieved option chain for AIG
2025-11-03 10:19:13,738 - __main__ - INFO - Scanning AIG: 15 valid chains
2025-11-03 10:19:13,739 - __main__ - INFO - Attempting 30/60 for AIG: 32/46 DTE
2025-11-03 10:19:13,741 - __main__ - WARNING - FF opportunity for AIG 30/60 has no result: ff_result=None Near IV: 0.0% Next IV: 0.0%
2025-11-03 10:19:13,741 - __main__ - INFO - Attempting 30/90 for AIG: 32/74 DTE
2025-11-03 10:19:13,743 - __main__ - WARNING - FF opportunity for AIG 30/90 has no result: ff_result=None Near IV: 0.0% Next IV: 0.0%
2025-11-03 10:19:13,744 - __main__ - INFO - Attempting 60/90 for AIG: 46/74 DTE
2025-11-03 10:19:13,745 - __main__ - WARNING - FF opportunity for AIG 60/90 has no result: ff_result=None Near IV: 0.0% Next IV: 0.0%
2025-11-03 10:19:13,745 - __main__ - INFO - No opportunities found for AIG. Available DTEs: [11, 18, 25, 32, 39, 46, 74, 109, 137, 193, 227, 319, 410, 438, 809]
2025-11-03 10:19:14,391 - options_scanner - INFO - Successfully retrieved option chain for TFC
2025-11-03 10:19:14,410 - __main__ - INFO - Scanning TFC: 12 valid chains
2025-11-03 10:19:14,410 - __main__ - INFO - Attempting 30/60 for TFC: 18/46 DTE
2025-11-03 10:19:14,411 - __main__ - WARNING - FF opportunity for TFC 30/60 has no result: ff_result=None Near IV: 0.0% Next IV: 0.0%
2025-11-03 10:19:14,411 - __main__ - INFO - Attempting 30/90 for TFC: 18/74 DTE
2025-11-03 10:19:14,412 - __main__ - WARNING - FF opportunity for TFC 30/90 has no result: ff_result=None Near IV: 0.0% Next IV: 0.0%
2025-11-03 10:19:14,412 - __main__ - INFO - Attempting 60/90 for TFC: 46/74 DTE
2025-11-03 10:19:14,413 - __main__ - WARNING - FF opportunity for TFC 60/90 has no result: ff_result=None Near IV: 0.0% Next IV: 0.0%
2025-11-03 10:19:14,413 - __main__ - INFO - No opportunities found for TFC. Available DTEs: [18, 46, 74, 109, 137, 165, 193, 227, 319, 410, 438, 809]
2025-11-03 10:19:15,775 - options_scanner - INFO - Successfully retrieved option chain for USB
2025-11-03 10:19:15,793 - __main__ - INFO - Scanning USB: 13 valid chains
2025-11-03 10:19:15,794 - __main__ - INFO - Attempting 30/60 for USB: 32/46 DTE
2025-11-03 10:19:15,795 - __main__ - WARNING - FF opportunity for USB 30/60 has no result: ff_result=None Near IV: 0.0% Next IV: 0.0%
2025-11-03 10:19:15,795 - __main__ - INFO - Attempting 30/90 for USB: 32/74 DTE
2025-11-03 10:19:15,796 - __main__ - WARNING - FF opportunity for USB 30/90 has no result: ff_result=None Near IV: 0.0% Next IV: 0.0%
2025-11-03 10:19:15,797 - __main__ - INFO - Attempting 60/90 for USB: 46/74 DTE
2025-11-03 10:19:15,798 - __main__ - WARNING - FF opportunity for USB 60/90 has no result: ff_result=None Near IV: 0.0% Next IV: 0.0%
2025-11-03 10:19:15,799 - __main__ - INFO - No opportunities found for USB. Available DTEs: [11, 18, 25, 32, 39, 46, 74, 137, 227, 319, 410, 438, 809]
2025-11-03 10:19:16,679 - options_scanner - INFO - Successfully retrieved option chain for PNC
2025-11-03 10:19:16,704 - __main__ - INFO - Scanning PNC: 15 valid chains
2025-11-03 10:19:16,705 - __main__ - INFO - Attempting 30/60 for PNC: 32/46 DTE
2025-11-03 10:19:16,705 - __main__ - WARNING - FF opportunity for PNC 30/60 has no result: ff_result=None Near IV: 0.0% Next IV: 0.0%
2025-11-03 10:19:16,706 - __main__ - INFO - Attempting 30/90 for PNC: 32/74 DTE
2025-11-03 10:19:16,706 - __main__ - WARNING - FF opportunity for PNC 30/90 has no result: ff_result=None Near IV: 0.0% Next IV: 0.0%
2025-11-03 10:19:16,707 - __main__ - INFO - Attempting 60/90 for PNC: 46/74 DTE
2025-11-03 10:19:16,708 - __main__ - WARNING - FF opportunity for PNC 60/90 has no result: ff_result=None Near IV: 0.0% Next IV: 0.0%
2025-11-03 10:19:16,708 - __main__ - INFO - No opportunities found for PNC. Available DTEs: [11, 18, 25, 32, 39, 46, 74, 109, 137, 193, 227, 319, 410, 438, 809]
2025-11-03 10:19:17,642 - options_scanner - INFO - Successfully retrieved option chain for COF
2025-11-03 10:19:17,689 - __main__ - INFO - Scanning COF: 14 valid chains
2025-11-03 10:19:17,690 - __main__ - INFO - Attempting 30/60 for COF: 32/46 DTE
2025-11-03 10:19:17,692 - __main__ - WARNING - FF opportunity for COF 30/60 has no result: ff_result=None Near IV: 0.0% Next IV: 0.0%
2025-11-03 10:19:17,693 - __main__ - INFO - Attempting 30/90 for COF: 32/74 DTE
2025-11-03 10:19:17,695 - __main__ - WARNING - FF opportunity for COF 30/90 has no result: ff_result=None Near IV: 0.0% Next IV: 0.0%
2025-11-03 10:19:17,695 - __main__ - INFO - Attempting 60/90 for COF: 46/74 DTE
2025-11-03 10:19:17,698 - __main__ - WARNING - FF opportunity for COF 60/90 has no result: ff_result=None Near IV: 0.0% Next IV: 0.0%
2025-11-03 10:19:17,698 - __main__ - INFO - No opportunities found for COF. Available DTEs: [11, 18, 25, 32, 39, 46, 74, 109, 137, 227, 319, 410, 438, 809]
2025-11-03 10:19:18,381 - options_scanner - INFO - Successfully retrieved option chain for FITB
2025-11-03 10:19:18,405 - __main__ - INFO - Scanning FITB: 11 valid chains
2025-11-03 10:19:18,405 - __main__ - INFO - Attempting 30/60 for FITB: 18/46 DTE
2025-11-03 10:19:18,407 - __main__ - WARNING - FF opportunity for FITB 30/60 has no result: ff_result=None Near IV: 0.0% Next IV: 0.0%
2025-11-03 10:19:18,407 - __main__ - INFO - Attempting 30/90 for FITB: 18/74 DTE
2025-11-03 10:19:18,409 - __main__ - WARNING - FF opportunity for FITB 30/90 has no result: ff_result=None Near IV: 0.0% Next IV: 0.0%
2025-11-03 10:19:18,409 - __main__ - INFO - Attempting 60/90 for FITB: 46/74 DTE
2025-11-03 10:19:18,411 - __main__ - WARNING - FF opportunity for FITB 60/90 has no result: ff_result=None Near IV: 0.0% Next IV: 0.0%
2025-11-03 10:19:18,411 - __main__ - INFO - No opportunities found for FITB. Available DTEs: [18, 46, 74, 109, 137, 193, 227, 319, 410, 438, 809]
2025-11-03 10:19:18,411 - __main__ - INFO - ============================================================
2025-11-03 10:19:18,412 - __main__ - INFO - Forward Factor Strategy Scan Complete
2025-11-03 10:19:18,412 - __main__ - INFO - ============================================================
2025-11-03 10:19:18,412 - __main__ - INFO - Scan duration: 61.8 seconds
2025-11-03 10:19:18,413 - __main__ - INFO - Tickers scanned: 50
2025-11-03 10:19:18,413 - __main__ - INFO - Opportunities found: 4
2025-11-03 10:19:18,415 - __main__ - INFO - Detailed results saved to: results\ff_opportunities_20251103_101918.json
2025-11-03 10:19:18,416 - __main__ - INFO - CSV summary saved to: results\ff_opportunities_20251103_101918.csv
