2025-11-03 09:51:20,820 - schwab_orders - INFO - Loaded credentials from local global_.py
2025-11-03 09:51:20,820 - schwab_orders - INFO - Loaded existing tokens from C:\SchwabAccountConfig\DirectAPIUsage\token.json
2025-11-03 09:51:20,821 - __main__ - INFO - ============================================================
2025-11-03 09:51:20,821 - __main__ - INFO - Starting Forward Factor Strategy Scan
2025-11-03 09:51:20,821 - __main__ - INFO - ============================================================
2025-11-03 09:51:20,821 - __main__ - INFO - Schwab API authentication successful
2025-11-03 09:51:20,822 - __main__ - INFO - Using custom ticker list: 3 tickers
2025-11-03 09:51:20,822 - __main__ - INFO - Scanning 3 midcap tickers
2025-11-03 09:51:20,822 - __main__ - INFO - Beginning options chain scanning...
2025-11-03 09:51:21,686 - options_scanner - INFO - Successfully retrieved option chain for CSX
2025-11-03 09:51:21,702 - __main__ - INFO - Scanning CSX: 16 valid chains
2025-11-03 09:51:21,704 - __main__ - INFO - No opportunities found for CSX. Available DTEs: [11, 18, 25, 32, 39, 46, 74, 109, 137, 193, 227, 319, 410, 438, 591, 809]
2025-11-03 09:51:22,306 - options_scanner - INFO - Successfully retrieved option chain for ETNB
2025-11-03 09:51:22,309 - __main__ - WARNING - Insufficient option chains for ETNB: 1 chains
2025-11-03 09:51:23,000 - options_scanner - INFO - Successfully retrieved option chain for FLNC
2025-11-03 09:51:23,013 - __main__ - INFO - Scanning FLNC: 7 valid chains
2025-11-03 09:51:23,017 - __main__ - INFO - No opportunities found for FLNC. Available DTEs: [18, 46, 74, 109, 193, 438, 809]
2025-11-03 09:51:23,017 - __main__ - INFO - ============================================================
2025-11-03 09:51:23,017 - __main__ - INFO - Forward Factor Strategy Scan Complete
2025-11-03 09:51:23,017 - __main__ - INFO - ============================================================
2025-11-03 09:51:23,018 - __main__ - INFO - Scan duration: 2.2 seconds
2025-11-03 09:51:23,018 - __main__ - INFO - Tickers scanned: 3
2025-11-03 09:51:23,018 - __main__ - INFO - Opportunities found: 0
