2025-11-03 10:00:01,928 - schwab_orders - INFO - Loaded credentials from local global_.py
2025-11-03 10:00:01,929 - schwab_orders - INFO - Loaded existing tokens from C:\SchwabAccountConfig\DirectAPIUsage\token.json
2025-11-03 10:00:01,930 - __main__ - INFO - ============================================================
2025-11-03 10:00:01,931 - __main__ - INFO - Starting Forward Factor Strategy Scan
2025-11-03 10:00:01,931 - __main__ - INFO - ============================================================
2025-11-03 10:00:01,931 - __main__ - INFO - Schwab API authentication successful
2025-11-03 10:00:01,931 - __main__ - INFO - Using custom ticker list: 1 tickers
2025-11-03 10:00:01,932 - __main__ - INFO - Scanning 1 midcap tickers
2025-11-03 10:00:01,932 - __main__ - INFO - Beginning options chain scanning...
2025-11-03 10:00:03,418 - options_scanner - INFO - Successfully retrieved option chain for CSX
2025-11-03 10:00:03,436 - __main__ - INFO - Scanning CSX: 16 valid chains
2025-11-03 10:00:03,436 - __main__ - INFO - Attempting 30/60 for CSX: 32/46 DTE
2025-11-03 10:00:03,436 - __main__ - WARNING - Error calculating FF for CSX 30/60: division by zero
2025-11-03 10:00:03,436 - __main__ - WARNING - Error getting IV values for CSX 30/60: 'IVForwardFactorAnalyzer' object has no attribute 'analyze_iv_for_chain'
2025-11-03 10:00:03,436 - __main__ - INFO - Attempting 30/90 for CSX: 32/74 DTE
2025-11-03 10:00:03,437 - __main__ - WARNING - Error calculating FF for CSX 30/90: division by zero
2025-11-03 10:00:03,437 - __main__ - WARNING - Error getting IV values for CSX 30/90: 'IVForwardFactorAnalyzer' object has no attribute 'analyze_iv_for_chain'
2025-11-03 10:00:03,437 - __main__ - INFO - Attempting 60/90 for CSX: 46/74 DTE
2025-11-03 10:00:03,437 - __main__ - WARNING - Error calculating FF for CSX 60/90: division by zero
2025-11-03 10:00:03,437 - __main__ - WARNING - Error getting IV values for CSX 60/90: 'IVForwardFactorAnalyzer' object has no attribute 'analyze_iv_for_chain'
2025-11-03 10:00:03,437 - __main__ - INFO - No opportunities found for CSX. Available DTEs: [11, 18, 25, 32, 39, 46, 74, 109, 137, 193, 227, 319, 410, 438, 591, 809]
2025-11-03 10:00:03,437 - __main__ - INFO - ============================================================
2025-11-03 10:00:03,438 - __main__ - INFO - Forward Factor Strategy Scan Complete
2025-11-03 10:00:03,438 - __main__ - INFO - ============================================================
2025-11-03 10:00:03,438 - __main__ - INFO - Scan duration: 1.5 seconds
2025-11-03 10:00:03,438 - __main__ - INFO - Tickers scanned: 1
2025-11-03 10:00:03,438 - __main__ - INFO - Opportunities found: 0
