2025-11-03 11:30:09,971 - schwab_orders - INFO - Loaded credentials from local global_.py
2025-11-03 11:30:09,971 - schwab_orders - INFO - Loaded existing tokens from C:\SchwabAccountConfig\DirectAPIUsage\token.json
2025-11-03 11:30:09,972 - __main__ - INFO - ============================================================
2025-11-03 11:30:09,972 - __main__ - INFO - Starting Forward Factor Strategy Scan
2025-11-03 11:30:09,972 - __main__ - INFO - ============================================================
2025-11-03 11:30:09,972 - __main__ - INFO - Schwab API authentication successful
2025-11-03 11:30:09,982 - __main__ - INFO - Using custom ticker list: 1 tickers
2025-11-03 11:30:09,982 - __main__ - INFO - Scanning 1 midcap tickers
2025-11-03 11:30:09,982 - __main__ - INFO - Beginning options chain scanning...
2025-11-03 11:30:12,992 - options_scanner - INFO - Successfully retrieved option chain for SNOW
2025-11-03 11:30:13,077 - __main__ - INFO - Scanning SNOW: 18 valid chains
2025-11-03 11:30:13,078 - __main__ - INFO - Attempting 30/60 for SNOW: 32/46 DTE
2025-11-03 11:30:13,081 - __main__ - INFO - Found 30/60 opportunity for SNOW: FF=4.1% (DTE: 32/46) [Valid: True] Near IV: 57.2% Next IV: 54.9%
2025-11-03 11:30:13,081 - __main__ - INFO - Attempting 30/90 for SNOW: 32/74 DTE
2025-11-03 11:30:13,083 - __main__ - INFO - Found 30/90 opportunity for SNOW: FF=14.2% (DTE: 32/74) [Valid: True] Near IV: 57.2% Next IV: 50.1%
2025-11-03 11:30:13,083 - __main__ - INFO - Attempting 60/90 for SNOW: 46/74 DTE
2025-11-03 11:30:13,084 - __main__ - INFO - Found 60/90 opportunity for SNOW: FF=9.7% (DTE: 46/74) [Valid: True] Near IV: 54.9% Next IV: 50.1%
2025-11-03 11:30:13,085 - __main__ - INFO - ============================================================
2025-11-03 11:30:13,085 - __main__ - INFO - Forward Factor Strategy Scan Complete
2025-11-03 11:30:13,086 - __main__ - INFO - ============================================================
2025-11-03 11:30:13,086 - __main__ - INFO - Scan duration: 3.1 seconds
2025-11-03 11:30:13,086 - __main__ - INFO - Tickers scanned: 1
2025-11-03 11:30:13,086 - __main__ - INFO - Opportunities found: 3
2025-11-03 11:30:13,089 - __main__ - INFO - Detailed results saved to: results\ff_opportunities_20251103_113013.json
2025-11-03 11:30:13,090 - __main__ - INFO - CSV summary saved to: results\ff_opportunities_20251103_113013.csv
