2025-11-03 10:24:48,603 - schwab_orders - INFO - Loaded credentials from local global_.py
2025-11-03 10:24:48,604 - schwab_orders - INFO - Loaded existing tokens from C:\SchwabAccountConfig\DirectAPIUsage\token.json
2025-11-03 10:24:48,604 - __main__ - INFO - ============================================================
2025-11-03 10:24:48,605 - __main__ - INFO - Starting Forward Factor Strategy Scan
2025-11-03 10:24:48,605 - __main__ - INFO - ============================================================
2025-11-03 10:24:48,605 - __main__ - INFO - Schwab API authentication successful
2025-11-03 10:24:48,606 - __main__ - INFO - Using custom ticker list: 1 tickers
2025-11-03 10:24:48,606 - __main__ - INFO - Scanning 1 midcap tickers
2025-11-03 10:24:48,606 - __main__ - INFO - Beginning options chain scanning...
2025-11-03 10:24:49,399 - options_scanner - INFO - Successfully retrieved option chain for CSX
2025-11-03 10:24:49,416 - __main__ - INFO - Scanning CSX: 16 valid chains
2025-11-03 10:24:49,417 - __main__ - INFO - Attempting 30/60 for CSX: 32/46 DTE
2025-11-03 10:24:49,417 - __main__ - WARNING - FF opportunity for CSX 30/60 has no result: ff_result=None Near IV: 0.0% Next IV: 0.0%
2025-11-03 10:24:49,417 - __main__ - INFO - Attempting 30/90 for CSX: 32/74 DTE
2025-11-03 10:24:49,418 - __main__ - WARNING - FF opportunity for CSX 30/90 has no result: ff_result=None Near IV: 0.0% Next IV: 0.0%
2025-11-03 10:24:49,418 - __main__ - INFO - Attempting 60/90 for CSX: 46/74 DTE
2025-11-03 10:24:49,419 - __main__ - WARNING - FF opportunity for CSX 60/90 has no result: ff_result=None Near IV: 0.0% Next IV: 0.0%
2025-11-03 10:24:49,419 - __main__ - INFO - No opportunities found for CSX. Available DTEs: [11, 18, 25, 32, 39, 46, 74, 109, 137, 193, 227, 319, 410, 438, 591, 809]
2025-11-03 10:24:49,419 - __main__ - INFO - ============================================================
2025-11-03 10:24:49,419 - __main__ - INFO - Forward Factor Strategy Scan Complete
2025-11-03 10:24:49,420 - __main__ - INFO - ============================================================
2025-11-03 10:24:49,420 - __main__ - INFO - Scan duration: 0.8 seconds
2025-11-03 10:24:49,420 - __main__ - INFO - Tickers scanned: 1
2025-11-03 10:24:49,420 - __main__ - INFO - Opportunities found: 0
