2025-11-03 10:16:37,859 - schwab_orders - INFO - Loaded credentials from local global_.py
2025-11-03 10:16:37,860 - schwab_orders - INFO - Loaded existing tokens from C:\SchwabAccountConfig\DirectAPIUsage\token.json
2025-11-03 10:16:37,860 - __main__ - INFO - ============================================================
2025-11-03 10:16:37,860 - __main__ - INFO - Starting Forward Factor Strategy Scan
2025-11-03 10:16:37,861 - __main__ - INFO - ============================================================
2025-11-03 10:16:37,861 - __main__ - INFO - Schwab API authentication successful
2025-11-03 10:16:37,862 - __main__ - INFO - Using custom ticker list: 1 tickers
2025-11-03 10:16:37,862 - __main__ - INFO - Scanning 1 midcap tickers
2025-11-03 10:16:37,862 - __main__ - INFO - Beginning options chain scanning...
2025-11-03 10:16:38,958 - options_scanner - INFO - Successfully retrieved option chain for CSX
2025-11-03 10:16:38,988 - __main__ - INFO - Scanning CSX: 16 valid chains
2025-11-03 10:16:38,988 - __main__ - INFO - Attempting 30/60 for CSX: 32/46 DTE
2025-11-03 10:16:38,989 - __main__ - WARNING - FF opportunity for CSX 30/60 has no result: ff_result=None Near IV: 0.0% Next IV: 0.0%
2025-11-03 10:16:38,989 - __main__ - INFO - Attempting 30/90 for CSX: 32/74 DTE
2025-11-03 10:16:38,990 - __main__ - WARNING - FF opportunity for CSX 30/90 has no result: ff_result=None Near IV: 0.0% Next IV: 0.0%
2025-11-03 10:16:38,990 - __main__ - INFO - Attempting 60/90 for CSX: 46/74 DTE
2025-11-03 10:16:38,991 - __main__ - WARNING - FF opportunity for CSX 60/90 has no result: ff_result=None Near IV: 0.0% Next IV: 0.0%
2025-11-03 10:16:38,991 - __main__ - INFO - No opportunities found for CSX. Available DTEs: [11, 18, 25, 32, 39, 46, 74, 109, 137, 193, 227, 319, 410, 438, 591, 809]
2025-11-03 10:16:38,991 - __main__ - INFO - ============================================================
2025-11-03 10:16:38,991 - __main__ - INFO - Forward Factor Strategy Scan Complete
2025-11-03 10:16:38,992 - __main__ - INFO - ============================================================
2025-11-03 10:16:38,992 - __main__ - INFO - Scan duration: 1.1 seconds
2025-11-03 10:16:38,992 - __main__ - INFO - Tickers scanned: 1
2025-11-03 10:16:38,992 - __main__ - INFO - Opportunities found: 0
