2025-11-03 11:19:33,473 - schwab_orders - INFO - Loaded credentials from local global_.py
2025-11-03 11:19:33,474 - schwab_orders - INFO - Loaded existing tokens from C:\SchwabAccountConfig\DirectAPIUsage\token.json
2025-11-03 11:19:33,475 - __main__ - INFO - ============================================================
2025-11-03 11:19:33,475 - __main__ - INFO - Starting Forward Factor Strategy Scan
2025-11-03 11:19:33,475 - __main__ - INFO - ============================================================
2025-11-03 11:19:33,475 - __main__ - INFO - Schwab API authentication successful
2025-11-03 11:19:33,476 - __main__ - INFO - Using custom ticker list: 1 tickers
2025-11-03 11:19:33,476 - __main__ - INFO - Scanning 1 midcap tickers
2025-11-03 11:19:33,476 - __main__ - INFO - Beginning options chain scanning...
2025-11-03 11:19:34,610 - options_scanner - INFO - Successfully retrieved option chain for SNOW
2025-11-03 11:19:34,692 - __main__ - INFO - Scanning SNOW: 18 valid chains
2025-11-03 11:19:34,693 - __main__ - INFO - Attempting 30/60 for SNOW: 32/46 DTE
2025-11-03 11:19:34,695 - __main__ - INFO - Found 30/60 opportunity for SNOW: FF=2.3% (DTE: 32/46) [Valid: True] Near IV: 55.9% Next IV: 54.7%
2025-11-03 11:19:34,695 - __main__ - INFO - Attempting 30/90 for SNOW: 32/74 DTE
2025-11-03 11:19:34,697 - __main__ - INFO - Found 30/90 opportunity for SNOW: FF=11.5% (DTE: 32/74) [Valid: True] Near IV: 55.9% Next IV: 50.2%
2025-11-03 11:19:34,697 - __main__ - INFO - Attempting 60/90 for SNOW: 46/74 DTE
2025-11-03 11:19:34,699 - __main__ - INFO - Found 60/90 opportunity for SNOW: FF=9.0% (DTE: 46/74) [Valid: True] Near IV: 54.7% Next IV: 50.2%
2025-11-03 11:19:34,699 - __main__ - INFO - ============================================================
2025-11-03 11:19:34,699 - __main__ - INFO - Forward Factor Strategy Scan Complete
2025-11-03 11:19:34,700 - __main__ - INFO - ============================================================
2025-11-03 11:19:34,700 - __main__ - INFO - Scan duration: 1.2 seconds
2025-11-03 11:19:34,701 - __main__ - INFO - Tickers scanned: 1
2025-11-03 11:19:34,701 - __main__ - INFO - Opportunities found: 3
2025-11-03 11:19:34,706 - __main__ - INFO - Detailed results saved to: results\ff_opportunities_20251103_111934.json
2025-11-03 11:19:34,707 - __main__ - INFO - CSV summary saved to: results\ff_opportunities_20251103_111934.csv
