2025-11-03 11:17:11,418 - schwab_orders - INFO - Loaded credentials from local global_.py
2025-11-03 11:17:11,419 - schwab_orders - INFO - Loaded existing tokens from C:\SchwabAccountConfig\DirectAPIUsage\token.json
2025-11-03 11:17:11,420 - __main__ - INFO - ============================================================
2025-11-03 11:17:11,420 - __main__ - INFO - Starting Forward Factor Strategy Scan
2025-11-03 11:17:11,420 - __main__ - INFO - ============================================================
2025-11-03 11:17:12,397 - options_scanner - INFO - Tokens saved successfully
2025-11-03 11:17:12,399 - options_scanner - INFO - Access token refreshed successfully
2025-11-03 11:17:12,401 - __main__ - INFO - Schwab API authentication successful
2025-11-03 11:17:12,401 - __main__ - INFO - Using custom ticker list: 1 tickers
2025-11-03 11:17:12,402 - __main__ - INFO - Scanning 1 midcap tickers
2025-11-03 11:17:12,402 - __main__ - INFO - Beginning options chain scanning...
2025-11-03 11:17:15,979 - options_scanner - INFO - Successfully retrieved option chain for CVNA
2025-11-03 11:17:16,058 - __main__ - INFO - Scanning CVNA: 17 valid chains
2025-11-03 11:17:16,059 - __main__ - INFO - Attempting 30/60 for CVNA: 32/46 DTE
2025-11-03 11:17:16,060 - __main__ - INFO - Found 30/60 opportunity for CVNA: FF=-0.7% (DTE: 32/46) [Valid: True] Near IV: 59.3% Next IV: 59.7%
2025-11-03 11:17:16,061 - __main__ - INFO - Attempting 30/90 for CVNA: 32/74 DTE
2025-11-03 11:17:16,062 - __main__ - INFO - Found 30/90 opportunity for CVNA: FF=-1.0% (DTE: 32/74) [Valid: True] Near IV: 59.3% Next IV: 59.9%
2025-11-03 11:17:16,062 - __main__ - INFO - Attempting 60/90 for CVNA: 46/74 DTE
2025-11-03 11:17:16,063 - __main__ - INFO - Found 60/90 opportunity for CVNA: FF=-0.4% (DTE: 46/74) [Valid: True] Near IV: 59.7% Next IV: 59.9%
2025-11-03 11:17:16,063 - __main__ - INFO - ============================================================
2025-11-03 11:17:16,063 - __main__ - INFO - Forward Factor Strategy Scan Complete
2025-11-03 11:17:16,063 - __main__ - INFO - ============================================================
2025-11-03 11:17:16,064 - __main__ - INFO - Scan duration: 4.6 seconds
2025-11-03 11:17:16,064 - __main__ - INFO - Tickers scanned: 1
2025-11-03 11:17:16,064 - __main__ - INFO - Opportunities found: 3
2025-11-03 11:17:16,066 - __main__ - INFO - Detailed results saved to: results\ff_opportunities_20251103_111716.json
2025-11-03 11:17:16,067 - __main__ - INFO - CSV summary saved to: results\ff_opportunities_20251103_111716.csv
