2025-11-03 10:12:43,871 - schwab_orders - INFO - Loaded credentials from local global_.py
2025-11-03 10:12:43,880 - schwab_orders - INFO - Loaded existing tokens from C:\SchwabAccountConfig\DirectAPIUsage\token.json
2025-11-03 10:12:43,880 - __main__ - INFO - ============================================================
2025-11-03 10:12:43,880 - __main__ - INFO - Starting Forward Factor Strategy Scan
2025-11-03 10:12:43,880 - __main__ - INFO - ============================================================
2025-11-03 10:12:43,881 - __main__ - INFO - Schwab API authentication successful
2025-11-03 10:12:43,881 - __main__ - INFO - Using custom ticker list: 1 tickers
2025-11-03 10:12:43,881 - __main__ - INFO - Scanning 1 midcap tickers
2025-11-03 10:12:43,881 - __main__ - INFO - Beginning options chain scanning...
2025-11-03 10:12:45,151 - options_scanner - INFO - Successfully retrieved option chain for CVNA
2025-11-03 10:12:45,253 - __main__ - INFO - Scanning CVNA: 17 valid chains
2025-11-03 10:12:45,254 - __main__ - INFO - Attempting 30/60 for CVNA: 32/46 DTE
2025-11-03 10:12:45,256 - __main__ - WARNING - FF opportunity for CVNA 30/60 has no result: ff_result=None Near IV: 0.0% Next IV: 0.0%
2025-11-03 10:12:45,256 - __main__ - INFO - Attempting 30/90 for CVNA: 32/74 DTE
2025-11-03 10:12:45,257 - __main__ - WARNING - FF opportunity for CVNA 30/90 has no result: ff_result=None Near IV: 0.0% Next IV: 0.0%
2025-11-03 10:12:45,257 - __main__ - INFO - Attempting 60/90 for CVNA: 46/74 DTE
2025-11-03 10:12:45,259 - __main__ - WARNING - FF opportunity for CVNA 60/90 has no result: ff_result=None Near IV: 0.0% Next IV: 0.0%
2025-11-03 10:12:45,259 - __main__ - INFO - No opportunities found for CVNA. Available DTEs: [11, 18, 25, 32, 39, 46, 74, 109, 137, 165, 193, 227, 319, 410, 438, 591, 809]
2025-11-03 10:12:45,259 - __main__ - INFO - ============================================================
2025-11-03 10:12:45,259 - __main__ - INFO - Forward Factor Strategy Scan Complete
2025-11-03 10:12:45,259 - __main__ - INFO - ============================================================
2025-11-03 10:12:45,259 - __main__ - INFO - Scan duration: 1.4 seconds
2025-11-03 10:12:45,259 - __main__ - INFO - Tickers scanned: 1
2025-11-03 10:12:45,260 - __main__ - INFO - Opportunities found: 0
