2025-11-03 11:32:56,853 - schwab_orders - INFO - Loaded credentials from local global_.py
2025-11-03 11:32:56,853 - schwab_orders - INFO - Loaded existing tokens from C:\SchwabAccountConfig\DirectAPIUsage\token.json
2025-11-03 11:32:56,854 - __main__ - INFO - ============================================================
2025-11-03 11:32:56,854 - __main__ - INFO - Starting Forward Factor Strategy Scan
2025-11-03 11:32:56,854 - __main__ - INFO - ============================================================
2025-11-03 11:32:56,855 - __main__ - INFO - Schwab API authentication successful
2025-11-03 11:32:56,855 - __main__ - INFO - Using suggested midcap universe: 155 tickers
2025-11-03 11:32:56,855 - __main__ - INFO - Limited to 50 tickers for performance
2025-11-03 11:32:56,855 - __main__ - INFO - Scanning 50 midcap tickers
2025-11-03 11:32:56,855 - __main__ - INFO - Beginning options chain scanning...
2025-11-03 11:32:57,762 - options_scanner - INFO - Successfully retrieved option chain for TEAM
2025-11-03 11:32:57,805 - __main__ - INFO - Scanning TEAM: 13 valid chains
2025-11-03 11:32:57,806 - __main__ - INFO - Attempting 30/60 for TEAM: 32/46 DTE
2025-11-03 11:32:57,808 - __main__ - INFO - Found 30/60 opportunity for TEAM: FF=3.2% (DTE: 32/46) [Valid: True] Near IV: 52.4% Next IV: 50.8%
2025-11-03 11:32:57,808 - __main__ - INFO - Attempting 30/90 for TEAM: 32/74 DTE
2025-11-03 11:32:57,809 - __main__ - INFO - Found 30/90 opportunity for TEAM: FF=5.9% (DTE: 32/74) [Valid: True] Near IV: 52.4% Next IV: 49.5%
2025-11-03 11:32:57,810 - __main__ - INFO - Attempting 60/90 for TEAM: 46/74 DTE
2025-11-03 11:32:57,812 - __main__ - INFO - Found 60/90 opportunity for TEAM: FF=2.6% (DTE: 46/74) [Valid: True] Near IV: 50.8% Next IV: 49.5%
2025-11-03 11:32:58,756 - options_scanner - INFO - Successfully retrieved option chain for OKTA
2025-11-03 11:32:58,821 - __main__ - INFO - Scanning OKTA: 16 valid chains
2025-11-03 11:32:58,822 - __main__ - INFO - Attempting 30/60 for OKTA: 32/46 DTE
2025-11-03 11:32:58,824 - __main__ - INFO - Found 30/60 opportunity for OKTA: FF=6.6% (DTE: 32/46) [Valid: True] Near IV: 60.6% Next IV: 56.9%
2025-11-03 11:32:58,824 - __main__ - INFO - Attempting 30/90 for OKTA: 32/74 DTE
2025-11-03 11:32:58,825 - __main__ - INFO - Found 30/90 opportunity for OKTA: FF=17.0% (DTE: 32/74) [Valid: True] Near IV: 60.6% Next IV: 51.8%
2025-11-03 11:32:58,826 - __main__ - INFO - Attempting 60/90 for OKTA: 46/74 DTE
2025-11-03 11:32:58,827 - __main__ - INFO - Found 60/90 opportunity for OKTA: FF=9.8% (DTE: 46/74) [Valid: True] Near IV: 56.9% Next IV: 51.8%
2025-11-03 11:32:59,915 - options_scanner - INFO - Successfully retrieved option chain for ZS
2025-11-03 11:32:59,981 - __main__ - INFO - Scanning ZS: 15 valid chains
2025-11-03 11:32:59,982 - __main__ - INFO - Attempting 30/60 for ZS: 32/46 DTE
2025-11-03 11:32:59,983 - __main__ - INFO - Found 30/60 opportunity for ZS: FF=1.8% (DTE: 32/46) [Valid: True] Near IV: 52.2% Next IV: 51.3%
2025-11-03 11:32:59,983 - __main__ - INFO - Attempting 30/90 for ZS: 32/74 DTE
2025-11-03 11:32:59,984 - __main__ - INFO - Found 30/90 opportunity for ZS: FF=11.1% (DTE: 32/74) [Valid: True] Near IV: 52.2% Next IV: 47.0%
2025-11-03 11:32:59,984 - __main__ - INFO - Attempting 60/90 for ZS: 46/74 DTE
2025-11-03 11:32:59,985 - __main__ - INFO - Found 60/90 opportunity for ZS: FF=9.2% (DTE: 46/74) [Valid: True] Near IV: 51.3% Next IV: 47.0%
2025-11-03 11:33:01,487 - options_scanner - INFO - Successfully retrieved option chain for CRWD
2025-11-03 11:33:01,593 - __main__ - INFO - Scanning CRWD: 18 valid chains
2025-11-03 11:33:01,594 - __main__ - INFO - Attempting 30/60 for CRWD: 32/46 DTE
2025-11-03 11:33:01,595 - __main__ - INFO - Found 30/60 opportunity for CRWD: FF=3.3% (DTE: 32/46) [Valid: True] Near IV: 49.5% Next IV: 48.0%
2025-11-03 11:33:01,595 - __main__ - INFO - Attempting 30/90 for CRWD: 32/74 DTE
2025-11-03 11:33:01,596 - __main__ - INFO - Found 30/90 opportunity for CRWD: FF=9.8% (DTE: 32/74) [Valid: True] Near IV: 49.5% Next IV: 45.1%
2025-11-03 11:33:01,597 - __main__ - INFO - Attempting 60/90 for CRWD: 46/74 DTE
2025-11-03 11:33:01,597 - __main__ - INFO - Found 60/90 opportunity for CRWD: FF=6.3% (DTE: 46/74) [Valid: True] Near IV: 48.0% Next IV: 45.1%
2025-11-03 11:33:04,482 - options_scanner - INFO - Successfully retrieved option chain for NET
2025-11-03 11:33:04,547 - __main__ - INFO - Scanning NET: 15 valid chains
2025-11-03 11:33:04,548 - __main__ - INFO - Attempting 30/60 for NET: 32/46 DTE
2025-11-03 11:33:04,549 - __main__ - INFO - Found 30/60 opportunity for NET: FF=-4.5% (DTE: 32/46) [Valid: True] Near IV: 46.2% Next IV: 48.4%
2025-11-03 11:33:04,549 - __main__ - INFO - Attempting 30/90 for NET: 32/74 DTE
2025-11-03 11:33:04,550 - __main__ - INFO - Found 30/90 opportunity for NET: FF=-2.9% (DTE: 32/74) [Valid: True] Near IV: 46.2% Next IV: 47.6%
2025-11-03 11:33:04,550 - __main__ - INFO - Attempting 60/90 for NET: 46/74 DTE
2025-11-03 11:33:04,551 - __main__ - INFO - Found 60/90 opportunity for NET: FF=1.7% (DTE: 46/74) [Valid: True] Near IV: 48.4% Next IV: 47.6%
2025-11-03 11:33:06,595 - options_scanner - INFO - Successfully retrieved option chain for DDOG
2025-11-03 11:33:06,645 - __main__ - INFO - Scanning DDOG: 14 valid chains
2025-11-03 11:33:06,645 - __main__ - INFO - Attempting 30/60 for DDOG: 32/46 DTE
2025-11-03 11:33:06,647 - __main__ - INFO - Found 30/60 opportunity for DDOG: FF=6.1% (DTE: 32/46) [Valid: True] Near IV: 55.0% Next IV: 51.9%
2025-11-03 11:33:06,647 - __main__ - INFO - Attempting 30/90 for DDOG: 32/74 DTE
2025-11-03 11:33:06,648 - __main__ - INFO - Found 30/90 opportunity for DDOG: FF=14.3% (DTE: 32/74) [Valid: True] Near IV: 55.0% Next IV: 48.2%
2025-11-03 11:33:06,649 - __main__ - INFO - Attempting 60/90 for DDOG: 46/74 DTE
2025-11-03 11:33:06,650 - __main__ - INFO - Found 60/90 opportunity for DDOG: FF=7.7% (DTE: 46/74) [Valid: True] Near IV: 51.9% Next IV: 48.2%
2025-11-03 11:33:07,702 - options_scanner - INFO - Successfully retrieved option chain for SNOW
2025-11-03 11:33:07,790 - __main__ - INFO - Scanning SNOW: 18 valid chains
2025-11-03 11:33:07,791 - __main__ - INFO - Attempting 30/60 for SNOW: 32/46 DTE
2025-11-03 11:33:07,793 - __main__ - INFO - Found 30/60 opportunity for SNOW: FF=4.7% (DTE: 32/46) [Valid: True] Near IV: 57.4% Next IV: 54.8%
2025-11-03 11:33:07,793 - __main__ - INFO - Attempting 30/90 for SNOW: 32/74 DTE
2025-11-03 11:33:07,795 - __main__ - INFO - Found 30/90 opportunity for SNOW: FF=14.5% (DTE: 32/74) [Valid: True] Near IV: 57.4% Next IV: 50.1%
2025-11-03 11:33:07,795 - __main__ - INFO - Attempting 60/90 for SNOW: 46/74 DTE
2025-11-03 11:33:07,796 - __main__ - INFO - Found 60/90 opportunity for SNOW: FF=9.4% (DTE: 46/74) [Valid: True] Near IV: 54.8% Next IV: 50.1%
2025-11-03 11:33:08,554 - options_scanner - INFO - Successfully retrieved option chain for PATH
2025-11-03 11:33:08,576 - __main__ - INFO - Scanning PATH: 11 valid chains
2025-11-03 11:33:08,577 - __main__ - INFO - Attempting 30/60 for PATH: 32/46 DTE
2025-11-03 11:33:08,578 - __main__ - INFO - Found 30/60 opportunity for PATH: FF=-2.9% (DTE: 32/46) [Valid: True] Near IV: 86.4% Next IV: 89.0%
2025-11-03 11:33:08,578 - __main__ - INFO - Attempting 30/90 for PATH: 32/74 DTE
2025-11-03 11:33:08,579 - __main__ - INFO - Found 30/90 opportunity for PATH: FF=5.0% (DTE: 32/74) [Valid: True] Near IV: 86.4% Next IV: 82.3%
2025-11-03 11:33:08,580 - __main__ - INFO - Attempting 60/90 for PATH: 46/74 DTE
2025-11-03 11:33:08,581 - __main__ - INFO - Found 60/90 opportunity for PATH: FF=8.1% (DTE: 46/74) [Valid: True] Near IV: 89.0% Next IV: 82.3%
2025-11-03 11:33:09,289 - options_scanner - INFO - Successfully retrieved option chain for ESTC
2025-11-03 11:33:09,312 - __main__ - INFO - Scanning ESTC: 10 valid chains
2025-11-03 11:33:09,312 - __main__ - INFO - Attempting 30/60 for ESTC: 18/46 DTE
2025-11-03 11:33:09,313 - __main__ - INFO - Found 30/60 opportunity for ESTC: FF=5.9% (DTE: 18/46) [Valid: True] Near IV: 63.4% Next IV: 59.9%
2025-11-03 11:33:09,314 - __main__ - INFO - Attempting 30/90 for ESTC: 18/74 DTE
2025-11-03 11:33:09,314 - __main__ - INFO - Found 30/90 opportunity for ESTC: FF=14.3% (DTE: 18/74) [Valid: True] Near IV: 63.4% Next IV: 55.5%
2025-11-03 11:33:09,315 - __main__ - INFO - Attempting 60/90 for ESTC: 46/74 DTE
2025-11-03 11:33:09,316 - __main__ - INFO - Found 60/90 opportunity for ESTC: FF=8.0% (DTE: 46/74) [Valid: True] Near IV: 59.9% Next IV: 55.5%
2025-11-03 11:33:11,327 - options_scanner - INFO - Successfully retrieved option chain for DOCU
2025-11-03 11:33:11,389 - __main__ - INFO - Scanning DOCU: 15 valid chains
2025-11-03 11:33:11,390 - __main__ - INFO - Attempting 30/60 for DOCU: 32/46 DTE
2025-11-03 11:33:11,392 - __main__ - INFO - Found 30/60 opportunity for DOCU: FF=-13.6% (DTE: 32/46) [Valid: True] Near IV: 46.7% Next IV: 54.1%
2025-11-03 11:33:11,392 - __main__ - INFO - Attempting 30/90 for DOCU: 32/74 DTE
2025-11-03 11:33:11,394 - __main__ - INFO - Found 30/90 opportunity for DOCU: FF=-6.5% (DTE: 32/74) [Valid: True] Near IV: 46.7% Next IV: 49.9%
2025-11-03 11:33:11,394 - __main__ - INFO - Attempting 60/90 for DOCU: 46/74 DTE
2025-11-03 11:33:11,396 - __main__ - INFO - Found 60/90 opportunity for DOCU: FF=8.2% (DTE: 46/74) [Valid: True] Near IV: 54.1% Next IV: 49.9%
2025-11-03 11:33:12,395 - options_scanner - INFO - Successfully retrieved option chain for TWLO
2025-11-03 11:33:12,462 - __main__ - INFO - Scanning TWLO: 15 valid chains
2025-11-03 11:33:12,462 - __main__ - INFO - Attempting 30/60 for TWLO: 32/46 DTE
2025-11-03 11:33:12,463 - __main__ - INFO - Found 30/60 opportunity for TWLO: FF=0.9% (DTE: 32/46) [Valid: True] Near IV: 41.9% Next IV: 41.5%
2025-11-03 11:33:12,464 - __main__ - INFO - Attempting 30/90 for TWLO: 32/74 DTE
2025-11-03 11:33:12,465 - __main__ - INFO - Found 30/90 opportunity for TWLO: FF=5.8% (DTE: 32/74) [Valid: True] Near IV: 41.9% Next IV: 39.6%
2025-11-03 11:33:12,465 - __main__ - INFO - Attempting 60/90 for TWLO: 46/74 DTE
2025-11-03 11:33:12,466 - __main__ - INFO - Found 60/90 opportunity for TWLO: FF=4.8% (DTE: 46/74) [Valid: True] Near IV: 41.5% Next IV: 39.6%
2025-11-03 11:33:13,375 - options_scanner - INFO - Successfully retrieved option chain for ZM
2025-11-03 11:33:13,424 - __main__ - INFO - Scanning ZM: 15 valid chains
2025-11-03 11:33:13,425 - __main__ - INFO - Attempting 30/60 for ZM: 32/46 DTE
2025-11-03 11:33:13,426 - __main__ - INFO - Found 30/60 opportunity for ZM: FF=-7.1% (DTE: 32/46) [Valid: True] Near IV: 38.2% Next IV: 41.1%
2025-11-03 11:33:13,427 - __main__ - INFO - Attempting 30/90 for ZM: 32/74 DTE
2025-11-03 11:33:13,428 - __main__ - INFO - Found 30/90 opportunity for ZM: FF=2.8% (DTE: 32/74) [Valid: True] Near IV: 38.2% Next IV: 37.2%
2025-11-03 11:33:13,428 - __main__ - INFO - Attempting 60/90 for ZM: 46/74 DTE
2025-11-03 11:33:13,430 - __main__ - INFO - Found 60/90 opportunity for ZM: FF=10.6% (DTE: 46/74) [Valid: True] Near IV: 41.1% Next IV: 37.2%
2025-11-03 11:33:14,247 - options_scanner - INFO - Successfully retrieved option chain for PINS
2025-11-03 11:33:14,278 - __main__ - INFO - Scanning PINS: 16 valid chains
2025-11-03 11:33:14,279 - __main__ - INFO - Attempting 30/60 for PINS: 32/46 DTE
2025-11-03 11:33:14,281 - __main__ - INFO - Found 30/60 opportunity for PINS: FF=8.2% (DTE: 32/46) [Valid: True] Near IV: 67.9% Next IV: 62.7%
2025-11-03 11:33:14,281 - __main__ - INFO - Attempting 30/90 for PINS: 32/74 DTE
2025-11-03 11:33:14,282 - __main__ - INFO - Found 30/90 opportunity for PINS: FF=22.6% (DTE: 32/74) [Valid: True] Near IV: 67.9% Next IV: 55.4%
2025-11-03 11:33:14,282 - __main__ - INFO - Attempting 60/90 for PINS: 46/74 DTE
2025-11-03 11:33:14,284 - __main__ - INFO - Found 60/90 opportunity for PINS: FF=13.3% (DTE: 46/74) [Valid: True] Near IV: 62.7% Next IV: 55.4%
2025-11-03 11:33:14,992 - options_scanner - INFO - Successfully retrieved option chain for SNAP
2025-11-03 11:33:15,011 - __main__ - INFO - Scanning SNAP: 13 valid chains
2025-11-03 11:33:15,011 - __main__ - INFO - Attempting 30/60 for SNAP: 32/46 DTE
2025-11-03 11:33:15,012 - __main__ - INFO - Found 30/60 opportunity for SNAP: FF=0.4% (DTE: 32/46) [Valid: True] Near IV: 80.7% Next IV: 80.4%
2025-11-03 11:33:15,012 - __main__ - INFO - Attempting 30/90 for SNAP: 32/74 DTE
2025-11-03 11:33:15,013 - __main__ - INFO - Found 30/90 opportunity for SNAP: FF=10.7% (DTE: 32/74) [Valid: True] Near IV: 80.7% Next IV: 72.9%
2025-11-03 11:33:15,013 - __main__ - INFO - Attempting 60/90 for SNAP: 46/74 DTE
2025-11-03 11:33:15,014 - __main__ - INFO - Found 60/90 opportunity for SNAP: FF=10.2% (DTE: 46/74) [Valid: True] Near IV: 80.4% Next IV: 72.9%
2025-11-03 11:33:15,969 - options_scanner - INFO - Successfully retrieved option chain for UBER
2025-11-03 11:33:16,036 - __main__ - INFO - Scanning UBER: 16 valid chains
2025-11-03 11:33:16,036 - __main__ - INFO - Attempting 30/60 for UBER: 32/46 DTE
2025-11-03 11:33:16,038 - __main__ - INFO - Found 30/60 opportunity for UBER: FF=-0.6% (DTE: 32/46) [Valid: True] Near IV: 41.7% Next IV: 41.9%
2025-11-03 11:33:16,038 - __main__ - INFO - Attempting 30/90 for UBER: 32/74 DTE
2025-11-03 11:33:16,039 - __main__ - INFO - Found 30/90 opportunity for UBER: FF=5.9% (DTE: 32/74) [Valid: True] Near IV: 41.7% Next IV: 39.3%
2025-11-03 11:33:16,039 - __main__ - INFO - Attempting 60/90 for UBER: 46/74 DTE
2025-11-03 11:33:16,040 - __main__ - INFO - Found 60/90 opportunity for UBER: FF=6.5% (DTE: 46/74) [Valid: True] Near IV: 41.9% Next IV: 39.3%
2025-11-03 11:33:16,881 - options_scanner - INFO - Successfully retrieved option chain for LYFT
2025-11-03 11:33:16,921 - __main__ - INFO - Scanning LYFT: 15 valid chains
2025-11-03 11:33:16,922 - __main__ - INFO - Attempting 30/60 for LYFT: 32/46 DTE
2025-11-03 11:33:16,924 - __main__ - INFO - Found 30/60 opportunity for LYFT: FF=-4.8% (DTE: 32/46) [Valid: True] Near IV: 71.6% Next IV: 75.2%
2025-11-03 11:33:16,924 - __main__ - INFO - Attempting 30/90 for LYFT: 32/74 DTE
2025-11-03 11:33:16,926 - __main__ - INFO - Found 30/90 opportunity for LYFT: FF=6.3% (DTE: 32/74) [Valid: True] Near IV: 71.6% Next IV: 67.4%
2025-11-03 11:33:16,926 - __main__ - INFO - Attempting 60/90 for LYFT: 46/74 DTE
2025-11-03 11:33:16,927 - __main__ - INFO - Found 60/90 opportunity for LYFT: FF=11.7% (DTE: 46/74) [Valid: True] Near IV: 75.2% Next IV: 67.4%
2025-11-03 11:33:18,146 - options_scanner - INFO - Successfully retrieved option chain for RBLX
2025-11-03 11:33:18,214 - __main__ - INFO - Scanning RBLX: 14 valid chains
2025-11-03 11:33:18,215 - __main__ - INFO - Attempting 30/60 for RBLX: 32/46 DTE
2025-11-03 11:33:18,216 - __main__ - INFO - Found 30/60 opportunity for RBLX: FF=-0.9% (DTE: 32/46) [Valid: True] Near IV: 53.4% Next IV: 53.9%
2025-11-03 11:33:18,217 - __main__ - INFO - Attempting 30/90 for RBLX: 32/74 DTE
2025-11-03 11:33:18,218 - __main__ - INFO - Found 30/90 opportunity for RBLX: FF=0.0% (DTE: 32/74) [Valid: True] Near IV: 53.4% Next IV: 53.4%
2025-11-03 11:33:18,218 - __main__ - INFO - Attempting 60/90 for RBLX: 46/74 DTE
2025-11-03 11:33:18,220 - __main__ - INFO - Found 60/90 opportunity for RBLX: FF=1.0% (DTE: 46/74) [Valid: True] Near IV: 53.9% Next IV: 53.4%
2025-11-03 11:33:19,099 - options_scanner - INFO - Successfully retrieved option chain for U
2025-11-03 11:33:19,140 - __main__ - INFO - Scanning U: 15 valid chains
2025-11-03 11:33:19,140 - __main__ - INFO - Attempting 30/60 for U: 32/46 DTE
2025-11-03 11:33:19,142 - __main__ - INFO - Found 30/60 opportunity for U: FF=7.7% (DTE: 32/46) [Valid: True] Near IV: 88.3% Next IV: 82.0%
2025-11-03 11:33:19,142 - __main__ - INFO - Attempting 30/90 for U: 32/74 DTE
2025-11-03 11:33:19,144 - __main__ - INFO - Found 30/90 opportunity for U: FF=16.2% (DTE: 32/74) [Valid: True] Near IV: 88.3% Next IV: 76.0%
2025-11-03 11:33:19,144 - __main__ - INFO - Attempting 60/90 for U: 46/74 DTE
2025-11-03 11:33:19,145 - __main__ - INFO - Found 60/90 opportunity for U: FF=7.9% (DTE: 46/74) [Valid: True] Near IV: 82.0% Next IV: 76.0%
2025-11-03 11:33:20,583 - options_scanner - INFO - Successfully retrieved option chain for PLTR
2025-11-03 11:33:20,701 - __main__ - INFO - Scanning PLTR: 20 valid chains
2025-11-03 11:33:20,701 - __main__ - INFO - Attempting 30/60 for PLTR: 32/46 DTE
2025-11-03 11:33:20,703 - __main__ - INFO - Found 30/60 opportunity for PLTR: FF=3.3% (DTE: 32/46) [Valid: True] Near IV: 66.2% Next IV: 64.0%
2025-11-03 11:33:20,703 - __main__ - INFO - Attempting 30/90 for PLTR: 32/74 DTE
2025-11-03 11:33:20,704 - __main__ - INFO - Found 30/90 opportunity for PLTR: FF=8.4% (DTE: 32/74) [Valid: True] Near IV: 66.2% Next IV: 61.0%
2025-11-03 11:33:20,704 - __main__ - INFO - Attempting 60/90 for PLTR: 46/74 DTE
2025-11-03 11:33:20,705 - __main__ - INFO - Found 60/90 opportunity for PLTR: FF=4.9% (DTE: 46/74) [Valid: True] Near IV: 64.0% Next IV: 61.0%
2025-11-03 11:33:22,569 - options_scanner - INFO - Successfully retrieved option chain for COIN
2025-11-03 11:33:22,719 - __main__ - INFO - Scanning COIN: 17 valid chains
2025-11-03 11:33:22,719 - __main__ - INFO - Attempting 30/60 for COIN: 32/46 DTE
2025-11-03 11:33:22,720 - __main__ - INFO - Found 30/60 opportunity for COIN: FF=-2.2% (DTE: 32/46) [Valid: True] Near IV: 62.2% Next IV: 63.6%
2025-11-03 11:33:22,720 - __main__ - INFO - Attempting 30/90 for COIN: 32/74 DTE
2025-11-03 11:33:22,721 - __main__ - INFO - Found 30/90 opportunity for COIN: FF=-1.1% (DTE: 32/74) [Valid: True] Near IV: 62.2% Next IV: 62.8%
2025-11-03 11:33:22,721 - __main__ - INFO - Attempting 60/90 for COIN: 46/74 DTE
2025-11-03 11:33:22,722 - __main__ - INFO - Found 60/90 opportunity for COIN: FF=1.1% (DTE: 46/74) [Valid: True] Near IV: 63.6% Next IV: 62.8%
2025-11-03 11:33:23,761 - options_scanner - INFO - Successfully retrieved option chain for MRNA
2025-11-03 11:33:23,823 - __main__ - INFO - Scanning MRNA: 14 valid chains
2025-11-03 11:33:23,824 - __main__ - INFO - Attempting 30/60 for MRNA: 32/46 DTE
2025-11-03 11:33:23,825 - __main__ - INFO - Found 30/60 opportunity for MRNA: FF=1.7% (DTE: 32/46) [Valid: True] Near IV: 82.2% Next IV: 80.8%
2025-11-03 11:33:23,825 - __main__ - INFO - Attempting 30/90 for MRNA: 32/74 DTE
2025-11-03 11:33:23,826 - __main__ - INFO - Found 30/90 opportunity for MRNA: FF=3.9% (DTE: 32/74) [Valid: True] Near IV: 82.2% Next IV: 79.1%
2025-11-03 11:33:23,826 - __main__ - INFO - Attempting 60/90 for MRNA: 46/74 DTE
2025-11-03 11:33:23,828 - __main__ - INFO - Found 60/90 opportunity for MRNA: FF=2.1% (DTE: 46/74) [Valid: True] Near IV: 80.8% Next IV: 79.1%
2025-11-03 11:33:25,169 - options_scanner - INFO - Successfully retrieved option chain for REGN
2025-11-03 11:33:25,262 - __main__ - INFO - Scanning REGN: 15 valid chains
2025-11-03 11:33:25,263 - __main__ - INFO - Attempting 30/60 for REGN: 32/46 DTE
2025-11-03 11:33:25,266 - __main__ - INFO - Found 30/60 opportunity for REGN: FF=-1.3% (DTE: 32/46) [Valid: True] Near IV: 28.6% Next IV: 29.0%
2025-11-03 11:33:25,266 - __main__ - INFO - Attempting 30/90 for REGN: 32/74 DTE
2025-11-03 11:33:25,268 - __main__ - INFO - Found 30/90 opportunity for REGN: FF=-15.3% (DTE: 32/74) [Valid: True] Near IV: 28.6% Next IV: 33.7%
2025-11-03 11:33:25,268 - __main__ - INFO - Attempting 60/90 for REGN: 46/74 DTE
2025-11-03 11:33:25,272 - __main__ - INFO - Found 60/90 opportunity for REGN: FF=-14.2% (DTE: 46/74) [Valid: True] Near IV: 29.0% Next IV: 33.7%
2025-11-03 11:33:26,262 - options_scanner - INFO - Successfully retrieved option chain for BIIB
2025-11-03 11:33:26,321 - __main__ - INFO - Scanning BIIB: 14 valid chains
2025-11-03 11:33:26,321 - __main__ - INFO - Attempting 30/60 for BIIB: 32/46 DTE
2025-11-03 11:33:26,323 - __main__ - INFO - Found 30/60 opportunity for BIIB: FF=-3.4% (DTE: 32/46) [Valid: True] Near IV: 37.2% Next IV: 38.5%
2025-11-03 11:33:26,324 - __main__ - INFO - Attempting 30/90 for BIIB: 32/74 DTE
2025-11-03 11:33:26,325 - __main__ - INFO - Found 30/90 opportunity for BIIB: FF=-6.4% (DTE: 32/74) [Valid: True] Near IV: 37.2% Next IV: 39.7%
2025-11-03 11:33:26,325 - __main__ - INFO - Attempting 60/90 for BIIB: 46/74 DTE
2025-11-03 11:33:26,326 - __main__ - INFO - Found 60/90 opportunity for BIIB: FF=-3.2% (DTE: 46/74) [Valid: True] Near IV: 38.5% Next IV: 39.7%
2025-11-03 11:33:27,051 - options_scanner - INFO - Successfully retrieved option chain for ILMN
2025-11-03 11:33:27,080 - __main__ - INFO - Scanning ILMN: 8 valid chains
2025-11-03 11:33:27,081 - __main__ - INFO - Attempting 30/60 for ILMN: 18/46 DTE
2025-11-03 11:33:27,082 - __main__ - INFO - Found 30/60 opportunity for ILMN: FF=-6.0% (DTE: 18/46) [Valid: True] Near IV: 43.4% Next IV: 46.2%
2025-11-03 11:33:27,083 - __main__ - INFO - Attempting 30/90 for ILMN: 18/74 DTE
2025-11-03 11:33:27,084 - __main__ - INFO - Found 30/90 opportunity for ILMN: FF=-11.0% (DTE: 18/74) [Valid: True] Near IV: 43.4% Next IV: 48.8%
2025-11-03 11:33:27,084 - __main__ - INFO - Attempting 60/90 for ILMN: 46/74 DTE
2025-11-03 11:33:27,086 - __main__ - INFO - Found 60/90 opportunity for ILMN: FF=-5.3% (DTE: 46/74) [Valid: True] Near IV: 46.2% Next IV: 48.8%
2025-11-03 11:33:28,173 - options_scanner - INFO - Successfully retrieved option chain for VRTX
2025-11-03 11:33:28,244 - __main__ - INFO - Scanning VRTX: 15 valid chains
2025-11-03 11:33:28,245 - __main__ - INFO - Attempting 30/60 for VRTX: 32/46 DTE
2025-11-03 11:33:28,245 - iv_ff_analyzer - ERROR - Error in analyze_chain_iv for VRTX: division by zero
2025-11-03 11:33:28,247 - __main__ - WARNING - Error calculating FF for VRTX 30/60: division by zero
2025-11-03 11:33:28,247 - __main__ - INFO - Attempting 30/90 for VRTX: 32/74 DTE
2025-11-03 11:33:28,248 - iv_ff_analyzer - ERROR - Error in analyze_chain_iv for VRTX: division by zero
2025-11-03 11:33:28,250 - __main__ - WARNING - Error calculating FF for VRTX 30/90: division by zero
2025-11-03 11:33:28,250 - __main__ - INFO - Attempting 60/90 for VRTX: 46/74 DTE
2025-11-03 11:33:28,252 - __main__ - INFO - Found 60/90 opportunity for VRTX: FF=7.0% (DTE: 46/74) [Valid: True] Near IV: 34.4% Next IV: 32.2%
2025-11-03 11:33:29,329 - options_scanner - INFO - Successfully retrieved option chain for ALNY
2025-11-03 11:33:29,363 - __main__ - INFO - Scanning ALNY: 7 valid chains
2025-11-03 11:33:29,363 - __main__ - INFO - Attempting 30/60 for ALNY: 18/46 DTE
2025-11-03 11:33:29,365 - __main__ - INFO - Found 30/60 opportunity for ALNY: FF=-0.2% (DTE: 18/46) [Valid: True] Near IV: 41.8% Next IV: 41.8%
2025-11-03 11:33:29,366 - __main__ - INFO - Attempting 30/90 for ALNY: 18/74 DTE
2025-11-03 11:33:29,367 - __main__ - INFO - Found 30/90 opportunity for ALNY: FF=-3.7% (DTE: 18/74) [Valid: True] Near IV: 41.8% Next IV: 43.4%
2025-11-03 11:33:29,368 - __main__ - INFO - Attempting 60/90 for ALNY: 46/74 DTE
2025-11-03 11:33:29,370 - __main__ - INFO - Found 60/90 opportunity for ALNY: FF=-3.5% (DTE: 46/74) [Valid: True] Near IV: 41.8% Next IV: 43.4%
2025-11-03 11:33:30,331 - options_scanner - INFO - Successfully retrieved option chain for BMRN
2025-11-03 11:33:30,341 - __main__ - INFO - Scanning BMRN: 7 valid chains
2025-11-03 11:33:30,341 - __main__ - INFO - Attempting 30/60 for BMRN: 18/46 DTE
2025-11-03 11:33:30,342 - iv_ff_analyzer - ERROR - Error in analyze_chain_iv for BMRN: division by zero
2025-11-03 11:33:30,342 - __main__ - WARNING - Error calculating FF for BMRN 30/60: division by zero
2025-11-03 11:33:30,343 - __main__ - INFO - Attempting 30/90 for BMRN: 18/74 DTE
2025-11-03 11:33:30,343 - __main__ - INFO - Found 30/90 opportunity for BMRN: FF=1.5% (DTE: 18/74) [Valid: True] Near IV: 38.0% Next IV: 37.4%
2025-11-03 11:33:30,343 - __main__ - INFO - Attempting 60/90 for BMRN: 46/74 DTE
2025-11-03 11:33:30,343 - iv_ff_analyzer - ERROR - Error in analyze_chain_iv for BMRN: division by zero
2025-11-03 11:33:30,344 - __main__ - WARNING - Error calculating FF for BMRN 60/90: division by zero
2025-11-03 11:33:30,889 - options_scanner - ERROR - Failed to retrieve option chain for SGEN. Status: 400, Response: {"errors":[{"id":"f4d9fdc7-000a-4b39-aa54-255fbe728223","status":"400","title":"Bad Request","detail":"Check Param Values","source":{"parameter":"Invalid Paramter/Value"}}]}
2025-11-03 11:33:30,893 - __main__ - WARNING - No option chain data for SGEN
2025-11-03 11:33:31,690 - options_scanner - INFO - Successfully retrieved option chain for TECH
2025-11-03 11:33:31,700 - __main__ - INFO - Scanning TECH: 5 valid chains
2025-11-03 11:33:31,701 - __main__ - INFO - Attempting 30/60 for TECH: 18/46 DTE
2025-11-03 11:33:31,701 - iv_ff_analyzer - ERROR - Error in analyze_chain_iv for TECH: division by zero
2025-11-03 11:33:31,702 - iv_ff_analyzer - ERROR - Error in analyze_chain_iv for TECH: division by zero
2025-11-03 11:33:31,702 - __main__ - WARNING - Error calculating FF for TECH 30/60: division by zero
2025-11-03 11:33:31,702 - __main__ - INFO - Attempting 30/90 for TECH: 18/74 DTE
2025-11-03 11:33:31,703 - iv_ff_analyzer - ERROR - Error in analyze_chain_iv for TECH: division by zero
2025-11-03 11:33:31,703 - iv_ff_analyzer - ERROR - Error in analyze_chain_iv for TECH: division by zero
2025-11-03 11:33:31,703 - __main__ - WARNING - Error calculating FF for TECH 30/90: division by zero
2025-11-03 11:33:31,703 - __main__ - INFO - Attempting 60/90 for TECH: 46/74 DTE
2025-11-03 11:33:31,704 - iv_ff_analyzer - ERROR - Error in analyze_chain_iv for TECH: division by zero
2025-11-03 11:33:31,704 - iv_ff_analyzer - ERROR - Error in analyze_chain_iv for TECH: division by zero
2025-11-03 11:33:31,705 - __main__ - WARNING - Error calculating FF for TECH 60/90: division by zero
2025-11-03 11:33:31,705 - __main__ - INFO - No opportunities found for TECH. Available DTEs: [18, 46, 74, 165, 347]
2025-11-03 11:33:32,451 - options_scanner - INFO - Successfully retrieved option chain for EXAS
2025-11-03 11:33:32,470 - __main__ - INFO - Scanning EXAS: 10 valid chains
2025-11-03 11:33:32,470 - __main__ - INFO - Attempting 30/60 for EXAS: 25/46 DTE
2025-11-03 11:33:32,471 - __main__ - INFO - Found 30/60 opportunity for EXAS: FF=14.1% (DTE: 25/46) [Valid: True] Near IV: 60.4% Next IV: 53.0%
2025-11-03 11:33:32,471 - __main__ - INFO - Attempting 30/90 for EXAS: 25/74 DTE
2025-11-03 11:33:32,472 - __main__ - INFO - Found 30/90 opportunity for EXAS: FF=21.9% (DTE: 25/74) [Valid: True] Near IV: 60.4% Next IV: 49.6%
2025-11-03 11:33:32,472 - __main__ - INFO - Attempting 60/90 for EXAS: 46/74 DTE
2025-11-03 11:33:32,472 - __main__ - INFO - Found 60/90 opportunity for EXAS: FF=6.9% (DTE: 46/74) [Valid: True] Near IV: 53.0% Next IV: 49.6%
2025-11-03 11:33:33,618 - options_scanner - INFO - Successfully retrieved option chain for TDOC
2025-11-03 11:33:33,631 - __main__ - INFO - Scanning TDOC: 11 valid chains
2025-11-03 11:33:33,632 - __main__ - INFO - Attempting 30/60 for TDOC: 32/46 DTE
2025-11-03 11:33:33,632 - __main__ - INFO - Found 30/60 opportunity for TDOC: FF=-0.4% (DTE: 32/46) [Valid: True] Near IV: 75.4% Next IV: 75.7%
2025-11-03 11:33:33,633 - __main__ - INFO - Attempting 30/90 for TDOC: 32/74 DTE
2025-11-03 11:33:33,633 - __main__ - INFO - Found 30/90 opportunity for TDOC: FF=4.3% (DTE: 32/74) [Valid: True] Near IV: 75.4% Next IV: 72.3%
2025-11-03 11:33:33,634 - __main__ - INFO - Attempting 60/90 for TDOC: 46/74 DTE
2025-11-03 11:33:33,634 - __main__ - INFO - Found 60/90 opportunity for TDOC: FF=4.7% (DTE: 46/74) [Valid: True] Near IV: 75.7% Next IV: 72.3%
2025-11-03 11:33:34,490 - options_scanner - INFO - Successfully retrieved option chain for VEEV
2025-11-03 11:33:34,534 - __main__ - INFO - Scanning VEEV: 9 valid chains
2025-11-03 11:33:34,535 - __main__ - INFO - Attempting 30/60 for VEEV: 18/46 DTE
2025-11-03 11:33:34,537 - __main__ - INFO - Found 30/60 opportunity for VEEV: FF=21.9% (DTE: 18/46) [Valid: True] Near IV: 45.4% Next IV: 37.3%
2025-11-03 11:33:34,537 - __main__ - INFO - Attempting 30/90 for VEEV: 18/74 DTE
2025-11-03 11:33:34,539 - __main__ - INFO - Found 30/90 opportunity for VEEV: FF=32.9% (DTE: 18/74) [Valid: True] Near IV: 45.4% Next IV: 34.2%
2025-11-03 11:33:34,540 - __main__ - INFO - Attempting 60/90 for VEEV: 46/74 DTE
2025-11-03 11:33:34,542 - __main__ - INFO - Found 60/90 opportunity for VEEV: FF=9.0% (DTE: 46/74) [Valid: True] Near IV: 37.3% Next IV: 34.2%
2025-11-03 11:33:35,220 - options_scanner - INFO - Successfully retrieved option chain for ZBH
2025-11-03 11:33:35,231 - __main__ - INFO - Scanning ZBH: 8 valid chains
2025-11-03 11:33:35,231 - __main__ - INFO - Attempting 30/60 for ZBH: 18/46 DTE
2025-11-03 11:33:35,232 - iv_ff_analyzer - ERROR - Error in analyze_chain_iv for ZBH: division by zero
2025-11-03 11:33:35,232 - __main__ - WARNING - Error calculating FF for ZBH 30/60: division by zero
2025-11-03 11:33:35,232 - __main__ - INFO - Attempting 30/90 for ZBH: 18/74 DTE
2025-11-03 11:33:35,232 - iv_ff_analyzer - ERROR - Error in analyze_chain_iv for ZBH: division by zero
2025-11-03 11:33:35,233 - __main__ - WARNING - Error calculating FF for ZBH 30/90: division by zero
2025-11-03 11:33:35,233 - __main__ - INFO - Attempting 60/90 for ZBH: 46/74 DTE
2025-11-03 11:33:35,233 - iv_ff_analyzer - ERROR - Error in analyze_chain_iv for ZBH: division by zero
2025-11-03 11:33:35,233 - iv_ff_analyzer - ERROR - Error in analyze_chain_iv for ZBH: division by zero
2025-11-03 11:33:35,234 - __main__ - WARNING - Error calculating FF for ZBH 60/90: division by zero
2025-11-03 11:33:35,235 - __main__ - INFO - No opportunities found for ZBH. Available DTEs: [18, 46, 74, 137, 227, 319, 410, 438]
2025-11-03 11:33:36,173 - options_scanner - INFO - Successfully retrieved option chain for ALGN
2025-11-03 11:33:36,231 - __main__ - INFO - Scanning ALGN: 14 valid chains
2025-11-03 11:33:36,232 - __main__ - INFO - Attempting 30/60 for ALGN: 32/46 DTE
2025-11-03 11:33:36,233 - iv_ff_analyzer - ERROR - Error in analyze_chain_iv for ALGN: division by zero
2025-11-03 11:33:36,234 - __main__ - WARNING - Error calculating FF for ALGN 30/60: division by zero
2025-11-03 11:33:36,235 - __main__ - INFO - Attempting 30/90 for ALGN: 32/74 DTE
2025-11-03 11:33:36,235 - iv_ff_analyzer - ERROR - Error in analyze_chain_iv for ALGN: division by zero
2025-11-03 11:33:36,236 - __main__ - WARNING - Error calculating FF for ALGN 30/90: division by zero
2025-11-03 11:33:36,237 - __main__ - INFO - Attempting 60/90 for ALGN: 46/74 DTE
2025-11-03 11:33:36,238 - __main__ - INFO - Found 60/90 opportunity for ALGN: FF=-7.8% (DTE: 46/74) [Valid: True] Near IV: 42.5% Next IV: 46.1%
2025-11-03 11:33:37,140 - options_scanner - INFO - Successfully retrieved option chain for DXCM
2025-11-03 11:33:37,180 - __main__ - INFO - Scanning DXCM: 13 valid chains
2025-11-03 11:33:37,181 - __main__ - INFO - Attempting 30/60 for DXCM: 32/46 DTE
2025-11-03 11:33:37,182 - __main__ - INFO - Found 30/60 opportunity for DXCM: FF=-6.3% (DTE: 32/46) [Valid: True] Near IV: 40.4% Next IV: 43.1%
2025-11-03 11:33:37,183 - __main__ - INFO - Attempting 30/90 for DXCM: 32/74 DTE
2025-11-03 11:33:37,184 - __main__ - INFO - Found 30/90 opportunity for DXCM: FF=-12.3% (DTE: 32/74) [Valid: True] Near IV: 40.4% Next IV: 46.0%
2025-11-03 11:33:37,184 - __main__ - INFO - Attempting 60/90 for DXCM: 46/74 DTE
2025-11-03 11:33:37,185 - __main__ - INFO - Found 60/90 opportunity for DXCM: FF=-6.3% (DTE: 46/74) [Valid: True] Near IV: 43.1% Next IV: 46.0%
2025-11-03 11:33:40,869 - options_scanner - INFO - Successfully retrieved option chain for ISRG
2025-11-03 11:33:40,974 - __main__ - INFO - Scanning ISRG: 15 valid chains
2025-11-03 11:33:40,974 - __main__ - INFO - Attempting 30/60 for ISRG: 32/46 DTE
2025-11-03 11:33:40,975 - __main__ - INFO - Found 30/60 opportunity for ISRG: FF=-5.0% (DTE: 32/46) [Valid: True] Near IV: 25.6% Next IV: 27.0%
2025-11-03 11:33:40,976 - __main__ - INFO - Attempting 30/90 for ISRG: 32/74 DTE
2025-11-03 11:33:40,978 - __main__ - INFO - Found 30/90 opportunity for ISRG: FF=-11.1% (DTE: 32/74) [Valid: True] Near IV: 25.6% Next IV: 28.8%
2025-11-03 11:33:40,978 - __main__ - INFO - Attempting 60/90 for ISRG: 46/74 DTE
2025-11-03 11:33:40,979 - __main__ - INFO - Found 60/90 opportunity for ISRG: FF=-6.4% (DTE: 46/74) [Valid: True] Near IV: 27.0% Next IV: 28.8%
2025-11-03 11:33:41,650 - options_scanner - INFO - Successfully retrieved option chain for HOLX
2025-11-03 11:33:41,660 - __main__ - INFO - Scanning HOLX: 5 valid chains
2025-11-03 11:33:41,660 - __main__ - INFO - Attempting 30/60 for HOLX: 18/46 DTE
2025-11-03 11:33:41,660 - iv_ff_analyzer - ERROR - Error in analyze_chain_iv for HOLX: division by zero
2025-11-03 11:33:41,661 - __main__ - WARNING - Error calculating FF for HOLX 30/60: division by zero
2025-11-03 11:33:41,661 - __main__ - INFO - No opportunities found for HOLX. Available DTEs: [18, 46, 137, 227, 410]
2025-11-03 11:33:42,756 - options_scanner - INFO - Successfully retrieved option chain for IDXX
2025-11-03 11:33:42,769 - __main__ - INFO - Scanning IDXX: 4 valid chains
2025-11-03 11:33:42,770 - __main__ - INFO - Attempting 30/60 for IDXX: 18/46 DTE
2025-11-03 11:33:42,771 - __main__ - INFO - Found 30/60 opportunity for IDXX: FF=11.7% (DTE: 18/46) [Valid: True] Near IV: 33.1% Next IV: 29.7%
2025-11-03 11:33:42,772 - __main__ - INFO - Attempting 30/90 for IDXX: 18/74 DTE
2025-11-03 11:33:42,773 - __main__ - INFO - Found 30/90 opportunity for IDXX: FF=19.3% (DTE: 18/74) [Valid: True] Near IV: 33.1% Next IV: 27.8%
2025-11-03 11:33:42,773 - __main__ - INFO - Attempting 60/90 for IDXX: 46/74 DTE
2025-11-03 11:33:42,775 - __main__ - INFO - Found 60/90 opportunity for IDXX: FF=6.8% (DTE: 46/74) [Valid: True] Near IV: 29.7% Next IV: 27.8%
2025-11-03 11:33:44,011 - options_scanner - INFO - Successfully retrieved option chain for IQV
2025-11-03 11:33:44,026 - __main__ - INFO - Scanning IQV: 6 valid chains
2025-11-03 11:33:44,026 - __main__ - INFO - Attempting 30/60 for IQV: 18/46 DTE
2025-11-03 11:33:44,027 - __main__ - INFO - Found 30/60 opportunity for IQV: FF=9.0% (DTE: 18/46) [Valid: True] Near IV: 34.4% Next IV: 31.5%
2025-11-03 11:33:44,027 - __main__ - INFO - Attempting 30/90 for IQV: 18/109 DTE
2025-11-03 11:33:44,028 - __main__ - INFO - Found 30/90 opportunity for IQV: FF=2.6% (DTE: 18/109) [Valid: True] Near IV: 34.4% Next IV: 33.5%
2025-11-03 11:33:44,029 - __main__ - INFO - Attempting 60/90 for IQV: 46/109 DTE
2025-11-03 11:33:44,029 - __main__ - INFO - Found 60/90 opportunity for IQV: FF=-5.9% (DTE: 46/109) [Valid: True] Near IV: 31.5% Next IV: 33.5%
2025-11-03 11:33:44,827 - options_scanner - INFO - Successfully retrieved option chain for MTD
2025-11-03 11:33:44,872 - __main__ - INFO - Scanning MTD: 7 valid chains
2025-11-03 11:33:44,872 - __main__ - INFO - Attempting 30/60 for MTD: 18/46 DTE
2025-11-03 11:33:44,873 - iv_ff_analyzer - ERROR - Error in analyze_chain_iv for MTD: division by zero
2025-11-03 11:33:44,874 - __main__ - WARNING - Error calculating FF for MTD 30/60: division by zero
2025-11-03 11:33:44,875 - __main__ - INFO - Attempting 30/90 for MTD: 18/74 DTE
2025-11-03 11:33:44,875 - iv_ff_analyzer - ERROR - Error in analyze_chain_iv for MTD: division by zero
2025-11-03 11:33:44,876 - iv_ff_analyzer - ERROR - Error in analyze_chain_iv for MTD: division by zero
2025-11-03 11:33:44,877 - __main__ - WARNING - Error calculating FF for MTD 30/90: division by zero
2025-11-03 11:33:44,877 - __main__ - INFO - Attempting 60/90 for MTD: 46/74 DTE
2025-11-03 11:33:44,878 - iv_ff_analyzer - ERROR - Error in analyze_chain_iv for MTD: division by zero
2025-11-03 11:33:44,879 - __main__ - WARNING - Error calculating FF for MTD 60/90: division by zero
2025-11-03 11:33:44,879 - __main__ - INFO - No opportunities found for MTD. Available DTEs: [18, 46, 74, 165, 256, 347, 382]
2025-11-03 11:33:46,821 - options_scanner - INFO - Successfully retrieved option chain for SCHW
2025-11-03 11:33:46,850 - __main__ - INFO - Scanning SCHW: 14 valid chains
2025-11-03 11:33:46,851 - __main__ - INFO - Attempting 30/60 for SCHW: 32/46 DTE
2025-11-03 11:33:46,853 - __main__ - INFO - Found 30/60 opportunity for SCHW: FF=-13.1% (DTE: 32/46) [Valid: True] Near IV: 22.9% Next IV: 26.3%
2025-11-03 11:33:46,853 - __main__ - INFO - Attempting 30/90 for SCHW: 32/74 DTE
2025-11-03 11:33:46,854 - __main__ - INFO - Found 30/90 opportunity for SCHW: FF=-14.4% (DTE: 32/74) [Valid: True] Near IV: 22.9% Next IV: 26.7%
2025-11-03 11:33:46,855 - __main__ - INFO - Attempting 60/90 for SCHW: 46/74 DTE
2025-11-03 11:33:46,856 - __main__ - INFO - Found 60/90 opportunity for SCHW: FF=-1.6% (DTE: 46/74) [Valid: True] Near IV: 26.3% Next IV: 26.7%
2025-11-03 11:33:47,734 - options_scanner - INFO - Successfully retrieved option chain for MS
2025-11-03 11:33:47,779 - __main__ - INFO - Scanning MS: 17 valid chains
2025-11-03 11:33:47,779 - __main__ - INFO - Attempting 30/60 for MS: 32/46 DTE
2025-11-03 11:33:47,781 - __main__ - INFO - Found 30/60 opportunity for MS: FF=-5.3% (DTE: 32/46) [Valid: True] Near IV: 26.3% Next IV: 27.8%
2025-11-03 11:33:47,781 - __main__ - INFO - Attempting 30/90 for MS: 32/74 DTE
2025-11-03 11:33:47,782 - __main__ - INFO - Found 30/90 opportunity for MS: FF=-8.6% (DTE: 32/74) [Valid: True] Near IV: 26.3% Next IV: 28.8%
2025-11-03 11:33:47,783 - __main__ - INFO - Attempting 60/90 for MS: 46/74 DTE
2025-11-03 11:33:47,783 - __main__ - INFO - Found 60/90 opportunity for MS: FF=-3.5% (DTE: 46/74) [Valid: True] Near IV: 27.8% Next IV: 28.8%
2025-11-03 11:33:51,617 - options_scanner - INFO - Successfully retrieved option chain for BLK
2025-11-03 11:33:51,730 - __main__ - INFO - Scanning BLK: 14 valid chains
2025-11-03 11:33:51,731 - __main__ - INFO - Attempting 30/60 for BLK: 32/46 DTE
2025-11-03 11:33:51,732 - __main__ - INFO - Found 30/60 opportunity for BLK: FF=-16.4% (DTE: 32/46) [Valid: True] Near IV: 22.0% Next IV: 26.4%
2025-11-03 11:33:51,732 - __main__ - INFO - Attempting 30/90 for BLK: 32/74 DTE
2025-11-03 11:33:51,733 - __main__ - INFO - Found 30/90 opportunity for BLK: FF=-16.9% (DTE: 32/74) [Valid: True] Near IV: 22.0% Next IV: 26.5%
2025-11-03 11:33:51,734 - __main__ - INFO - Attempting 60/90 for BLK: 46/74 DTE
2025-11-03 11:33:51,734 - __main__ - INFO - Found 60/90 opportunity for BLK: FF=-0.6% (DTE: 46/74) [Valid: True] Near IV: 26.4% Next IV: 26.5%
2025-11-03 11:33:53,519 - options_scanner - INFO - Successfully retrieved option chain for CB
2025-11-03 11:33:53,552 - __main__ - INFO - Scanning CB: 11 valid chains
2025-11-03 11:33:53,553 - __main__ - INFO - Attempting 30/60 for CB: 18/46 DTE
2025-11-03 11:33:53,555 - __main__ - INFO - Found 30/60 opportunity for CB: FF=14.2% (DTE: 18/46) [Valid: True] Near IV: 17.7% Next IV: 15.5%
2025-11-03 11:33:53,555 - __main__ - INFO - Attempting 30/90 for CB: 18/74 DTE
2025-11-03 11:33:53,556 - __main__ - INFO - Found 30/90 opportunity for CB: FF=16.8% (DTE: 18/74) [Valid: True] Near IV: 17.7% Next IV: 15.2%
2025-11-03 11:33:53,557 - __main__ - INFO - Attempting 60/90 for CB: 46/74 DTE
2025-11-03 11:33:53,558 - __main__ - INFO - Found 60/90 opportunity for CB: FF=2.3% (DTE: 46/74) [Valid: True] Near IV: 15.5% Next IV: 15.2%
2025-11-03 11:33:55,423 - options_scanner - INFO - Successfully retrieved option chain for AIG
2025-11-03 11:33:55,458 - __main__ - INFO - Scanning AIG: 15 valid chains
2025-11-03 11:33:55,458 - __main__ - INFO - Attempting 30/60 for AIG: 32/46 DTE
2025-11-03 11:33:55,459 - iv_ff_analyzer - ERROR - Error in analyze_chain_iv for AIG: division by zero
2025-11-03 11:33:55,460 - __main__ - WARNING - Error calculating FF for AIG 30/60: division by zero
2025-11-03 11:33:55,460 - __main__ - INFO - Attempting 30/90 for AIG: 32/74 DTE
2025-11-03 11:33:55,461 - iv_ff_analyzer - ERROR - Error in analyze_chain_iv for AIG: division by zero
2025-11-03 11:33:55,462 - __main__ - WARNING - Error calculating FF for AIG 30/90: division by zero
2025-11-03 11:33:55,462 - __main__ - INFO - Attempting 60/90 for AIG: 46/74 DTE
2025-11-03 11:33:55,463 - __main__ - INFO - Found 60/90 opportunity for AIG: FF=1.7% (DTE: 46/74) [Valid: True] Near IV: 24.5% Next IV: 24.1%
2025-11-03 11:33:56,115 - options_scanner - INFO - Successfully retrieved option chain for TFC
2025-11-03 11:33:56,126 - __main__ - INFO - Scanning TFC: 12 valid chains
2025-11-03 11:33:56,127 - __main__ - INFO - Attempting 30/60 for TFC: 18/46 DTE
2025-11-03 11:33:56,127 - __main__ - INFO - Found 30/60 opportunity for TFC: FF=37.2% (DTE: 18/46) [Valid: True] Near IV: 28.6% Next IV: 20.9%
2025-11-03 11:33:56,128 - __main__ - INFO - Attempting 30/90 for TFC: 18/74 DTE
2025-11-03 11:33:56,129 - __main__ - INFO - Found 30/90 opportunity for TFC: FF=31.6% (DTE: 18/74) [Valid: True] Near IV: 28.6% Next IV: 21.8%
2025-11-03 11:33:56,129 - __main__ - INFO - Attempting 60/90 for TFC: 46/74 DTE
2025-11-03 11:33:56,130 - __main__ - INFO - Found 60/90 opportunity for TFC: FF=-4.1% (DTE: 46/74) [Valid: True] Near IV: 20.9% Next IV: 21.8%
2025-11-03 11:33:58,020 - options_scanner - INFO - Successfully retrieved option chain for USB
2025-11-03 11:33:58,038 - __main__ - INFO - Scanning USB: 13 valid chains
2025-11-03 11:33:58,039 - __main__ - INFO - Attempting 30/60 for USB: 32/46 DTE
2025-11-03 11:33:58,039 - iv_ff_analyzer - ERROR - Error in analyze_chain_iv for USB: division by zero
2025-11-03 11:33:58,040 - __main__ - WARNING - Error calculating FF for USB 30/60: division by zero
2025-11-03 11:33:58,041 - __main__ - INFO - Attempting 30/90 for USB: 32/74 DTE
2025-11-03 11:33:58,041 - iv_ff_analyzer - ERROR - Error in analyze_chain_iv for USB: division by zero
2025-11-03 11:33:58,042 - __main__ - WARNING - Error calculating FF for USB 30/90: division by zero
2025-11-03 11:33:58,043 - __main__ - INFO - Attempting 60/90 for USB: 46/74 DTE
2025-11-03 11:33:58,044 - __main__ - INFO - Found 60/90 opportunity for USB: FF=-19.0% (DTE: 46/74) [Valid: True] Near IV: 24.9% Next IV: 30.8%
2025-11-03 11:33:59,943 - options_scanner - INFO - Successfully retrieved option chain for PNC
2025-11-03 11:33:59,979 - __main__ - INFO - Scanning PNC: 15 valid chains
2025-11-03 11:33:59,980 - __main__ - INFO - Attempting 30/60 for PNC: 32/46 DTE
2025-11-03 11:33:59,981 - iv_ff_analyzer - ERROR - Error in analyze_chain_iv for PNC: division by zero
2025-11-03 11:33:59,982 - __main__ - WARNING - Error calculating FF for PNC 30/60: division by zero
2025-11-03 11:33:59,982 - __main__ - INFO - Attempting 30/90 for PNC: 32/74 DTE
2025-11-03 11:33:59,982 - iv_ff_analyzer - ERROR - Error in analyze_chain_iv for PNC: division by zero
2025-11-03 11:33:59,983 - __main__ - WARNING - Error calculating FF for PNC 30/90: division by zero
2025-11-03 11:33:59,983 - __main__ - INFO - Attempting 60/90 for PNC: 46/74 DTE
2025-11-03 11:33:59,984 - __main__ - INFO - Found 60/90 opportunity for PNC: FF=-3.3% (DTE: 46/74) [Valid: True] Near IV: 26.1% Next IV: 27.0%
2025-11-03 11:34:01,999 - options_scanner - INFO - Successfully retrieved option chain for COF
2025-11-03 11:34:02,054 - __main__ - INFO - Scanning COF: 14 valid chains
2025-11-03 11:34:02,055 - __main__ - INFO - Attempting 30/60 for COF: 32/46 DTE
2025-11-03 11:34:02,056 - __main__ - INFO - Found 30/60 opportunity for COF: FF=-7.5% (DTE: 32/46) [Valid: True] Near IV: 27.5% Next IV: 29.8%
2025-11-03 11:34:02,057 - __main__ - INFO - Attempting 30/90 for COF: 32/74 DTE
2025-11-03 11:34:02,058 - __main__ - INFO - Found 30/90 opportunity for COF: FF=-7.5% (DTE: 32/74) [Valid: True] Near IV: 27.5% Next IV: 29.8%
2025-11-03 11:34:02,059 - __main__ - INFO - Attempting 60/90 for COF: 46/74 DTE
2025-11-03 11:34:02,060 - __main__ - INFO - Found 60/90 opportunity for COF: FF=0.0% (DTE: 46/74) [Valid: True] Near IV: 29.8% Next IV: 29.8%
2025-11-03 11:34:03,194 - options_scanner - INFO - Successfully retrieved option chain for FITB
2025-11-03 11:34:03,212 - __main__ - INFO - Scanning FITB: 11 valid chains
2025-11-03 11:34:03,212 - __main__ - INFO - Attempting 30/60 for FITB: 18/46 DTE
2025-11-03 11:34:03,213 - __main__ - INFO - Found 30/60 opportunity for FITB: FF=6.6% (DTE: 18/46) [Valid: True] Near IV: 29.3% Next IV: 27.5%
2025-11-03 11:34:03,213 - __main__ - INFO - Attempting 30/90 for FITB: 18/74 DTE
2025-11-03 11:34:03,215 - __main__ - INFO - Found 30/90 opportunity for FITB: FF=15.4% (DTE: 18/74) [Valid: True] Near IV: 29.3% Next IV: 25.4%
2025-11-03 11:34:03,215 - __main__ - INFO - Attempting 60/90 for FITB: 46/74 DTE
2025-11-03 11:34:03,216 - __main__ - INFO - Found 60/90 opportunity for FITB: FF=8.2% (DTE: 46/74) [Valid: True] Near IV: 27.5% Next IV: 25.4%
2025-11-03 11:34:03,217 - __main__ - INFO - ============================================================
2025-11-03 11:34:03,217 - __main__ - INFO - Forward Factor Strategy Scan Complete
2025-11-03 11:34:03,217 - __main__ - INFO - ============================================================
2025-11-03 11:34:03,218 - __main__ - INFO - Scan duration: 66.4 seconds
2025-11-03 11:34:03,218 - __main__ - INFO - Tickers scanned: 50
2025-11-03 11:34:03,218 - __main__ - INFO - Opportunities found: 123
2025-11-03 11:34:03,233 - __main__ - INFO - Detailed results saved to: results\ff_opportunities_20251103_113403.json
2025-11-03 11:34:03,236 - __main__ - INFO - CSV summary saved to: results\ff_opportunities_20251103_113403.csv
