2025-11-03 10:31:19,743 - schwab_orders - INFO - Loaded credentials from local global_.py
2025-11-03 10:31:19,743 - schwab_orders - INFO - Loaded existing tokens from C:\SchwabAccountConfig\DirectAPIUsage\token.json
2025-11-03 10:31:19,744 - __main__ - INFO - ============================================================
2025-11-03 10:31:19,744 - __main__ - INFO - Starting Forward Factor Strategy Scan
2025-11-03 10:31:19,744 - __main__ - INFO - ============================================================
2025-11-03 10:31:19,744 - __main__ - INFO - Schwab API authentication successful
2025-11-03 10:31:19,745 - __main__ - INFO - Using custom ticker list: 3 tickers
2025-11-03 10:31:19,745 - __main__ - INFO - Scanning 3 midcap tickers
2025-11-03 10:31:19,745 - __main__ - INFO - Beginning options chain scanning...
2025-11-03 10:31:23,464 - options_scanner - INFO - Successfully retrieved option chain for AAPL
2025-11-03 10:31:23,576 - __main__ - INFO - Scanning AAPL: 19 valid chains
2025-11-03 10:31:23,577 - __main__ - INFO - Attempting 30/60 for AAPL: 32/46 DTE
2025-11-03 10:31:23,577 - iv_ff_analyzer - ERROR - Error in analyze_chain_iv for AAPL: division by zero
2025-11-03 10:31:23,578 - iv_ff_analyzer - ERROR - Error in analyze_chain_iv for AAPL: division by zero
2025-11-03 10:31:23,579 - __main__ - WARNING - Error calculating FF for AAPL 30/60: division by zero
2025-11-03 10:31:23,579 - __main__ - INFO - Attempting 30/90 for AAPL: 32/74 DTE
2025-11-03 10:31:23,579 - iv_ff_analyzer - ERROR - Error in analyze_chain_iv for AAPL: division by zero
2025-11-03 10:31:23,579 - iv_ff_analyzer - ERROR - Error in analyze_chain_iv for AAPL: division by zero
2025-11-03 10:31:23,580 - __main__ - WARNING - Error calculating FF for AAPL 30/90: division by zero
2025-11-03 10:31:23,580 - __main__ - INFO - Attempting 60/90 for AAPL: 46/74 DTE
2025-11-03 10:31:23,580 - iv_ff_analyzer - ERROR - Error in analyze_chain_iv for AAPL: division by zero
2025-11-03 10:31:23,580 - iv_ff_analyzer - ERROR - Error in analyze_chain_iv for AAPL: division by zero
2025-11-03 10:31:23,581 - __main__ - WARNING - Error calculating FF for AAPL 60/90: division by zero
2025-11-03 10:31:23,581 - __main__ - INFO - No opportunities found for AAPL. Available DTEs: [11, 18, 25, 32, 39, 46, 74, 109, 137, 165, 193, 227, 291, 319, 410, 438, 591, 774, 809]
2025-11-03 10:31:30,577 - options_scanner - INFO - Successfully retrieved option chain for TSLA
2025-11-03 10:31:30,782 - __main__ - INFO - Scanning TSLA: 20 valid chains
2025-11-03 10:31:30,783 - __main__ - INFO - Attempting 30/60 for TSLA: 32/46 DTE
2025-11-03 10:31:30,784 - iv_ff_analyzer - ERROR - Error in analyze_chain_iv for TSLA: division by zero
2025-11-03 10:31:30,784 - iv_ff_analyzer - ERROR - Error in analyze_chain_iv for TSLA: division by zero
2025-11-03 10:31:30,784 - __main__ - WARNING - Error calculating FF for TSLA 30/60: division by zero
2025-11-03 10:31:30,784 - __main__ - INFO - Attempting 30/90 for TSLA: 32/74 DTE
2025-11-03 10:31:30,784 - iv_ff_analyzer - ERROR - Error in analyze_chain_iv for TSLA: division by zero
2025-11-03 10:31:30,785 - iv_ff_analyzer - ERROR - Error in analyze_chain_iv for TSLA: division by zero
2025-11-03 10:31:30,785 - __main__ - WARNING - Error calculating FF for TSLA 30/90: division by zero
2025-11-03 10:31:30,785 - __main__ - INFO - Attempting 60/90 for TSLA: 46/74 DTE
2025-11-03 10:31:30,785 - iv_ff_analyzer - ERROR - Error in analyze_chain_iv for TSLA: division by zero
2025-11-03 10:31:30,785 - iv_ff_analyzer - ERROR - Error in analyze_chain_iv for TSLA: division by zero
2025-11-03 10:31:30,785 - __main__ - WARNING - Error calculating FF for TSLA 60/90: division by zero
2025-11-03 10:31:30,785 - __main__ - INFO - No opportunities found for TSLA. Available DTEs: [11, 18, 25, 32, 39, 46, 74, 109, 137, 165, 193, 227, 256, 291, 319, 410, 438, 591, 774, 809]
2025-11-03 10:31:36,749 - options_scanner - INFO - Successfully retrieved option chain for NVDA
2025-11-03 10:31:36,933 - __main__ - INFO - Scanning NVDA: 19 valid chains
2025-11-03 10:31:36,934 - __main__ - INFO - Attempting 30/60 for NVDA: 32/46 DTE
2025-11-03 10:31:36,934 - iv_ff_analyzer - ERROR - Error in analyze_chain_iv for NVDA: division by zero
2025-11-03 10:31:36,934 - iv_ff_analyzer - ERROR - Error in analyze_chain_iv for NVDA: division by zero
2025-11-03 10:31:36,935 - __main__ - WARNING - Error calculating FF for NVDA 30/60: division by zero
2025-11-03 10:31:36,935 - __main__ - INFO - Attempting 30/90 for NVDA: 32/74 DTE
2025-11-03 10:31:36,935 - iv_ff_analyzer - ERROR - Error in analyze_chain_iv for NVDA: division by zero
2025-11-03 10:31:36,935 - iv_ff_analyzer - ERROR - Error in analyze_chain_iv for NVDA: division by zero
2025-11-03 10:31:36,936 - __main__ - WARNING - Error calculating FF for NVDA 30/90: division by zero
2025-11-03 10:31:36,936 - __main__ - INFO - Attempting 60/90 for NVDA: 46/74 DTE
2025-11-03 10:31:36,936 - iv_ff_analyzer - ERROR - Error in analyze_chain_iv for NVDA: division by zero
2025-11-03 10:31:36,936 - iv_ff_analyzer - ERROR - Error in analyze_chain_iv for NVDA: division by zero
2025-11-03 10:31:36,936 - __main__ - WARNING - Error calculating FF for NVDA 60/90: division by zero
2025-11-03 10:31:36,936 - __main__ - INFO - No opportunities found for NVDA. Available DTEs: [11, 18, 25, 32, 39, 46, 74, 109, 137, 165, 193, 227, 291, 319, 410, 438, 591, 774, 809]
2025-11-03 10:31:36,936 - __main__ - INFO - ============================================================
2025-11-03 10:31:36,937 - __main__ - INFO - Forward Factor Strategy Scan Complete
2025-11-03 10:31:36,937 - __main__ - INFO - ============================================================
2025-11-03 10:31:36,937 - __main__ - INFO - Scan duration: 17.2 seconds
2025-11-03 10:31:36,937 - __main__ - INFO - Tickers scanned: 3
2025-11-03 10:31:36,937 - __main__ - INFO - Opportunities found: 0
