2025-11-03 10:42:52,436 - schwab_orders - INFO - Loaded credentials from local global_.py
2025-11-03 10:42:52,437 - schwab_orders - INFO - Loaded existing tokens from C:\SchwabAccountConfig\DirectAPIUsage\token.json
2025-11-03 10:42:52,437 - __main__ - INFO - ============================================================
2025-11-03 10:42:52,438 - __main__ - INFO - Starting Forward Factor Strategy Scan
2025-11-03 10:42:52,438 - __main__ - INFO - ============================================================
2025-11-03 10:42:53,212 - options_scanner - INFO - Tokens saved successfully
2025-11-03 10:42:53,213 - options_scanner - INFO - Access token refreshed successfully
2025-11-03 10:42:53,214 - __main__ - INFO - Schwab API authentication successful
2025-11-03 10:42:53,214 - __main__ - INFO - Using custom ticker list: 1 tickers
2025-11-03 10:42:53,215 - __main__ - INFO - Scanning 1 midcap tickers
2025-11-03 10:42:53,215 - __main__ - INFO - Beginning options chain scanning...
2025-11-03 10:42:54,623 - options_scanner - INFO - Successfully retrieved option chain for AES
2025-11-03 10:42:54,641 - __main__ - INFO - Scanning AES: 11 valid chains
2025-11-03 10:42:54,642 - __main__ - INFO - Attempting 30/60 for AES: 32/46 DTE
2025-11-03 10:42:54,642 - iv_ff_analyzer - ERROR - Error in analyze_chain_iv for AES: division by zero
2025-11-03 10:42:54,643 - iv_ff_analyzer - ERROR - Error in analyze_chain_iv for AES: division by zero
2025-11-03 10:42:54,643 - __main__ - WARNING - Error calculating FF for AES 30/60: division by zero
2025-11-03 10:42:54,643 - __main__ - INFO - Attempting 30/90 for AES: 32/74 DTE
2025-11-03 10:42:54,643 - iv_ff_analyzer - ERROR - Error in analyze_chain_iv for AES: division by zero
2025-11-03 10:42:54,644 - iv_ff_analyzer - ERROR - Error in analyze_chain_iv for AES: division by zero
2025-11-03 10:42:54,644 - __main__ - WARNING - Error calculating FF for AES 30/90: division by zero
2025-11-03 10:42:54,644 - __main__ - INFO - Attempting 60/90 for AES: 46/74 DTE
2025-11-03 10:42:54,644 - iv_ff_analyzer - ERROR - Error in analyze_chain_iv for AES: division by zero
2025-11-03 10:42:54,645 - iv_ff_analyzer - ERROR - Error in analyze_chain_iv for AES: division by zero
2025-11-03 10:42:54,645 - __main__ - WARNING - Error calculating FF for AES 60/90: division by zero
2025-11-03 10:42:54,645 - __main__ - INFO - No opportunities found for AES. Available DTEs: [11, 18, 25, 32, 39, 46, 74, 109, 193, 438, 809]
2025-11-03 10:42:54,645 - __main__ - INFO - ============================================================
2025-11-03 10:42:54,645 - __main__ - INFO - Forward Factor Strategy Scan Complete
2025-11-03 10:42:54,645 - __main__ - INFO - ============================================================
2025-11-03 10:42:54,645 - __main__ - INFO - Scan duration: 2.2 seconds
2025-11-03 10:42:54,645 - __main__ - INFO - Tickers scanned: 1
2025-11-03 10:42:54,645 - __main__ - INFO - Opportunities found: 0
