2025-11-03 11:56:24,220 - schwab_orders - INFO - Loaded credentials from local global_.py
2025-11-03 11:56:24,235 - schwab_orders - INFO - Loaded existing tokens from C:\SchwabAccountConfig\DirectAPIUsage\token.json
2025-11-03 11:56:24,235 - __main__ - INFO - ============================================================
2025-11-03 11:56:24,236 - __main__ - INFO - Starting Forward Factor Strategy Scan
2025-11-03 11:56:24,236 - __main__ - INFO - ============================================================
2025-11-03 11:56:24,236 - __main__ - INFO - Schwab API authentication successful
2025-11-03 11:56:24,238 - __main__ - INFO - Using suggested midcap universe: 155 tickers
2025-11-03 11:56:24,238 - __main__ - INFO - Limited to 50 tickers for performance
2025-11-03 11:56:24,238 - __main__ - INFO - Scanning 50 midcap tickers
2025-11-03 11:56:24,238 - __main__ - INFO - Beginning options chain scanning...
2025-11-03 11:56:26,210 - options_scanner - INFO - Successfully retrieved option chain for TEAM
2025-11-03 11:56:26,255 - __main__ - INFO - Scanning TEAM: 13 valid chains
2025-11-03 11:56:26,256 - __main__ - INFO - Attempting 30/60 for TEAM: 32/46 DTE
2025-11-03 11:56:26,257 - __main__ - INFO - Found 30/60 opportunity for TEAM: FF=12.7% (DTE: 32/46) [Valid: True] Near IV: 52.7% Next IV: 51.0%
2025-11-03 11:56:26,258 - __main__ - INFO - Attempting 30/90 for TEAM: 32/74 DTE
2025-11-03 11:56:26,259 - __main__ - INFO - Found 30/90 opportunity for TEAM: FF=11.6% (DTE: 32/74) [Valid: True] Near IV: 52.7% Next IV: 49.7%
2025-11-03 11:56:26,259 - __main__ - INFO - Attempting 60/90 for TEAM: 46/74 DTE
2025-11-03 11:56:26,260 - __main__ - INFO - Found 60/90 opportunity for TEAM: FF=7.4% (DTE: 46/74) [Valid: True] Near IV: 51.0% Next IV: 49.7%
2025-11-03 11:56:27,268 - options_scanner - INFO - Successfully retrieved option chain for OKTA
2025-11-03 11:56:27,307 - __main__ - INFO - Scanning OKTA: 16 valid chains
2025-11-03 11:56:27,307 - __main__ - INFO - Attempting 30/60 for OKTA: 32/46 DTE
2025-11-03 11:56:27,309 - __main__ - INFO - Found 30/60 opportunity for OKTA: FF=38.4% (DTE: 32/46) [Valid: True] Near IV: 62.2% Next IV: 57.5%
2025-11-03 11:56:27,309 - __main__ - INFO - Attempting 30/90 for OKTA: 32/74 DTE
2025-11-03 11:56:27,311 - __main__ - INFO - Found 30/90 opportunity for OKTA: FF=44.9% (DTE: 32/74) [Valid: True] Near IV: 62.2% Next IV: 52.1%
2025-11-03 11:56:27,311 - __main__ - INFO - Attempting 60/90 for OKTA: 46/74 DTE
2025-11-03 11:56:27,312 - __main__ - INFO - Found 60/90 opportunity for OKTA: FF=37.4% (DTE: 46/74) [Valid: True] Near IV: 57.5% Next IV: 52.1%
2025-11-03 11:56:28,354 - options_scanner - INFO - Successfully retrieved option chain for ZS
2025-11-03 11:56:28,424 - __main__ - INFO - Scanning ZS: 15 valid chains
2025-11-03 11:56:28,424 - __main__ - INFO - Attempting 30/60 for ZS: 32/46 DTE
2025-11-03 11:56:28,427 - __main__ - INFO - Found 30/60 opportunity for ZS: FF=14.9% (DTE: 32/46) [Valid: True] Near IV: 53.6% Next IV: 51.6%
2025-11-03 11:56:28,427 - __main__ - INFO - Attempting 30/90 for ZS: 32/74 DTE
2025-11-03 11:56:28,430 - __main__ - INFO - Found 30/90 opportunity for ZS: FF=28.1% (DTE: 32/74) [Valid: True] Near IV: 53.6% Next IV: 47.3%
2025-11-03 11:56:28,430 - __main__ - INFO - Attempting 60/90 for ZS: 46/74 DTE
2025-11-03 11:56:28,432 - __main__ - INFO - Found 60/90 opportunity for ZS: FF=31.4% (DTE: 46/74) [Valid: True] Near IV: 51.6% Next IV: 47.3%
2025-11-03 11:56:32,658 - options_scanner - INFO - Successfully retrieved option chain for CRWD
2025-11-03 11:56:32,778 - __main__ - INFO - Scanning CRWD: 18 valid chains
2025-11-03 11:56:32,779 - __main__ - INFO - Attempting 30/60 for CRWD: 32/46 DTE
2025-11-03 11:56:32,782 - __main__ - INFO - Found 30/60 opportunity for CRWD: FF=3.6% (DTE: 32/46) [Valid: True] Near IV: 48.8% Next IV: 48.3%
2025-11-03 11:56:32,782 - __main__ - INFO - Attempting 30/90 for CRWD: 32/74 DTE
2025-11-03 11:56:32,785 - __main__ - INFO - Found 30/90 opportunity for CRWD: FF=18.5% (DTE: 32/74) [Valid: True] Near IV: 48.8% Next IV: 44.6%
2025-11-03 11:56:32,785 - __main__ - INFO - Attempting 60/90 for CRWD: 46/74 DTE
2025-11-03 11:56:32,787 - __main__ - INFO - Found 60/90 opportunity for CRWD: FF=27.5% (DTE: 46/74) [Valid: True] Near IV: 48.3% Next IV: 44.6%
2025-11-03 11:56:33,898 - options_scanner - INFO - Successfully retrieved option chain for NET
2025-11-03 11:56:33,984 - __main__ - INFO - Scanning NET: 15 valid chains
2025-11-03 11:56:33,985 - __main__ - INFO - Attempting 30/60 for NET: 32/46 DTE
2025-11-03 11:56:33,987 - __main__ - INFO - Found 30/60 opportunity for NET: FF=0.8% (DTE: 32/46) [Valid: True] Near IV: 48.7% Next IV: 48.6%
2025-11-03 11:56:33,987 - __main__ - INFO - Attempting 30/90 for NET: 32/74 DTE
2025-11-03 11:56:33,989 - __main__ - INFO - Found 30/90 opportunity for NET: FF=3.3% (DTE: 32/74) [Valid: True] Near IV: 48.7% Next IV: 47.9%
2025-11-03 11:56:33,989 - __main__ - INFO - Attempting 60/90 for NET: 46/74 DTE
2025-11-03 11:56:33,992 - __main__ - INFO - Found 60/90 opportunity for NET: FF=4.3% (DTE: 46/74) [Valid: True] Near IV: 48.6% Next IV: 47.9%
2025-11-03 11:56:35,006 - options_scanner - INFO - Successfully retrieved option chain for DDOG
2025-11-03 11:56:35,059 - __main__ - INFO - Scanning DDOG: 14 valid chains
2025-11-03 11:56:35,059 - __main__ - INFO - Attempting 30/60 for DDOG: 32/46 DTE
2025-11-03 11:56:35,062 - __main__ - INFO - Found 30/60 opportunity for DDOG: FF=26.8% (DTE: 32/46) [Valid: True] Near IV: 55.3% Next IV: 52.0%
2025-11-03 11:56:35,062 - __main__ - INFO - Attempting 30/90 for DDOG: 32/74 DTE
2025-11-03 11:56:35,063 - __main__ - INFO - Found 30/90 opportunity for DDOG: FF=31.8% (DTE: 32/74) [Valid: True] Near IV: 55.3% Next IV: 48.2%
2025-11-03 11:56:35,064 - __main__ - INFO - Attempting 60/90 for DDOG: 46/74 DTE
2025-11-03 11:56:35,065 - __main__ - INFO - Found 60/90 opportunity for DDOG: FF=26.5% (DTE: 46/74) [Valid: True] Near IV: 52.0% Next IV: 48.2%
2025-11-03 11:56:38,026 - options_scanner - INFO - Successfully retrieved option chain for SNOW
2025-11-03 11:56:38,113 - __main__ - INFO - Scanning SNOW: 18 valid chains
2025-11-03 11:56:38,114 - __main__ - INFO - Attempting 30/60 for SNOW: 32/46 DTE
2025-11-03 11:56:38,115 - __main__ - INFO - Found 30/60 opportunity for SNOW: FF=26.5% (DTE: 32/46) [Valid: True] Near IV: 58.6% Next IV: 55.2%
2025-11-03 11:56:38,116 - __main__ - INFO - Attempting 30/90 for SNOW: 32/74 DTE
2025-11-03 11:56:38,117 - __main__ - INFO - Found 30/90 opportunity for SNOW: FF=38.1% (DTE: 32/74) [Valid: True] Near IV: 58.6% Next IV: 50.1%
2025-11-03 11:56:38,117 - __main__ - INFO - Attempting 60/90 for SNOW: 46/74 DTE
2025-11-03 11:56:38,118 - __main__ - INFO - Found 60/90 opportunity for SNOW: FF=36.7% (DTE: 46/74) [Valid: True] Near IV: 55.2% Next IV: 50.1%
2025-11-03 11:56:39,538 - options_scanner - INFO - Successfully retrieved option chain for PATH
2025-11-03 11:56:39,563 - __main__ - INFO - Scanning PATH: 11 valid chains
2025-11-03 11:56:39,563 - __main__ - INFO - Attempting 30/60 for PATH: 32/46 DTE
2025-11-03 11:56:39,565 - __main__ - INFO - Found 30/60 opportunity for PATH: FF=11.0% (DTE: 32/46) [Valid: True] Near IV: 91.3% Next IV: 88.6%
2025-11-03 11:56:39,565 - __main__ - INFO - Attempting 30/90 for PATH: 32/74 DTE
2025-11-03 11:56:39,566 - __main__ - INFO - Found 30/90 opportunity for PATH: FF=23.4% (DTE: 32/74) [Valid: True] Near IV: 91.3% Next IV: 81.9%
2025-11-03 11:56:39,567 - __main__ - INFO - Attempting 60/90 for PATH: 46/74 DTE
2025-11-03 11:56:39,568 - __main__ - INFO - Found 60/90 opportunity for PATH: FF=27.5% (DTE: 46/74) [Valid: True] Near IV: 88.6% Next IV: 81.9%
2025-11-03 11:56:40,723 - options_scanner - INFO - Successfully retrieved option chain for ESTC
2025-11-03 11:56:40,749 - __main__ - INFO - Scanning ESTC: 10 valid chains
2025-11-03 11:56:40,750 - __main__ - INFO - Attempting 30/60 for ESTC: 18/46 DTE
2025-11-03 11:56:40,751 - __main__ - INFO - Found 30/60 opportunity for ESTC: FF=18.7% (DTE: 18/46) [Valid: True] Near IV: 66.1% Next IV: 60.0%
2025-11-03 11:56:40,752 - __main__ - INFO - Attempting 30/90 for ESTC: 18/74 DTE
2025-11-03 11:56:40,753 - __main__ - INFO - Found 30/90 opportunity for ESTC: FF=30.9% (DTE: 18/74) [Valid: True] Near IV: 66.1% Next IV: 54.7%
2025-11-03 11:56:40,754 - __main__ - INFO - Attempting 60/90 for ESTC: 46/74 DTE
2025-11-03 11:56:40,755 - __main__ - INFO - Found 60/90 opportunity for ESTC: FF=34.1% (DTE: 46/74) [Valid: True] Near IV: 60.0% Next IV: 54.7%
2025-11-03 11:56:41,828 - options_scanner - INFO - Successfully retrieved option chain for DOCU
2025-11-03 11:56:41,880 - __main__ - INFO - Scanning DOCU: 15 valid chains
2025-11-03 11:56:41,881 - __main__ - INFO - Attempting 30/60 for DOCU: 32/46 DTE
2025-11-03 11:56:41,882 - __main__ - INFO - Found 30/60 opportunity for DOCU: FF=-31.3% (DTE: 32/46) [Valid: True] Near IV: 46.7% Next IV: 54.1%
2025-11-03 11:56:41,882 - __main__ - INFO - Attempting 30/90 for DOCU: 32/74 DTE
2025-11-03 11:56:41,884 - __main__ - INFO - Found 30/90 opportunity for DOCU: FF=-11.5% (DTE: 32/74) [Valid: True] Near IV: 46.7% Next IV: 50.2%
2025-11-03 11:56:41,884 - __main__ - INFO - Attempting 60/90 for DOCU: 46/74 DTE
2025-11-03 11:56:41,885 - __main__ - INFO - Found 60/90 opportunity for DOCU: FF=25.1% (DTE: 46/74) [Valid: True] Near IV: 54.1% Next IV: 50.2%
2025-11-03 11:56:42,948 - options_scanner - INFO - Successfully retrieved option chain for TWLO
2025-11-03 11:56:43,029 - __main__ - INFO - Scanning TWLO: 15 valid chains
2025-11-03 11:56:43,030 - __main__ - INFO - Attempting 30/60 for TWLO: 32/46 DTE
2025-11-03 11:56:43,031 - __main__ - INFO - Found 30/60 opportunity for TWLO: FF=16.8% (DTE: 32/46) [Valid: True] Near IV: 42.8% Next IV: 41.1%
2025-11-03 11:56:43,032 - __main__ - INFO - Attempting 30/90 for TWLO: 32/74 DTE
2025-11-03 11:56:43,033 - __main__ - INFO - Found 30/90 opportunity for TWLO: FF=17.0% (DTE: 32/74) [Valid: True] Near IV: 42.8% Next IV: 39.4%
2025-11-03 11:56:43,034 - __main__ - INFO - Attempting 60/90 for TWLO: 46/74 DTE
2025-11-03 11:56:43,035 - __main__ - INFO - Found 60/90 opportunity for TWLO: FF=12.2% (DTE: 46/74) [Valid: True] Near IV: 41.1% Next IV: 39.4%
2025-11-03 11:56:44,024 - options_scanner - INFO - Successfully retrieved option chain for ZM
2025-11-03 11:56:44,054 - __main__ - INFO - Scanning ZM: 15 valid chains
2025-11-03 11:56:44,055 - __main__ - INFO - Attempting 30/60 for ZM: 32/46 DTE
2025-11-03 11:56:44,056 - __main__ - INFO - Found 30/60 opportunity for ZM: FF=-2.5% (DTE: 32/46) [Valid: True] Near IV: 40.1% Next IV: 40.5%
2025-11-03 11:56:44,056 - __main__ - INFO - Attempting 30/90 for ZM: 32/74 DTE
2025-11-03 11:56:44,057 - __main__ - INFO - Found 30/90 opportunity for ZM: FF=19.6% (DTE: 32/74) [Valid: True] Near IV: 40.1% Next IV: 36.6%
2025-11-03 11:56:44,057 - __main__ - INFO - Attempting 60/90 for ZM: 46/74 DTE
2025-11-03 11:56:44,058 - __main__ - INFO - Found 60/90 opportunity for ZM: FF=39.4% (DTE: 46/74) [Valid: True] Near IV: 40.5% Next IV: 36.6%
2025-11-03 11:56:45,027 - options_scanner - INFO - Successfully retrieved option chain for PINS
2025-11-03 11:56:45,056 - __main__ - INFO - Scanning PINS: 16 valid chains
2025-11-03 11:56:45,056 - __main__ - INFO - Attempting 30/60 for PINS: 32/46 DTE
2025-11-03 11:56:45,057 - __main__ - INFO - Found 30/60 opportunity for PINS: FF=33.8% (DTE: 32/46) [Valid: True] Near IV: 67.5% Next IV: 62.8%
2025-11-03 11:56:45,058 - __main__ - INFO - Attempting 30/90 for PINS: 32/74 DTE
2025-11-03 11:56:45,059 - __main__ - INFO - Found 30/90 opportunity for PINS: FF=51.8% (DTE: 32/74) [Valid: True] Near IV: 67.5% Next IV: 55.6%
2025-11-03 11:56:45,059 - __main__ - INFO - Attempting 60/90 for PINS: 46/74 DTE
2025-11-03 11:56:45,060 - __main__ - INFO - Found 60/90 opportunity for PINS: FF=52.6% (DTE: 46/74) [Valid: True] Near IV: 62.8% Next IV: 55.6%
2025-11-03 11:56:45,888 - options_scanner - INFO - Successfully retrieved option chain for SNAP
2025-11-03 11:56:45,906 - __main__ - INFO - Scanning SNAP: 13 valid chains
2025-11-03 11:56:45,907 - __main__ - INFO - Attempting 30/60 for SNAP: 32/46 DTE
2025-11-03 11:56:45,908 - __main__ - INFO - Found 30/60 opportunity for SNAP: FF=-0.4% (DTE: 32/46) [Valid: True] Near IV: 80.7% Next IV: 80.8%
2025-11-03 11:56:45,908 - __main__ - INFO - Attempting 30/90 for SNAP: 32/74 DTE
2025-11-03 11:56:45,909 - __main__ - INFO - Found 30/90 opportunity for SNAP: FF=21.8% (DTE: 32/74) [Valid: True] Near IV: 80.7% Next IV: 72.8%
2025-11-03 11:56:45,909 - __main__ - INFO - Attempting 60/90 for SNAP: 46/74 DTE
2025-11-03 11:56:45,910 - __main__ - INFO - Found 60/90 opportunity for SNAP: FF=40.6% (DTE: 46/74) [Valid: True] Near IV: 80.8% Next IV: 72.8%
2025-11-03 11:56:46,962 - options_scanner - INFO - Successfully retrieved option chain for UBER
2025-11-03 11:56:47,025 - __main__ - INFO - Scanning UBER: 16 valid chains
2025-11-03 11:56:47,026 - __main__ - INFO - Attempting 30/60 for UBER: 32/46 DTE
2025-11-03 11:56:47,027 - __main__ - INFO - Found 30/60 opportunity for UBER: FF=2.0% (DTE: 32/46) [Valid: True] Near IV: 42.2% Next IV: 41.9%
2025-11-03 11:56:47,028 - __main__ - INFO - Attempting 30/90 for UBER: 32/74 DTE
2025-11-03 11:56:47,030 - __main__ - INFO - Found 30/90 opportunity for UBER: FF=14.7% (DTE: 32/74) [Valid: True] Near IV: 42.2% Next IV: 39.2%
2025-11-03 11:56:47,030 - __main__ - INFO - Attempting 60/90 for UBER: 46/74 DTE
2025-11-03 11:56:47,032 - __main__ - INFO - Found 60/90 opportunity for UBER: FF=22.4% (DTE: 46/74) [Valid: True] Near IV: 41.9% Next IV: 39.2%
2025-11-03 11:56:47,882 - options_scanner - INFO - Successfully retrieved option chain for LYFT
2025-11-03 11:56:47,907 - __main__ - INFO - Scanning LYFT: 15 valid chains
2025-11-03 11:56:47,908 - __main__ - INFO - Attempting 30/60 for LYFT: 32/46 DTE
2025-11-03 11:56:47,908 - __main__ - INFO - Found 30/60 opportunity for LYFT: FF=-0.5% (DTE: 32/46) [Valid: True] Near IV: 73.1% Next IV: 73.2%
2025-11-03 11:56:47,909 - __main__ - INFO - Attempting 30/90 for LYFT: 32/74 DTE
2025-11-03 11:56:47,910 - __main__ - INFO - Found 30/90 opportunity for LYFT: FF=20.1% (DTE: 32/74) [Valid: True] Near IV: 73.1% Next IV: 66.4%
2025-11-03 11:56:47,910 - __main__ - INFO - Attempting 60/90 for LYFT: 46/74 DTE
2025-11-03 11:56:47,911 - __main__ - INFO - Found 60/90 opportunity for LYFT: FF=36.9% (DTE: 46/74) [Valid: True] Near IV: 73.2% Next IV: 66.4%
2025-11-03 11:56:50,582 - options_scanner - INFO - Successfully retrieved option chain for RBLX
2025-11-03 11:56:50,629 - __main__ - INFO - Scanning RBLX: 14 valid chains
2025-11-03 11:56:50,630 - __main__ - INFO - Attempting 30/60 for RBLX: 32/46 DTE
2025-11-03 11:56:50,630 - __main__ - INFO - Found 30/60 opportunity for RBLX: FF=-1.4% (DTE: 32/46) [Valid: True] Near IV: 52.7% Next IV: 52.9%
2025-11-03 11:56:50,631 - __main__ - INFO - Attempting 30/90 for RBLX: 32/74 DTE
2025-11-03 11:56:50,632 - __main__ - INFO - Found 30/90 opportunity for RBLX: FF=0.2% (DTE: 32/74) [Valid: True] Near IV: 52.7% Next IV: 52.7%
2025-11-03 11:56:50,632 - __main__ - INFO - Attempting 60/90 for RBLX: 46/74 DTE
2025-11-03 11:56:50,632 - __main__ - INFO - Found 60/90 opportunity for RBLX: FF=1.4% (DTE: 46/74) [Valid: True] Near IV: 52.9% Next IV: 52.7%
2025-11-03 11:56:51,613 - options_scanner - INFO - Successfully retrieved option chain for U
2025-11-03 11:56:51,650 - __main__ - INFO - Scanning U: 15 valid chains
2025-11-03 11:56:51,650 - __main__ - INFO - Attempting 30/60 for U: 32/46 DTE
2025-11-03 11:56:51,652 - __main__ - INFO - Found 30/60 opportunity for U: FF=33.2% (DTE: 32/46) [Valid: True] Near IV: 88.1% Next IV: 82.1%
2025-11-03 11:56:51,652 - __main__ - INFO - Attempting 30/90 for U: 32/74 DTE
2025-11-03 11:56:51,653 - __main__ - INFO - Found 30/90 opportunity for U: FF=35.7% (DTE: 32/74) [Valid: True] Near IV: 88.1% Next IV: 75.8%
2025-11-03 11:56:51,653 - __main__ - INFO - Attempting 60/90 for U: 46/74 DTE
2025-11-03 11:56:51,654 - __main__ - INFO - Found 60/90 opportunity for U: FF=27.5% (DTE: 46/74) [Valid: True] Near IV: 82.1% Next IV: 75.8%
2025-11-03 11:56:55,661 - options_scanner - INFO - Successfully retrieved option chain for PLTR
2025-11-03 11:56:55,780 - __main__ - INFO - Scanning PLTR: 20 valid chains
2025-11-03 11:56:55,781 - __main__ - INFO - Attempting 30/60 for PLTR: 32/46 DTE
2025-11-03 11:56:55,783 - __main__ - INFO - Found 30/60 opportunity for PLTR: FF=11.9% (DTE: 32/46) [Valid: True] Near IV: 65.8% Next IV: 63.7%
2025-11-03 11:56:55,783 - __main__ - INFO - Attempting 30/90 for PLTR: 32/74 DTE
2025-11-03 11:56:55,784 - __main__ - INFO - Found 30/90 opportunity for PLTR: FF=15.3% (DTE: 32/74) [Valid: True] Near IV: 65.8% Next IV: 61.0%
2025-11-03 11:56:55,785 - __main__ - INFO - Attempting 60/90 for PLTR: 46/74 DTE
2025-11-03 11:56:55,786 - __main__ - INFO - Found 60/90 opportunity for PLTR: FF=13.5% (DTE: 46/74) [Valid: True] Near IV: 63.7% Next IV: 61.0%
2025-11-03 11:57:01,005 - options_scanner - INFO - Successfully retrieved option chain for COIN
2025-11-03 11:57:01,138 - __main__ - INFO - Scanning COIN: 17 valid chains
2025-11-03 11:57:01,138 - __main__ - INFO - Attempting 30/60 for COIN: 32/46 DTE
2025-11-03 11:57:01,139 - __main__ - INFO - Found 30/60 opportunity for COIN: FF=-8.0% (DTE: 32/46) [Valid: True] Near IV: 62.0% Next IV: 63.7%
2025-11-03 11:57:01,140 - __main__ - INFO - Attempting 30/90 for COIN: 32/74 DTE
2025-11-03 11:57:01,142 - __main__ - INFO - Found 30/90 opportunity for COIN: FF=-2.2% (DTE: 32/74) [Valid: True] Near IV: 62.0% Next IV: 62.8%
2025-11-03 11:57:01,143 - __main__ - INFO - Attempting 60/90 for COIN: 46/74 DTE
2025-11-03 11:57:01,143 - __main__ - INFO - Found 60/90 opportunity for COIN: FF=4.0% (DTE: 46/74) [Valid: True] Near IV: 63.7% Next IV: 62.8%
2025-11-03 11:57:02,279 - options_scanner - INFO - Successfully retrieved option chain for MRNA
2025-11-03 11:57:02,311 - __main__ - INFO - Scanning MRNA: 14 valid chains
2025-11-03 11:57:02,312 - __main__ - INFO - Attempting 30/60 for MRNA: 32/46 DTE
2025-11-03 11:57:02,315 - __main__ - INFO - Found 30/60 opportunity for MRNA: FF=1.2% (DTE: 32/46) [Valid: True] Near IV: 79.8% Next IV: 79.5%
2025-11-03 11:57:02,315 - __main__ - INFO - Attempting 30/90 for MRNA: 32/74 DTE
2025-11-03 11:57:02,317 - __main__ - INFO - Found 30/90 opportunity for MRNA: FF=3.2% (DTE: 32/74) [Valid: True] Near IV: 79.8% Next IV: 78.4%
2025-11-03 11:57:02,318 - __main__ - INFO - Attempting 60/90 for MRNA: 46/74 DTE
2025-11-03 11:57:02,320 - __main__ - INFO - Found 60/90 opportunity for MRNA: FF=3.9% (DTE: 46/74) [Valid: True] Near IV: 79.5% Next IV: 78.4%
2025-11-03 11:57:03,702 - options_scanner - INFO - Successfully retrieved option chain for REGN
2025-11-03 11:57:03,786 - __main__ - INFO - Scanning REGN: 15 valid chains
2025-11-03 11:57:03,786 - __main__ - INFO - Attempting 30/60 for REGN: 32/46 DTE
2025-11-03 11:57:03,788 - __main__ - INFO - Found 30/60 opportunity for REGN: FF=13.0% (DTE: 32/46) [Valid: True] Near IV: 30.7% Next IV: 29.7%
2025-11-03 11:57:03,788 - __main__ - INFO - Attempting 30/90 for REGN: 32/74 DTE
2025-11-03 11:57:03,789 - __main__ - INFO - Found 30/90 opportunity for REGN: FF=-12.9% (DTE: 32/74) [Valid: True] Near IV: 30.7% Next IV: 33.4%
2025-11-03 11:57:03,789 - __main__ - INFO - Attempting 60/90 for REGN: 46/74 DTE
2025-11-03 11:57:03,791 - __main__ - INFO - Found 60/90 opportunity for REGN: FF=-23.2% (DTE: 46/74) [Valid: True] Near IV: 29.7% Next IV: 33.4%
2025-11-03 11:57:04,778 - options_scanner - INFO - Successfully retrieved option chain for BIIB
2025-11-03 11:57:04,834 - __main__ - INFO - Scanning BIIB: 14 valid chains
2025-11-03 11:57:04,835 - __main__ - INFO - Attempting 30/60 for BIIB: 32/46 DTE
2025-11-03 11:57:04,836 - __main__ - INFO - Found 30/60 opportunity for BIIB: FF=-12.2% (DTE: 32/46) [Valid: True] Near IV: 36.5% Next IV: 38.1%
2025-11-03 11:57:04,837 - __main__ - INFO - Attempting 30/90 for BIIB: 32/74 DTE
2025-11-03 11:57:04,839 - __main__ - INFO - Found 30/90 opportunity for BIIB: FF=-12.0% (DTE: 32/74) [Valid: True] Near IV: 36.5% Next IV: 39.4%
2025-11-03 11:57:04,839 - __main__ - INFO - Attempting 60/90 for BIIB: 46/74 DTE
2025-11-03 11:57:04,840 - __main__ - INFO - Found 60/90 opportunity for BIIB: FF=-7.9% (DTE: 46/74) [Valid: True] Near IV: 38.1% Next IV: 39.4%
2025-11-03 11:57:05,572 - options_scanner - INFO - Successfully retrieved option chain for ILMN
2025-11-03 11:57:05,590 - __main__ - INFO - Scanning ILMN: 8 valid chains
2025-11-03 11:57:05,590 - __main__ - INFO - Attempting 30/60 for ILMN: 18/46 DTE
2025-11-03 11:57:05,591 - __main__ - INFO - Found 30/60 opportunity for ILMN: FF=-7.8% (DTE: 18/46) [Valid: True] Near IV: 43.7% Next IV: 46.0%
2025-11-03 11:57:05,591 - __main__ - INFO - Attempting 30/90 for ILMN: 18/74 DTE
2025-11-03 11:57:05,592 - __main__ - INFO - Found 30/90 opportunity for ILMN: FF=-13.4% (DTE: 18/74) [Valid: True] Near IV: 43.7% Next IV: 48.9%
2025-11-03 11:57:05,592 - __main__ - INFO - Attempting 60/90 for ILMN: 46/74 DTE
2025-11-03 11:57:05,593 - __main__ - INFO - Found 60/90 opportunity for ILMN: FF=-13.8% (DTE: 46/74) [Valid: True] Near IV: 46.0% Next IV: 48.9%
2025-11-03 11:57:08,260 - options_scanner - INFO - Successfully retrieved option chain for VRTX
2025-11-03 11:57:08,322 - __main__ - INFO - Scanning VRTX: 15 valid chains
2025-11-03 11:57:08,323 - __main__ - INFO - Attempting 30/60 for VRTX: 32/46 DTE
2025-11-03 11:57:08,324 - iv_ff_analyzer - ERROR - Error in analyze_chain_iv for VRTX: division by zero
2025-11-03 11:57:08,325 - __main__ - WARNING - Error calculating FF for VRTX 30/60: division by zero
2025-11-03 11:57:08,326 - __main__ - INFO - Attempting 30/90 for VRTX: 32/74 DTE
2025-11-03 11:57:08,327 - iv_ff_analyzer - ERROR - Error in analyze_chain_iv for VRTX: division by zero
2025-11-03 11:57:08,328 - __main__ - WARNING - Error calculating FF for VRTX 30/90: division by zero
2025-11-03 11:57:08,328 - __main__ - INFO - Attempting 60/90 for VRTX: 46/74 DTE
2025-11-03 11:57:08,331 - __main__ - INFO - Found 60/90 opportunity for VRTX: FF=19.8% (DTE: 46/74) [Valid: True] Near IV: 34.4% Next IV: 32.4%
2025-11-03 11:57:09,169 - options_scanner - INFO - Successfully retrieved option chain for ALNY
2025-11-03 11:57:09,200 - __main__ - INFO - Scanning ALNY: 7 valid chains
2025-11-03 11:57:09,201 - __main__ - INFO - Attempting 30/60 for ALNY: 18/46 DTE
2025-11-03 11:57:09,202 - __main__ - INFO - Found 30/60 opportunity for ALNY: FF=-1.3% (DTE: 18/46) [Valid: True] Near IV: 42.4% Next IV: 42.7%
2025-11-03 11:57:09,203 - __main__ - INFO - Attempting 30/90 for ALNY: 18/74 DTE
2025-11-03 11:57:09,204 - __main__ - INFO - Found 30/90 opportunity for ALNY: FF=-2.7% (DTE: 18/74) [Valid: True] Near IV: 42.4% Next IV: 43.3%
2025-11-03 11:57:09,204 - __main__ - INFO - Attempting 60/90 for ALNY: 46/74 DTE
2025-11-03 11:57:09,206 - __main__ - INFO - Found 60/90 opportunity for ALNY: FF=-3.3% (DTE: 46/74) [Valid: True] Near IV: 42.7% Next IV: 43.3%
2025-11-03 11:57:09,894 - options_scanner - INFO - Successfully retrieved option chain for BMRN
2025-11-03 11:57:09,905 - __main__ - INFO - Scanning BMRN: 7 valid chains
2025-11-03 11:57:09,906 - __main__ - INFO - Attempting 30/60 for BMRN: 18/46 DTE
2025-11-03 11:57:09,906 - iv_ff_analyzer - ERROR - Error in analyze_chain_iv for BMRN: division by zero
2025-11-03 11:57:09,908 - __main__ - WARNING - Error calculating FF for BMRN 30/60: division by zero
2025-11-03 11:57:09,908 - __main__ - INFO - Attempting 30/90 for BMRN: 18/74 DTE
2025-11-03 11:57:09,909 - __main__ - INFO - Found 30/90 opportunity for BMRN: FF=-3.3% (DTE: 18/74) [Valid: True] Near IV: 36.9% Next IV: 37.9%
2025-11-03 11:57:09,909 - __main__ - INFO - Attempting 60/90 for BMRN: 46/74 DTE
2025-11-03 11:57:09,909 - iv_ff_analyzer - ERROR - Error in analyze_chain_iv for BMRN: division by zero
2025-11-03 11:57:09,910 - __main__ - WARNING - Error calculating FF for BMRN 60/90: division by zero
2025-11-03 11:57:10,503 - options_scanner - ERROR - Failed to retrieve option chain for SGEN. Status: 400, Response: {"errors":[{"id":"eb33de8b-b8b0-4491-975c-eb2663de0836","status":"400","title":"Bad Request","detail":"Check Param Values","source":{"parameter":"Invalid Paramter/Value"}}]}
2025-11-03 11:57:10,506 - __main__ - WARNING - No option chain data for SGEN
2025-11-03 11:57:11,302 - options_scanner - INFO - Successfully retrieved option chain for TECH
2025-11-03 11:57:11,308 - __main__ - INFO - Scanning TECH: 5 valid chains
2025-11-03 11:57:11,309 - __main__ - INFO - Attempting 30/60 for TECH: 18/46 DTE
2025-11-03 11:57:11,309 - iv_ff_analyzer - ERROR - Error in analyze_chain_iv for TECH: division by zero
2025-11-03 11:57:11,309 - iv_ff_analyzer - ERROR - Error in analyze_chain_iv for TECH: division by zero
2025-11-03 11:57:11,310 - __main__ - WARNING - Error calculating FF for TECH 30/60: division by zero
2025-11-03 11:57:11,310 - __main__ - INFO - Attempting 30/90 for TECH: 18/74 DTE
2025-11-03 11:57:11,310 - iv_ff_analyzer - ERROR - Error in analyze_chain_iv for TECH: division by zero
2025-11-03 11:57:11,310 - iv_ff_analyzer - ERROR - Error in analyze_chain_iv for TECH: division by zero
2025-11-03 11:57:11,310 - __main__ - WARNING - Error calculating FF for TECH 30/90: division by zero
2025-11-03 11:57:11,310 - __main__ - INFO - Attempting 60/90 for TECH: 46/74 DTE
2025-11-03 11:57:11,311 - iv_ff_analyzer - ERROR - Error in analyze_chain_iv for TECH: division by zero
2025-11-03 11:57:11,311 - iv_ff_analyzer - ERROR - Error in analyze_chain_iv for TECH: division by zero
2025-11-03 11:57:11,311 - __main__ - WARNING - Error calculating FF for TECH 60/90: division by zero
2025-11-03 11:57:11,311 - __main__ - INFO - No opportunities found for TECH. Available DTEs: [18, 46, 74, 165, 347]
2025-11-03 11:57:12,196 - options_scanner - INFO - Successfully retrieved option chain for EXAS
2025-11-03 11:57:12,220 - __main__ - INFO - Scanning EXAS: 10 valid chains
2025-11-03 11:57:12,221 - __main__ - INFO - Attempting 30/60 for EXAS: 25/46 DTE
2025-11-03 11:57:12,222 - __main__ - INFO - Found 30/60 opportunity for EXAS: FF=27.4% (DTE: 25/46) [Valid: True] Near IV: 59.0% Next IV: 53.6%
2025-11-03 11:57:12,222 - __main__ - INFO - Attempting 30/90 for EXAS: 25/74 DTE
2025-11-03 11:57:12,223 - __main__ - INFO - Found 30/90 opportunity for EXAS: FF=33.9% (DTE: 25/74) [Valid: True] Near IV: 59.0% Next IV: 49.6%
2025-11-03 11:57:12,224 - __main__ - INFO - Attempting 60/90 for EXAS: 46/74 DTE
2025-11-03 11:57:12,225 - __main__ - INFO - Found 60/90 opportunity for EXAS: FF=26.7% (DTE: 46/74) [Valid: True] Near IV: 53.6% Next IV: 49.6%
2025-11-03 11:57:13,634 - options_scanner - INFO - Successfully retrieved option chain for TDOC
2025-11-03 11:57:13,650 - __main__ - INFO - Scanning TDOC: 11 valid chains
2025-11-03 11:57:13,650 - __main__ - INFO - Attempting 30/60 for TDOC: 32/46 DTE
2025-11-03 11:57:13,651 - __main__ - INFO - Found 30/60 opportunity for TDOC: FF=45.8% (DTE: 32/46) [Valid: True] Near IV: 81.8% Next IV: 75.0%
2025-11-03 11:57:13,652 - __main__ - INFO - Attempting 30/90 for TDOC: 32/74 DTE
2025-11-03 11:57:13,652 - __main__ - INFO - Found 30/90 opportunity for TDOC: FF=37.7% (DTE: 32/74) [Valid: True] Near IV: 81.8% Next IV: 70.0%
2025-11-03 11:57:13,652 - __main__ - INFO - Attempting 60/90 for TDOC: 46/74 DTE
2025-11-03 11:57:13,653 - __main__ - INFO - Found 60/90 opportunity for TDOC: FF=22.8% (DTE: 46/74) [Valid: True] Near IV: 75.0% Next IV: 70.0%
2025-11-03 11:57:14,458 - options_scanner - INFO - Successfully retrieved option chain for VEEV
2025-11-03 11:57:14,478 - __main__ - INFO - Scanning VEEV: 9 valid chains
2025-11-03 11:57:14,479 - __main__ - INFO - Attempting 30/60 for VEEV: 18/46 DTE
2025-11-03 11:57:14,480 - __main__ - INFO - Found 30/60 opportunity for VEEV: FF=49.3% (DTE: 18/46) [Valid: True] Near IV: 44.8% Next IV: 36.5%
2025-11-03 11:57:14,480 - __main__ - INFO - Attempting 30/90 for VEEV: 18/74 DTE
2025-11-03 11:57:14,481 - __main__ - INFO - Found 30/90 opportunity for VEEV: FF=48.3% (DTE: 18/74) [Valid: True] Near IV: 44.8% Next IV: 34.3%
2025-11-03 11:57:14,481 - __main__ - INFO - Attempting 60/90 for VEEV: 46/74 DTE
2025-11-03 11:57:14,482 - __main__ - INFO - Found 60/90 opportunity for VEEV: FF=20.0% (DTE: 46/74) [Valid: True] Near IV: 36.5% Next IV: 34.3%
2025-11-03 11:57:15,547 - options_scanner - INFO - Successfully retrieved option chain for ZBH
2025-11-03 11:57:15,559 - __main__ - INFO - Scanning ZBH: 8 valid chains
2025-11-03 11:57:15,560 - __main__ - INFO - Attempting 30/60 for ZBH: 18/46 DTE
2025-11-03 11:57:15,560 - iv_ff_analyzer - ERROR - Error in analyze_chain_iv for ZBH: division by zero
2025-11-03 11:57:15,561 - __main__ - WARNING - Error calculating FF for ZBH 30/60: division by zero
2025-11-03 11:57:15,561 - __main__ - INFO - Attempting 30/90 for ZBH: 18/74 DTE
2025-11-03 11:57:15,561 - iv_ff_analyzer - ERROR - Error in analyze_chain_iv for ZBH: division by zero
2025-11-03 11:57:15,561 - __main__ - WARNING - Error calculating FF for ZBH 30/90: division by zero
2025-11-03 11:57:15,561 - __main__ - INFO - Attempting 60/90 for ZBH: 46/74 DTE
2025-11-03 11:57:15,562 - iv_ff_analyzer - ERROR - Error in analyze_chain_iv for ZBH: division by zero
2025-11-03 11:57:15,562 - iv_ff_analyzer - ERROR - Error in analyze_chain_iv for ZBH: division by zero
2025-11-03 11:57:15,562 - __main__ - WARNING - Error calculating FF for ZBH 60/90: division by zero
2025-11-03 11:57:15,562 - __main__ - INFO - No opportunities found for ZBH. Available DTEs: [18, 46, 74, 137, 227, 319, 410, 438]
2025-11-03 11:57:17,822 - options_scanner - INFO - Successfully retrieved option chain for ALGN
2025-11-03 11:57:17,880 - __main__ - INFO - Scanning ALGN: 14 valid chains
2025-11-03 11:57:17,881 - __main__ - INFO - Attempting 30/60 for ALGN: 32/46 DTE
2025-11-03 11:57:17,882 - iv_ff_analyzer - ERROR - Error in analyze_chain_iv for ALGN: division by zero
2025-11-03 11:57:17,883 - __main__ - WARNING - Error calculating FF for ALGN 30/60: division by zero
2025-11-03 11:57:17,884 - __main__ - INFO - Attempting 30/90 for ALGN: 32/74 DTE
2025-11-03 11:57:17,885 - iv_ff_analyzer - ERROR - Error in analyze_chain_iv for ALGN: division by zero
2025-11-03 11:57:17,886 - __main__ - WARNING - Error calculating FF for ALGN 30/90: division by zero
2025-11-03 11:57:17,887 - __main__ - INFO - Attempting 60/90 for ALGN: 46/74 DTE
2025-11-03 11:57:17,888 - __main__ - INFO - Found 60/90 opportunity for ALGN: FF=-10.9% (DTE: 46/74) [Valid: True] Near IV: 42.7% Next IV: 44.7%
2025-11-03 11:57:18,899 - options_scanner - INFO - Successfully retrieved option chain for DXCM
2025-11-03 11:57:18,936 - __main__ - INFO - Scanning DXCM: 13 valid chains
2025-11-03 11:57:18,936 - __main__ - INFO - Attempting 30/60 for DXCM: 32/46 DTE
2025-11-03 11:57:18,938 - __main__ - INFO - Found 30/60 opportunity for DXCM: FF=-25.3% (DTE: 32/46) [Valid: True] Near IV: 39.5% Next IV: 44.0%
2025-11-03 11:57:18,938 - __main__ - INFO - Attempting 30/90 for DXCM: 32/74 DTE
2025-11-03 11:57:18,939 - __main__ - INFO - Found 30/90 opportunity for DXCM: FF=-21.3% (DTE: 32/74) [Valid: True] Near IV: 39.5% Next IV: 45.9%
2025-11-03 11:57:18,939 - __main__ - INFO - Attempting 60/90 for DXCM: 46/74 DTE
2025-11-03 11:57:18,940 - __main__ - INFO - Found 60/90 opportunity for DXCM: FF=-9.8% (DTE: 46/74) [Valid: True] Near IV: 44.0% Next IV: 45.9%
2025-11-03 11:57:22,433 - options_scanner - INFO - Successfully retrieved option chain for ISRG
2025-11-03 11:57:22,533 - __main__ - INFO - Scanning ISRG: 15 valid chains
2025-11-03 11:57:22,533 - __main__ - INFO - Attempting 30/60 for ISRG: 32/46 DTE
2025-11-03 11:57:22,535 - __main__ - INFO - Found 30/60 opportunity for ISRG: FF=-14.1% (DTE: 32/46) [Valid: True] Near IV: 25.8% Next IV: 27.2%
2025-11-03 11:57:22,535 - __main__ - INFO - Attempting 30/90 for ISRG: 32/74 DTE
2025-11-03 11:57:22,537 - __main__ - INFO - Found 30/90 opportunity for ISRG: FF=-14.9% (DTE: 32/74) [Valid: True] Near IV: 25.8% Next IV: 28.5%
2025-11-03 11:57:22,537 - __main__ - INFO - Attempting 60/90 for ISRG: 46/74 DTE
2025-11-03 11:57:22,539 - __main__ - INFO - Found 60/90 opportunity for ISRG: FF=-10.8% (DTE: 46/74) [Valid: True] Near IV: 27.2% Next IV: 28.5%
2025-11-03 11:57:23,250 - options_scanner - INFO - Successfully retrieved option chain for HOLX
2025-11-03 11:57:23,258 - __main__ - INFO - Scanning HOLX: 5 valid chains
2025-11-03 11:57:23,258 - __main__ - INFO - Attempting 30/60 for HOLX: 18/46 DTE
2025-11-03 11:57:23,259 - iv_ff_analyzer - ERROR - Error in analyze_chain_iv for HOLX: division by zero
2025-11-03 11:57:23,259 - __main__ - WARNING - Error calculating FF for HOLX 30/60: division by zero
2025-11-03 11:57:23,260 - __main__ - INFO - No opportunities found for HOLX. Available DTEs: [18, 46, 137, 227, 410]
2025-11-03 11:57:24,377 - options_scanner - INFO - Successfully retrieved option chain for IDXX
2025-11-03 11:57:24,390 - __main__ - INFO - Scanning IDXX: 4 valid chains
2025-11-03 11:57:24,390 - __main__ - INFO - Attempting 30/60 for IDXX: 18/46 DTE
2025-11-03 11:57:24,391 - __main__ - INFO - Found 30/60 opportunity for IDXX: FF=17.3% (DTE: 18/46) [Valid: True] Near IV: 32.3% Next IV: 29.5%
2025-11-03 11:57:24,391 - __main__ - INFO - Attempting 30/90 for IDXX: 18/74 DTE
2025-11-03 11:57:24,392 - __main__ - INFO - Found 30/90 opportunity for IDXX: FF=21.7% (DTE: 18/74) [Valid: True] Near IV: 32.3% Next IV: 28.1%
2025-11-03 11:57:24,392 - __main__ - INFO - Attempting 60/90 for IDXX: 46/74 DTE
2025-11-03 11:57:24,393 - __main__ - INFO - Found 60/90 opportunity for IDXX: FF=15.8% (DTE: 46/74) [Valid: True] Near IV: 29.5% Next IV: 28.1%
2025-11-03 11:57:25,080 - options_scanner - INFO - Successfully retrieved option chain for IQV
2025-11-03 11:57:25,096 - __main__ - INFO - Scanning IQV: 6 valid chains
2025-11-03 11:57:25,097 - __main__ - INFO - Attempting 30/60 for IQV: 18/46 DTE
2025-11-03 11:57:25,097 - __main__ - INFO - Found 30/60 opportunity for IQV: FF=15.4% (DTE: 18/46) [Valid: True] Near IV: 34.9% Next IV: 32.1%
2025-11-03 11:57:25,098 - __main__ - INFO - Attempting 30/90 for IQV: 18/109 DTE
2025-11-03 11:57:25,098 - __main__ - INFO - Found 30/90 opportunity for IQV: FF=3.6% (DTE: 18/109) [Valid: True] Near IV: 34.9% Next IV: 33.9%
2025-11-03 11:57:25,099 - __main__ - INFO - Attempting 60/90 for IQV: 46/109 DTE
2025-11-03 11:57:25,100 - __main__ - INFO - Found 60/90 opportunity for IQV: FF=-8.5% (DTE: 46/109) [Valid: True] Near IV: 32.1% Next IV: 33.9%
2025-11-03 11:57:26,980 - options_scanner - INFO - Successfully retrieved option chain for MTD
2025-11-03 11:57:27,012 - __main__ - INFO - Scanning MTD: 7 valid chains
2025-11-03 11:57:27,013 - __main__ - INFO - Attempting 30/60 for MTD: 18/46 DTE
2025-11-03 11:57:27,013 - iv_ff_analyzer - ERROR - Error in analyze_chain_iv for MTD: division by zero
2025-11-03 11:57:27,016 - __main__ - WARNING - Error calculating FF for MTD 30/60: division by zero
2025-11-03 11:57:27,016 - __main__ - INFO - Attempting 30/90 for MTD: 18/74 DTE
2025-11-03 11:57:27,017 - iv_ff_analyzer - ERROR - Error in analyze_chain_iv for MTD: division by zero
2025-11-03 11:57:27,018 - iv_ff_analyzer - ERROR - Error in analyze_chain_iv for MTD: division by zero
2025-11-03 11:57:27,019 - __main__ - WARNING - Error calculating FF for MTD 30/90: division by zero
2025-11-03 11:57:27,020 - __main__ - INFO - Attempting 60/90 for MTD: 46/74 DTE
2025-11-03 11:57:27,021 - iv_ff_analyzer - ERROR - Error in analyze_chain_iv for MTD: division by zero
2025-11-03 11:57:27,022 - __main__ - WARNING - Error calculating FF for MTD 60/90: division by zero
2025-11-03 11:57:27,022 - __main__ - INFO - No opportunities found for MTD. Available DTEs: [18, 46, 74, 165, 256, 347, 382]
2025-11-03 11:57:28,018 - options_scanner - INFO - Successfully retrieved option chain for SCHW
2025-11-03 11:57:28,048 - __main__ - INFO - Scanning SCHW: 14 valid chains
2025-11-03 11:57:28,049 - __main__ - INFO - Attempting 30/60 for SCHW: 32/46 DTE
2025-11-03 11:57:28,050 - __main__ - INFO - Found 30/60 opportunity for SCHW: FF=-12.5% (DTE: 32/46) [Valid: True] Near IV: 25.3% Next IV: 26.5%
2025-11-03 11:57:28,051 - __main__ - INFO - Attempting 30/90 for SCHW: 32/74 DTE
2025-11-03 11:57:28,052 - __main__ - INFO - Found 30/90 opportunity for SCHW: FF=-9.3% (DTE: 32/74) [Valid: True] Near IV: 25.3% Next IV: 26.8%
2025-11-03 11:57:28,052 - __main__ - INFO - Attempting 60/90 for SCHW: 46/74 DTE
2025-11-03 11:57:28,054 - __main__ - INFO - Found 60/90 opportunity for SCHW: FF=-3.4% (DTE: 46/74) [Valid: True] Near IV: 26.5% Next IV: 26.8%
2025-11-03 11:57:28,971 - options_scanner - INFO - Successfully retrieved option chain for MS
2025-11-03 11:57:29,004 - __main__ - INFO - Scanning MS: 17 valid chains
2025-11-03 11:57:29,005 - __main__ - INFO - Attempting 30/60 for MS: 32/46 DTE
2025-11-03 11:57:29,006 - __main__ - INFO - Found 30/60 opportunity for MS: FF=-11.6% (DTE: 32/46) [Valid: True] Near IV: 26.5% Next IV: 27.6%
2025-11-03 11:57:29,007 - __main__ - INFO - Attempting 30/90 for MS: 32/74 DTE
2025-11-03 11:57:29,008 - __main__ - INFO - Found 30/90 opportunity for MS: FF=-12.1% (DTE: 32/74) [Valid: True] Near IV: 26.5% Next IV: 28.6%
2025-11-03 11:57:29,008 - __main__ - INFO - Attempting 60/90 for MS: 46/74 DTE
2025-11-03 11:57:29,009 - __main__ - INFO - Found 60/90 opportunity for MS: FF=-8.8% (DTE: 46/74) [Valid: True] Near IV: 27.6% Next IV: 28.6%
2025-11-03 11:57:30,428 - options_scanner - INFO - Successfully retrieved option chain for BLK
2025-11-03 11:57:30,542 - __main__ - INFO - Scanning BLK: 14 valid chains
2025-11-03 11:57:30,544 - __main__ - INFO - Attempting 30/60 for BLK: 32/46 DTE
2025-11-03 11:57:30,545 - __main__ - INFO - Found 30/60 opportunity for BLK: FF=-34.1% (DTE: 32/46) [Valid: True] Near IV: 22.3% Next IV: 26.4%
2025-11-03 11:57:30,546 - __main__ - INFO - Attempting 30/90 for BLK: 32/74 DTE
2025-11-03 11:57:30,547 - __main__ - INFO - Found 30/90 opportunity for BLK: FF=-24.5% (DTE: 32/74) [Valid: True] Near IV: 22.3% Next IV: 26.7%
2025-11-03 11:57:30,547 - __main__ - INFO - Attempting 60/90 for BLK: 46/74 DTE
2025-11-03 11:57:30,549 - __main__ - INFO - Found 60/90 opportunity for BLK: FF=-2.9% (DTE: 46/74) [Valid: True] Near IV: 26.4% Next IV: 26.7%
2025-11-03 11:57:31,465 - options_scanner - INFO - Successfully retrieved option chain for CB
2025-11-03 11:57:31,497 - __main__ - INFO - Scanning CB: 11 valid chains
2025-11-03 11:57:31,497 - __main__ - INFO - Attempting 30/60 for CB: 18/46 DTE
2025-11-03 11:57:31,499 - __main__ - INFO - Found 30/60 opportunity for CB: FF=12.1% (DTE: 18/46) [Valid: True] Near IV: 17.8% Next IV: 16.6%
2025-11-03 11:57:31,499 - __main__ - INFO - Attempting 30/90 for CB: 18/74 DTE
2025-11-03 11:57:31,500 - __main__ - INFO - Found 30/90 opportunity for CB: FF=20.5% (DTE: 18/74) [Valid: True] Near IV: 17.8% Next IV: 15.6%
2025-11-03 11:57:31,500 - __main__ - INFO - Attempting 60/90 for CB: 46/74 DTE
2025-11-03 11:57:31,501 - __main__ - INFO - Found 60/90 opportunity for CB: FF=22.7% (DTE: 46/74) [Valid: True] Near IV: 16.6% Next IV: 15.6%
2025-11-03 11:57:32,367 - options_scanner - INFO - Successfully retrieved option chain for AIG
2025-11-03 11:57:32,393 - __main__ - INFO - Scanning AIG: 15 valid chains
2025-11-03 11:57:32,393 - __main__ - INFO - Attempting 30/60 for AIG: 32/46 DTE
2025-11-03 11:57:32,394 - iv_ff_analyzer - ERROR - Error in analyze_chain_iv for AIG: division by zero
2025-11-03 11:57:32,395 - __main__ - WARNING - Error calculating FF for AIG 30/60: division by zero
2025-11-03 11:57:32,395 - __main__ - INFO - Attempting 30/90 for AIG: 32/74 DTE
2025-11-03 11:57:32,395 - iv_ff_analyzer - ERROR - Error in analyze_chain_iv for AIG: division by zero
2025-11-03 11:57:32,396 - __main__ - WARNING - Error calculating FF for AIG 30/90: division by zero
2025-11-03 11:57:32,396 - __main__ - INFO - Attempting 60/90 for AIG: 46/74 DTE
2025-11-03 11:57:32,397 - __main__ - INFO - Found 60/90 opportunity for AIG: FF=2.4% (DTE: 46/74) [Valid: True] Near IV: 24.7% Next IV: 24.4%
2025-11-03 11:57:33,128 - options_scanner - INFO - Successfully retrieved option chain for TFC
2025-11-03 11:57:33,141 - __main__ - INFO - Scanning TFC: 12 valid chains
2025-11-03 11:57:33,141 - __main__ - INFO - Attempting 30/60 for TFC: 18/46 DTE
2025-11-03 11:57:33,142 - __main__ - INFO - Found 30/60 opportunity for TFC: FF=82.8% (DTE: 18/46) [Valid: True] Near IV: 27.7% Next IV: 20.9%
2025-11-03 11:57:33,143 - __main__ - INFO - Attempting 30/90 for TFC: 18/74 DTE
2025-11-03 11:57:33,143 - __main__ - INFO - Found 30/90 opportunity for TFC: FF=39.1% (DTE: 18/74) [Valid: True] Near IV: 27.7% Next IV: 22.0%
2025-11-03 11:57:33,143 - __main__ - INFO - Attempting 60/90 for TFC: 46/74 DTE
2025-11-03 11:57:33,144 - __main__ - INFO - Found 60/90 opportunity for TFC: FF=-11.6% (DTE: 46/74) [Valid: True] Near IV: 20.9% Next IV: 22.0%
2025-11-03 11:57:34,261 - options_scanner - INFO - Successfully retrieved option chain for USB
2025-11-03 11:57:34,285 - __main__ - INFO - Scanning USB: 13 valid chains
2025-11-03 11:57:34,285 - __main__ - INFO - Attempting 30/60 for USB: 32/46 DTE
2025-11-03 11:57:34,287 - __main__ - INFO - Found 30/60 opportunity for USB: FF=-9.7% (DTE: 32/46) [Valid: True] Near IV: 24.1% Next IV: 25.0%
2025-11-03 11:57:34,288 - __main__ - INFO - Attempting 30/90 for USB: 32/74 DTE
2025-11-03 11:57:34,288 - __main__ - INFO - Found 30/90 opportunity for USB: FF=-13.0% (DTE: 32/74) [Valid: True] Near IV: 24.1% Next IV: 26.2%
2025-11-03 11:57:34,289 - __main__ - INFO - Attempting 60/90 for USB: 46/74 DTE
2025-11-03 11:57:34,290 - __main__ - INFO - Found 60/90 opportunity for USB: FF=-11.5% (DTE: 46/74) [Valid: True] Near IV: 25.0% Next IV: 26.2%
2025-11-03 11:57:36,177 - options_scanner - INFO - Successfully retrieved option chain for PNC
2025-11-03 11:57:36,206 - __main__ - INFO - Scanning PNC: 15 valid chains
2025-11-03 11:57:36,207 - __main__ - INFO - Attempting 30/60 for PNC: 32/46 DTE
2025-11-03 11:57:36,208 - iv_ff_analyzer - ERROR - Error in analyze_chain_iv for PNC: division by zero
2025-11-03 11:57:36,209 - __main__ - WARNING - Error calculating FF for PNC 30/60: division by zero
2025-11-03 11:57:36,210 - __main__ - INFO - Attempting 30/90 for PNC: 32/74 DTE
2025-11-03 11:57:36,210 - iv_ff_analyzer - ERROR - Error in analyze_chain_iv for PNC: division by zero
2025-11-03 11:57:36,211 - __main__ - WARNING - Error calculating FF for PNC 30/90: division by zero
2025-11-03 11:57:36,211 - __main__ - INFO - Attempting 60/90 for PNC: 46/74 DTE
2025-11-03 11:57:36,213 - __main__ - INFO - Found 60/90 opportunity for PNC: FF=8.1% (DTE: 46/74) [Valid: True] Near IV: 25.9% Next IV: 25.2%
2025-11-03 11:57:38,631 - options_scanner - INFO - Successfully retrieved option chain for COF
2025-11-03 11:57:38,664 - __main__ - INFO - Scanning COF: 14 valid chains
2025-11-03 11:57:38,664 - __main__ - INFO - Attempting 30/60 for COF: 32/46 DTE
2025-11-03 11:57:38,665 - __main__ - INFO - Found 30/60 opportunity for COF: FF=-21.2% (DTE: 32/46) [Valid: True] Near IV: 27.4% Next IV: 29.8%
2025-11-03 11:57:38,666 - __main__ - INFO - Attempting 30/90 for COF: 32/74 DTE
2025-11-03 11:57:38,666 - __main__ - INFO - Found 30/90 opportunity for COF: FF=-13.1% (DTE: 32/74) [Valid: True] Near IV: 27.4% Next IV: 29.8%
2025-11-03 11:57:38,666 - __main__ - INFO - Attempting 60/90 for COF: 46/74 DTE
2025-11-03 11:57:38,667 - __main__ - INFO - Found 60/90 opportunity for COF: FF=0.2% (DTE: 46/74) [Valid: True] Near IV: 29.8% Next IV: 29.8%
2025-11-03 11:57:39,459 - options_scanner - INFO - Successfully retrieved option chain for FITB
2025-11-03 11:57:39,475 - __main__ - INFO - Scanning FITB: 11 valid chains
2025-11-03 11:57:39,476 - __main__ - INFO - Attempting 30/60 for FITB: 18/46 DTE
2025-11-03 11:57:39,477 - __main__ - INFO - Found 30/60 opportunity for FITB: FF=10.5% (DTE: 18/46) [Valid: True] Near IV: 29.2% Next IV: 27.6%
2025-11-03 11:57:39,477 - __main__ - INFO - Attempting 30/90 for FITB: 18/74 DTE
2025-11-03 11:57:39,478 - __main__ - INFO - Found 30/90 opportunity for FITB: FF=18.6% (DTE: 18/74) [Valid: True] Near IV: 29.2% Next IV: 25.8%
2025-11-03 11:57:39,478 - __main__ - INFO - Attempting 60/90 for FITB: 46/74 DTE
2025-11-03 11:57:39,479 - __main__ - INFO - Found 60/90 opportunity for FITB: FF=21.6% (DTE: 46/74) [Valid: True] Near IV: 27.6% Next IV: 25.8%
2025-11-03 11:57:39,479 - __main__ - INFO - ============================================================
2025-11-03 11:57:39,479 - __main__ - INFO - Forward Factor Strategy Scan Complete
2025-11-03 11:57:39,480 - __main__ - INFO - ============================================================
2025-11-03 11:57:39,480 - __main__ - INFO - Scan duration: 75.2 seconds
2025-11-03 11:57:39,480 - __main__ - INFO - Tickers scanned: 50
2025-11-03 11:57:39,480 - __main__ - INFO - Opportunities found: 125
2025-11-03 11:57:39,489 - __main__ - INFO - Detailed results saved to: results\ff_opportunities_20251103_115739.json
2025-11-03 11:57:39,492 - __main__ - INFO - CSV summary saved to: results\ff_opportunities_20251103_115739.csv
