2025-11-03 10:25:53,411 - schwab_orders - INFO - Loaded credentials from local global_.py
2025-11-03 10:25:53,413 - schwab_orders - INFO - Loaded existing tokens from C:\SchwabAccountConfig\DirectAPIUsage\token.json
2025-11-03 10:25:53,413 - __main__ - INFO - ============================================================
2025-11-03 10:25:53,414 - __main__ - INFO - Starting Forward Factor Strategy Scan
2025-11-03 10:25:53,414 - __main__ - INFO - ============================================================
2025-11-03 10:25:53,414 - __main__ - INFO - Schwab API authentication successful
2025-11-03 10:25:53,415 - __main__ - INFO - Using custom ticker list: 1 tickers
2025-11-03 10:25:53,415 - __main__ - INFO - Scanning 1 midcap tickers
2025-11-03 10:25:53,415 - __main__ - INFO - Beginning options chain scanning...
2025-11-03 10:25:57,427 - options_scanner - INFO - Successfully retrieved option chain for AAPL
2025-11-03 10:25:57,532 - __main__ - INFO - Scanning AAPL: 19 valid chains
2025-11-03 10:25:57,533 - __main__ - INFO - Attempting 30/60 for AAPL: 32/46 DTE
2025-11-03 10:25:57,542 - __main__ - INFO - Found 30/60 opportunity for AAPL: FF=-4.4% (DTE: 32/46) [Valid: True] Near IV: 2347.8% Next IV: 2457.1%
2025-11-03 10:25:57,542 - __main__ - INFO - Attempting 30/90 for AAPL: 32/74 DTE
2025-11-03 10:25:57,548 - __main__ - INFO - Found 30/90 opportunity for AAPL: FF=-5.4% (DTE: 32/74) [Valid: True] Near IV: 2347.8% Next IV: 2482.2%
2025-11-03 10:25:57,548 - __main__ - INFO - Attempting 60/90 for AAPL: 46/74 DTE
2025-11-03 10:25:57,553 - __main__ - INFO - Found 60/90 opportunity for AAPL: FF=-1.0% (DTE: 46/74) [Valid: True] Near IV: 2457.1% Next IV: 2482.2%
2025-11-03 10:25:57,553 - __main__ - INFO - ============================================================
2025-11-03 10:25:57,554 - __main__ - INFO - Forward Factor Strategy Scan Complete
2025-11-03 10:25:57,554 - __main__ - INFO - ============================================================
2025-11-03 10:25:57,555 - __main__ - INFO - Scan duration: 4.1 seconds
2025-11-03 10:25:57,555 - __main__ - INFO - Tickers scanned: 1
2025-11-03 10:25:57,556 - __main__ - INFO - Opportunities found: 3
2025-11-03 10:25:57,557 - __main__ - INFO - Detailed results saved to: results\ff_opportunities_20251103_102557.json
2025-11-03 10:25:57,559 - __main__ - INFO - CSV summary saved to: results\ff_opportunities_20251103_102557.csv
