2025-11-03 10:55:48,473 - schwab_orders - INFO - Loaded credentials from local global_.py
2025-11-03 10:55:48,474 - schwab_orders - INFO - Loaded existing tokens from C:\SchwabAccountConfig\DirectAPIUsage\token.json
2025-11-03 10:55:48,475 - __main__ - INFO - ============================================================
2025-11-03 10:55:48,475 - __main__ - INFO - Starting Forward Factor Strategy Scan
2025-11-03 10:55:48,475 - __main__ - INFO - ============================================================
2025-11-03 10:55:48,476 - __main__ - INFO - Schwab API authentication successful
2025-11-03 10:55:48,476 - __main__ - INFO - Using custom ticker list: 1 tickers
2025-11-03 10:55:48,476 - __main__ - INFO - Scanning 1 midcap tickers
2025-11-03 10:55:48,476 - __main__ - INFO - Beginning options chain scanning...
2025-11-03 10:55:51,981 - options_scanner - INFO - Successfully retrieved option chain for CVNA
2025-11-03 10:55:52,085 - __main__ - INFO - Scanning CVNA: 17 valid chains
2025-11-03 10:55:52,086 - __main__ - INFO - Attempting 30/60 for CVNA: 32/46 DTE
2025-11-03 10:55:52,087 - __main__ - INFO - Found 30/60 opportunity for CVNA: FF=-3.2% (DTE: 32/46) [Valid: True] Near IV: 59.3% Next IV: 61.3%
2025-11-03 10:55:52,087 - __main__ - INFO - Attempting 30/90 for CVNA: 32/74 DTE
2025-11-03 10:55:52,087 - __main__ - INFO - Found 30/90 opportunity for CVNA: FF=-1.6% (DTE: 32/74) [Valid: True] Near IV: 59.3% Next IV: 60.3%
2025-11-03 10:55:52,088 - __main__ - INFO - Attempting 60/90 for CVNA: 46/74 DTE
2025-11-03 10:55:52,088 - __main__ - INFO - Found 60/90 opportunity for CVNA: FF=1.7% (DTE: 46/74) [Valid: True] Near IV: 61.3% Next IV: 60.3%
2025-11-03 10:55:52,088 - __main__ - INFO - ============================================================
2025-11-03 10:55:52,089 - __main__ - INFO - Forward Factor Strategy Scan Complete
2025-11-03 10:55:52,089 - __main__ - INFO - ============================================================
2025-11-03 10:55:52,089 - __main__ - INFO - Scan duration: 3.6 seconds
2025-11-03 10:55:52,089 - __main__ - INFO - Tickers scanned: 1
2025-11-03 10:55:52,089 - __main__ - INFO - Opportunities found: 3
2025-11-03 10:55:52,090 - __main__ - INFO - Detailed results saved to: results\ff_opportunities_20251103_105552.json
2025-11-03 10:55:52,092 - __main__ - INFO - CSV summary saved to: results\ff_opportunities_20251103_105552.csv
