2025-11-03 09:40:43,211 - schwab_orders - INFO - Loaded credentials from local global_.py
2025-11-03 09:40:43,226 - schwab_orders - INFO - Loaded existing tokens from C:\SchwabAccountConfig\DirectAPIUsage\token.json
2025-11-03 09:40:43,228 - __main__ - INFO - ============================================================
2025-11-03 09:40:43,228 - __main__ - INFO - Starting Forward Factor Strategy Scan
2025-11-03 09:40:43,229 - __main__ - INFO - ============================================================
2025-11-03 09:40:43,229 - __main__ - INFO - Schwab API authentication successful
2025-11-03 09:40:43,239 - __main__ - INFO - Using suggested midcap universe: 155 tickers
2025-11-03 09:40:43,239 - __main__ - INFO - Limited to 50 tickers for performance
2025-11-03 09:40:43,240 - __main__ - INFO - Scanning 50 midcap tickers
2025-11-03 09:40:43,240 - __main__ - INFO - Beginning options chain scanning...
2025-11-03 09:40:44,225 - options_scanner - INFO - Successfully retrieved option chain for TEAM
2025-11-03 09:40:44,272 - options_scanner - INFO - Found optimal 30/60 timeframe for TEAM: 32 vs 46 DTE
2025-11-03 09:40:46,439 - options_scanner - INFO - Successfully retrieved option chain for OKTA
2025-11-03 09:40:46,479 - options_scanner - INFO - Found optimal 30/60 timeframe for OKTA: 32 vs 46 DTE
2025-11-03 09:40:49,096 - options_scanner - INFO - Successfully retrieved option chain for ZS
2025-11-03 09:40:49,159 - options_scanner - INFO - Found optimal 30/60 timeframe for ZS: 32 vs 46 DTE
2025-11-03 09:40:50,612 - options_scanner - INFO - Successfully retrieved option chain for CRWD
2025-11-03 09:40:50,758 - options_scanner - INFO - Found optimal 30/60 timeframe for CRWD: 32 vs 46 DTE
2025-11-03 09:40:53,500 - options_scanner - INFO - Successfully retrieved option chain for NET
2025-11-03 09:40:53,561 - options_scanner - INFO - Found optimal 30/60 timeframe for NET: 32 vs 46 DTE
2025-11-03 09:40:54,637 - options_scanner - INFO - Successfully retrieved option chain for DDOG
2025-11-03 09:40:54,688 - options_scanner - INFO - Found optimal 30/60 timeframe for DDOG: 32 vs 46 DTE
2025-11-03 09:40:55,828 - options_scanner - INFO - Successfully retrieved option chain for SNOW
2025-11-03 09:40:55,889 - options_scanner - INFO - Found optimal 30/60 timeframe for SNOW: 32 vs 46 DTE
2025-11-03 09:40:56,643 - options_scanner - INFO - Successfully retrieved option chain for PATH
2025-11-03 09:40:56,664 - options_scanner - INFO - Found optimal 30/60 timeframe for PATH: 32 vs 46 DTE
2025-11-03 09:40:58,085 - options_scanner - INFO - Successfully retrieved option chain for ESTC
2025-11-03 09:40:58,107 - options_scanner - INFO - Found optimal 30/60 timeframe for ESTC: 18 vs 46 DTE
2025-11-03 09:41:00,202 - options_scanner - INFO - Successfully retrieved option chain for DOCU
2025-11-03 09:41:00,253 - options_scanner - INFO - Found optimal 30/60 timeframe for DOCU: 32 vs 46 DTE
2025-11-03 09:41:01,283 - options_scanner - INFO - Successfully retrieved option chain for TWLO
2025-11-03 09:41:01,333 - options_scanner - INFO - Found optimal 30/60 timeframe for TWLO: 32 vs 46 DTE
2025-11-03 09:41:02,377 - options_scanner - INFO - Successfully retrieved option chain for ZM
2025-11-03 09:41:02,405 - options_scanner - INFO - Found optimal 30/60 timeframe for ZM: 32 vs 46 DTE
2025-11-03 09:41:03,488 - options_scanner - INFO - Successfully retrieved option chain for PINS
2025-11-03 09:41:03,511 - options_scanner - INFO - Found optimal 30/60 timeframe for PINS: 32 vs 46 DTE
2025-11-03 09:41:04,200 - options_scanner - INFO - Successfully retrieved option chain for SNAP
2025-11-03 09:41:04,213 - options_scanner - INFO - Found optimal 30/60 timeframe for SNAP: 32 vs 46 DTE
2025-11-03 09:41:06,534 - options_scanner - INFO - Successfully retrieved option chain for UBER
2025-11-03 09:41:06,580 - options_scanner - INFO - Found optimal 30/60 timeframe for UBER: 32 vs 46 DTE
2025-11-03 09:41:07,371 - options_scanner - INFO - Successfully retrieved option chain for LYFT
2025-11-03 09:41:07,397 - options_scanner - INFO - Found optimal 30/60 timeframe for LYFT: 32 vs 46 DTE
2025-11-03 09:41:08,528 - options_scanner - INFO - Successfully retrieved option chain for RBLX
2025-11-03 09:41:08,582 - options_scanner - INFO - Found optimal 30/60 timeframe for RBLX: 32 vs 46 DTE
2025-11-03 09:41:10,402 - options_scanner - INFO - Successfully retrieved option chain for U
2025-11-03 09:41:10,449 - options_scanner - INFO - Found optimal 30/60 timeframe for U: 32 vs 46 DTE
2025-11-03 09:41:11,712 - options_scanner - INFO - Successfully retrieved option chain for PLTR
2025-11-03 09:41:11,808 - options_scanner - INFO - Found optimal 30/60 timeframe for PLTR: 32 vs 46 DTE
2025-11-03 09:41:13,326 - options_scanner - INFO - Successfully retrieved option chain for COIN
2025-11-03 09:41:13,453 - options_scanner - INFO - Found optimal 30/60 timeframe for COIN: 32 vs 46 DTE
2025-11-03 09:41:14,347 - options_scanner - INFO - Successfully retrieved option chain for MRNA
2025-11-03 09:41:14,373 - options_scanner - INFO - Found optimal 30/60 timeframe for MRNA: 32 vs 46 DTE
2025-11-03 09:41:18,135 - options_scanner - INFO - Successfully retrieved option chain for REGN
2025-11-03 09:41:18,221 - options_scanner - INFO - Found optimal 30/60 timeframe for REGN: 32 vs 46 DTE
2025-11-03 09:41:20,337 - options_scanner - INFO - Successfully retrieved option chain for BIIB
2025-11-03 09:41:20,379 - options_scanner - INFO - Found optimal 30/60 timeframe for BIIB: 32 vs 46 DTE
2025-11-03 09:41:21,718 - options_scanner - INFO - Successfully retrieved option chain for ILMN
2025-11-03 09:41:21,735 - options_scanner - INFO - Found optimal 30/60 timeframe for ILMN: 18 vs 46 DTE
2025-11-03 09:41:22,876 - options_scanner - INFO - Successfully retrieved option chain for VRTX
2025-11-03 09:41:22,935 - options_scanner - INFO - Found optimal 30/60 timeframe for VRTX: 32 vs 46 DTE
2025-11-03 09:41:24,454 - options_scanner - INFO - Successfully retrieved option chain for ALNY
2025-11-03 09:41:24,474 - options_scanner - INFO - Found optimal 30/60 timeframe for ALNY: 18 vs 46 DTE
2025-11-03 09:41:25,109 - options_scanner - INFO - Successfully retrieved option chain for BMRN
2025-11-03 09:41:25,117 - options_scanner - INFO - Found optimal 30/60 timeframe for BMRN: 18 vs 46 DTE
2025-11-03 09:41:25,660 - options_scanner - ERROR - Failed to retrieve option chain for SGEN. Status: 400, Response: {"errors":[{"id":"ad3c6a9c-5cee-452a-b6c6-1bac849decd4","status":"400","title":"Bad Request","detail":"Check Param Values","source":{"parameter":"Invalid Paramter/Value"}}]}
2025-11-03 09:41:25,663 - iv_ff_analyzer - WARNING - SGEN: No valid option chains found
2025-11-03 09:41:26,317 - options_scanner - INFO - Successfully retrieved option chain for TECH
2025-11-03 09:41:26,321 - options_scanner - INFO - Found optimal 30/60 timeframe for TECH: 18 vs 46 DTE
2025-11-03 09:41:27,070 - options_scanner - INFO - Successfully retrieved option chain for EXAS
2025-11-03 09:41:27,090 - options_scanner - INFO - Found optimal 30/60 timeframe for EXAS: 25 vs 46 DTE
2025-11-03 09:41:28,315 - options_scanner - INFO - Successfully retrieved option chain for TDOC
2025-11-03 09:41:28,326 - options_scanner - INFO - Found optimal 30/60 timeframe for TDOC: 32 vs 46 DTE
2025-11-03 09:41:29,123 - options_scanner - INFO - Successfully retrieved option chain for VEEV
2025-11-03 09:41:29,145 - options_scanner - INFO - Found optimal 30/60 timeframe for VEEV: 18 vs 46 DTE
2025-11-03 09:41:29,751 - options_scanner - INFO - Successfully retrieved option chain for ZBH
2025-11-03 09:41:29,761 - options_scanner - INFO - Found optimal 30/60 timeframe for ZBH: 18 vs 46 DTE
2025-11-03 09:41:30,653 - options_scanner - INFO - Successfully retrieved option chain for ALGN
2025-11-03 09:41:30,700 - options_scanner - INFO - Found optimal 30/60 timeframe for ALGN: 32 vs 46 DTE
2025-11-03 09:41:32,409 - options_scanner - INFO - Successfully retrieved option chain for DXCM
2025-11-03 09:41:32,434 - options_scanner - INFO - Found optimal 30/60 timeframe for DXCM: 32 vs 46 DTE
2025-11-03 09:41:35,856 - options_scanner - INFO - Successfully retrieved option chain for ISRG
2025-11-03 09:41:35,938 - options_scanner - INFO - Found optimal 30/60 timeframe for ISRG: 32 vs 46 DTE
2025-11-03 09:41:36,494 - options_scanner - INFO - Successfully retrieved option chain for HOLX
2025-11-03 09:41:36,499 - options_scanner - INFO - Found optimal 30/60 timeframe for HOLX: 18 vs 46 DTE
2025-11-03 09:41:37,252 - options_scanner - INFO - Successfully retrieved option chain for IDXX
2025-11-03 09:41:37,272 - options_scanner - INFO - Found optimal 30/60 timeframe for IDXX: 18 vs 46 DTE
2025-11-03 09:41:38,408 - options_scanner - INFO - Successfully retrieved option chain for IQV
2025-11-03 09:41:38,422 - options_scanner - INFO - Found optimal 30/60 timeframe for IQV: 18 vs 46 DTE
2025-11-03 09:41:40,285 - options_scanner - INFO - Successfully retrieved option chain for MTD
2025-11-03 09:41:40,328 - options_scanner - INFO - Found optimal 30/60 timeframe for MTD: 18 vs 46 DTE
2025-11-03 09:41:41,175 - options_scanner - INFO - Successfully retrieved option chain for SCHW
2025-11-03 09:41:41,213 - options_scanner - INFO - Found optimal 30/60 timeframe for SCHW: 32 vs 46 DTE
2025-11-03 09:41:43,220 - options_scanner - INFO - Successfully retrieved option chain for MS
2025-11-03 09:41:43,267 - options_scanner - INFO - Found optimal 30/60 timeframe for MS: 32 vs 46 DTE
2025-11-03 09:41:44,603 - options_scanner - INFO - Successfully retrieved option chain for BLK
2025-11-03 09:41:44,692 - options_scanner - INFO - Found optimal 30/60 timeframe for BLK: 32 vs 46 DTE
2025-11-03 09:41:45,578 - options_scanner - INFO - Successfully retrieved option chain for CB
2025-11-03 09:41:45,599 - options_scanner - INFO - Found optimal 30/60 timeframe for CB: 18 vs 46 DTE
2025-11-03 09:41:47,448 - options_scanner - INFO - Successfully retrieved option chain for AIG
2025-11-03 09:41:47,477 - options_scanner - INFO - Found optimal 30/60 timeframe for AIG: 32 vs 46 DTE
2025-11-03 09:41:48,239 - options_scanner - INFO - Successfully retrieved option chain for TFC
2025-11-03 09:41:48,248 - options_scanner - INFO - Found optimal 30/60 timeframe for TFC: 18 vs 46 DTE
2025-11-03 09:41:49,709 - options_scanner - INFO - Successfully retrieved option chain for USB
2025-11-03 09:41:49,727 - options_scanner - INFO - Found optimal 30/60 timeframe for USB: 32 vs 46 DTE
2025-11-03 09:41:50,588 - options_scanner - INFO - Successfully retrieved option chain for PNC
2025-11-03 09:41:50,619 - options_scanner - INFO - Found optimal 30/60 timeframe for PNC: 32 vs 46 DTE
2025-11-03 09:41:51,530 - options_scanner - INFO - Successfully retrieved option chain for COF
2025-11-03 09:41:51,562 - options_scanner - INFO - Found optimal 30/60 timeframe for COF: 32 vs 46 DTE
2025-11-03 09:41:52,227 - options_scanner - INFO - Successfully retrieved option chain for FITB
2025-11-03 09:41:52,242 - options_scanner - INFO - Found optimal 30/60 timeframe for FITB: 18 vs 46 DTE
2025-11-03 09:41:52,245 - __main__ - INFO - ============================================================
2025-11-03 09:41:52,245 - __main__ - INFO - Forward Factor Strategy Scan Complete
2025-11-03 09:41:52,246 - __main__ - INFO - ============================================================
2025-11-03 09:41:52,246 - __main__ - INFO - Scan duration: 69.0 seconds
2025-11-03 09:41:52,246 - __main__ - INFO - Tickers scanned: 50
2025-11-03 09:41:52,246 - __main__ - INFO - Opportunities found: 0
