2025-11-03 09:02:48,223 - schwab_orders - INFO - Loaded credentials from local global_.py
2025-11-03 09:02:48,223 - schwab_orders - INFO - Loaded existing tokens from C:\SchwabAccountConfig\DirectAPIUsage\token.json
2025-11-03 09:02:48,224 - __main__ - INFO - ============================================================
2025-11-03 09:02:48,224 - __main__ - INFO - Starting Forward Factor Strategy Scan
2025-11-03 09:02:48,224 - __main__ - INFO - ============================================================
2025-11-03 09:02:48,224 - __main__ - INFO - Schwab API authentication successful
2025-11-03 09:02:48,225 - __main__ - INFO - Using suggested midcap universe: 155 tickers
2025-11-03 09:02:48,225 - __main__ - INFO - Limited to 50 tickers for performance
2025-11-03 09:02:48,225 - __main__ - INFO - Scanning 50 midcap tickers
2025-11-03 09:02:48,225 - __main__ - INFO - Beginning options chain scanning...
2025-11-03 09:02:50,657 - options_scanner - INFO - Successfully retrieved option chain for TEAM
2025-11-03 09:02:50,710 - options_scanner - INFO - Found optimal 30/60 timeframe for TEAM: 32 vs 46 DTE
2025-11-03 09:02:53,126 - options_scanner - INFO - Successfully retrieved option chain for OKTA
2025-11-03 09:02:53,170 - options_scanner - INFO - Found optimal 30/60 timeframe for OKTA: 32 vs 46 DTE
2025-11-03 09:02:54,146 - options_scanner - INFO - Successfully retrieved option chain for ZS
2025-11-03 09:02:54,213 - options_scanner - INFO - Found optimal 30/60 timeframe for ZS: 32 vs 46 DTE
2025-11-03 09:02:55,736 - options_scanner - INFO - Successfully retrieved option chain for CRWD
2025-11-03 09:02:55,870 - options_scanner - INFO - Found optimal 30/60 timeframe for CRWD: 32 vs 46 DTE
2025-11-03 09:02:56,871 - options_scanner - INFO - Successfully retrieved option chain for NET
2025-11-03 09:02:56,932 - options_scanner - INFO - Found optimal 30/60 timeframe for NET: 32 vs 46 DTE
2025-11-03 09:02:57,835 - options_scanner - INFO - Successfully retrieved option chain for DDOG
2025-11-03 09:02:57,893 - options_scanner - INFO - Found optimal 30/60 timeframe for DDOG: 32 vs 46 DTE
2025-11-03 09:02:59,071 - options_scanner - INFO - Successfully retrieved option chain for SNOW
2025-11-03 09:02:59,136 - options_scanner - INFO - Found optimal 30/60 timeframe for SNOW: 32 vs 46 DTE
2025-11-03 09:02:59,945 - options_scanner - INFO - Successfully retrieved option chain for PATH
2025-11-03 09:02:59,965 - options_scanner - INFO - Found optimal 30/60 timeframe for PATH: 32 vs 46 DTE
2025-11-03 09:03:01,115 - options_scanner - INFO - Successfully retrieved option chain for ESTC
2025-11-03 09:03:01,136 - options_scanner - INFO - Found optimal 30/60 timeframe for ESTC: 18 vs 46 DTE
2025-11-03 09:03:01,974 - options_scanner - INFO - Successfully retrieved option chain for DOCU
2025-11-03 09:03:02,033 - options_scanner - INFO - Found optimal 30/60 timeframe for DOCU: 32 vs 46 DTE
2025-11-03 09:03:02,998 - options_scanner - INFO - Successfully retrieved option chain for TWLO
2025-11-03 09:03:03,058 - options_scanner - INFO - Found optimal 30/60 timeframe for TWLO: 32 vs 46 DTE
2025-11-03 09:03:03,863 - options_scanner - INFO - Successfully retrieved option chain for ZM
2025-11-03 09:03:03,911 - options_scanner - INFO - Found optimal 30/60 timeframe for ZM: 32 vs 46 DTE
2025-11-03 09:03:04,966 - options_scanner - INFO - Successfully retrieved option chain for PINS
2025-11-03 09:03:04,998 - options_scanner - INFO - Found optimal 30/60 timeframe for PINS: 32 vs 46 DTE
2025-11-03 09:03:05,730 - options_scanner - INFO - Successfully retrieved option chain for SNAP
2025-11-03 09:03:05,757 - options_scanner - INFO - Found optimal 30/60 timeframe for SNAP: 32 vs 46 DTE
2025-11-03 09:03:06,973 - options_scanner - INFO - Successfully retrieved option chain for UBER
2025-11-03 09:03:07,030 - options_scanner - INFO - Found optimal 30/60 timeframe for UBER: 32 vs 46 DTE
2025-11-03 09:03:08,047 - options_scanner - INFO - Successfully retrieved option chain for LYFT
2025-11-03 09:03:08,077 - options_scanner - INFO - Found optimal 30/60 timeframe for LYFT: 32 vs 46 DTE
2025-11-03 09:03:09,147 - options_scanner - INFO - Successfully retrieved option chain for RBLX
2025-11-03 09:03:09,212 - options_scanner - INFO - Found optimal 30/60 timeframe for RBLX: 32 vs 46 DTE
2025-11-03 09:03:10,203 - options_scanner - INFO - Successfully retrieved option chain for U
2025-11-03 09:03:10,243 - options_scanner - INFO - Found optimal 30/60 timeframe for U: 32 vs 46 DTE
2025-11-03 09:03:13,885 - options_scanner - INFO - Successfully retrieved option chain for PLTR
2025-11-03 09:03:13,994 - options_scanner - INFO - Found optimal 30/60 timeframe for PLTR: 32 vs 46 DTE
2025-11-03 09:03:15,501 - options_scanner - INFO - Successfully retrieved option chain for COIN
2025-11-03 09:03:15,641 - options_scanner - INFO - Found optimal 30/60 timeframe for COIN: 32 vs 46 DTE
2025-11-03 09:03:16,504 - options_scanner - INFO - Successfully retrieved option chain for MRNA
2025-11-03 09:03:16,539 - options_scanner - INFO - Found optimal 30/60 timeframe for MRNA: 32 vs 46 DTE
2025-11-03 09:03:20,165 - options_scanner - INFO - Successfully retrieved option chain for REGN
2025-11-03 09:03:20,264 - options_scanner - INFO - Found optimal 30/60 timeframe for REGN: 32 vs 46 DTE
2025-11-03 09:03:22,978 - options_scanner - INFO - Successfully retrieved option chain for BIIB
2025-11-03 09:03:23,021 - options_scanner - INFO - Found optimal 30/60 timeframe for BIIB: 32 vs 46 DTE
2025-11-03 09:03:24,405 - options_scanner - INFO - Successfully retrieved option chain for ILMN
2025-11-03 09:03:24,417 - options_scanner - INFO - Found optimal 30/60 timeframe for ILMN: 18 vs 46 DTE
2025-11-03 09:03:25,391 - options_scanner - INFO - Successfully retrieved option chain for VRTX
2025-11-03 09:03:25,460 - options_scanner - INFO - Found optimal 30/60 timeframe for VRTX: 32 vs 46 DTE
2025-11-03 09:03:26,383 - options_scanner - INFO - Successfully retrieved option chain for ALNY
2025-11-03 09:03:26,420 - options_scanner - INFO - Found optimal 30/60 timeframe for ALNY: 18 vs 46 DTE
2025-11-03 09:03:27,036 - options_scanner - INFO - Successfully retrieved option chain for BMRN
2025-11-03 09:03:27,044 - options_scanner - INFO - Found optimal 30/60 timeframe for BMRN: 18 vs 46 DTE
2025-11-03 09:03:27,576 - options_scanner - ERROR - Failed to retrieve option chain for SGEN. Status: 400, Response: {"errors":[{"id":"4a333e00-b533-4cea-8545-3d9a0d785637","status":"400","title":"Bad Request","detail":"Check Param Values","source":{"parameter":"Invalid Paramter/Value"}}]}
2025-11-03 09:03:27,580 - iv_ff_analyzer - WARNING - SGEN: No valid option chains found
2025-11-03 09:03:28,236 - options_scanner - INFO - Successfully retrieved option chain for TECH
2025-11-03 09:03:28,243 - options_scanner - INFO - Found optimal 30/60 timeframe for TECH: 18 vs 46 DTE
2025-11-03 09:03:28,953 - options_scanner - INFO - Successfully retrieved option chain for EXAS
2025-11-03 09:03:28,975 - options_scanner - INFO - Found optimal 30/60 timeframe for EXAS: 25 vs 46 DTE
2025-11-03 09:03:30,120 - options_scanner - INFO - Successfully retrieved option chain for TDOC
2025-11-03 09:03:30,131 - options_scanner - INFO - Found optimal 30/60 timeframe for TDOC: 32 vs 46 DTE
2025-11-03 09:03:31,053 - options_scanner - INFO - Successfully retrieved option chain for VEEV
2025-11-03 09:03:31,071 - options_scanner - INFO - Found optimal 30/60 timeframe for VEEV: 18 vs 46 DTE
2025-11-03 09:03:31,698 - options_scanner - INFO - Successfully retrieved option chain for ZBH
2025-11-03 09:03:31,709 - options_scanner - INFO - Found optimal 30/60 timeframe for ZBH: 18 vs 46 DTE
2025-11-03 09:03:33,972 - options_scanner - INFO - Successfully retrieved option chain for ALGN
2025-11-03 09:03:34,005 - options_scanner - INFO - Found optimal 30/60 timeframe for ALGN: 32 vs 46 DTE
2025-11-03 09:03:34,919 - options_scanner - INFO - Successfully retrieved option chain for DXCM
2025-11-03 09:03:34,940 - options_scanner - INFO - Found optimal 30/60 timeframe for DXCM: 32 vs 46 DTE
2025-11-03 09:03:38,525 - options_scanner - INFO - Successfully retrieved option chain for ISRG
2025-11-03 09:03:38,611 - options_scanner - INFO - Found optimal 30/60 timeframe for ISRG: 32 vs 46 DTE
2025-11-03 09:03:39,222 - options_scanner - INFO - Successfully retrieved option chain for HOLX
2025-11-03 09:03:39,227 - options_scanner - INFO - Found optimal 30/60 timeframe for HOLX: 18 vs 46 DTE
2025-11-03 09:03:40,409 - options_scanner - INFO - Successfully retrieved option chain for IDXX
2025-11-03 09:03:40,421 - options_scanner - INFO - Found optimal 30/60 timeframe for IDXX: 18 vs 46 DTE
2025-11-03 09:03:41,562 - options_scanner - INFO - Successfully retrieved option chain for IQV
2025-11-03 09:03:41,574 - options_scanner - INFO - Found optimal 30/60 timeframe for IQV: 18 vs 46 DTE
2025-11-03 09:03:42,461 - options_scanner - INFO - Successfully retrieved option chain for MTD
2025-11-03 09:03:42,490 - options_scanner - INFO - Found optimal 30/60 timeframe for MTD: 18 vs 46 DTE
2025-11-03 09:03:45,190 - options_scanner - INFO - Successfully retrieved option chain for SCHW
2025-11-03 09:03:45,225 - options_scanner - INFO - Found optimal 30/60 timeframe for SCHW: 32 vs 46 DTE
2025-11-03 09:03:46,299 - options_scanner - INFO - Successfully retrieved option chain for MS
2025-11-03 09:03:46,348 - options_scanner - INFO - Found optimal 30/60 timeframe for MS: 32 vs 46 DTE
2025-11-03 09:03:47,672 - options_scanner - INFO - Successfully retrieved option chain for BLK
2025-11-03 09:03:47,780 - options_scanner - INFO - Found optimal 30/60 timeframe for BLK: 32 vs 46 DTE
2025-11-03 09:03:49,545 - options_scanner - INFO - Successfully retrieved option chain for CB
2025-11-03 09:03:49,573 - options_scanner - INFO - Found optimal 30/60 timeframe for CB: 18 vs 46 DTE
2025-11-03 09:03:51,767 - options_scanner - INFO - Successfully retrieved option chain for AIG
2025-11-03 09:03:51,806 - options_scanner - INFO - Found optimal 30/60 timeframe for AIG: 32 vs 46 DTE
2025-11-03 09:03:52,651 - options_scanner - INFO - Successfully retrieved option chain for TFC
2025-11-03 09:03:52,662 - options_scanner - INFO - Found optimal 30/60 timeframe for TFC: 18 vs 46 DTE
2025-11-03 09:03:54,158 - options_scanner - INFO - Successfully retrieved option chain for USB
2025-11-03 09:03:54,177 - options_scanner - INFO - Found optimal 30/60 timeframe for USB: 32 vs 46 DTE
2025-11-03 09:03:55,925 - options_scanner - INFO - Successfully retrieved option chain for PNC
2025-11-03 09:03:55,970 - options_scanner - INFO - Found optimal 30/60 timeframe for PNC: 32 vs 46 DTE
2025-11-03 09:03:56,999 - options_scanner - INFO - Successfully retrieved option chain for COF
2025-11-03 09:03:57,040 - options_scanner - INFO - Found optimal 30/60 timeframe for COF: 32 vs 46 DTE
2025-11-03 09:03:57,735 - options_scanner - INFO - Successfully retrieved option chain for FITB
2025-11-03 09:03:57,747 - options_scanner - INFO - Found optimal 30/60 timeframe for FITB: 18 vs 46 DTE
2025-11-03 09:03:57,749 - __main__ - INFO - ============================================================
2025-11-03 09:03:57,749 - __main__ - INFO - Forward Factor Strategy Scan Complete
2025-11-03 09:03:57,749 - __main__ - INFO - ============================================================
2025-11-03 09:03:57,750 - __main__ - INFO - Scan duration: 69.5 seconds
2025-11-03 09:03:57,750 - __main__ - INFO - Tickers scanned: 50
2025-11-03 09:03:57,750 - __main__ - INFO - Opportunities found: 0
