2025-11-03 10:39:08,871 - schwab_orders - INFO - Loaded credentials from local global_.py
2025-11-03 10:39:08,872 - schwab_orders - INFO - Loaded existing tokens from C:\SchwabAccountConfig\DirectAPIUsage\token.json
2025-11-03 10:39:08,872 - __main__ - INFO - ============================================================
2025-11-03 10:39:08,873 - __main__ - INFO - Starting Forward Factor Strategy Scan
2025-11-03 10:39:08,873 - __main__ - INFO - ============================================================
2025-11-03 10:39:08,873 - __main__ - INFO - Schwab API authentication successful
2025-11-03 10:39:08,874 - __main__ - INFO - Using custom ticker list: 3 tickers
2025-11-03 10:39:08,874 - __main__ - INFO - Scanning 3 midcap tickers
2025-11-03 10:39:08,874 - __main__ - INFO - Beginning options chain scanning...
2025-11-03 10:39:09,580 - options_scanner - INFO - Successfully retrieved option chain for AES
2025-11-03 10:39:09,600 - __main__ - INFO - Scanning AES: 11 valid chains
2025-11-03 10:39:09,600 - __main__ - INFO - Attempting 30/60 for AES: 32/46 DTE
2025-11-03 10:39:09,600 - __main__ - WARNING - FF opportunity for AES 30/60 has no result: ff_result=None Near IV: 0.0% Next IV: 0.0%
2025-11-03 10:39:09,601 - __main__ - INFO - Attempting 30/90 for AES: 32/74 DTE
2025-11-03 10:39:09,602 - __main__ - WARNING - FF opportunity for AES 30/90 has no result: ff_result=None Near IV: 0.0% Next IV: 0.0%
2025-11-03 10:39:09,602 - __main__ - INFO - Attempting 60/90 for AES: 46/74 DTE
2025-11-03 10:39:09,604 - __main__ - WARNING - FF opportunity for AES 60/90 has no result: ff_result=None Near IV: 0.0% Next IV: 0.0%
2025-11-03 10:39:09,604 - __main__ - INFO - No opportunities found for AES. Available DTEs: [11, 18, 25, 32, 39, 46, 74, 109, 193, 438, 809]
2025-11-03 10:39:10,548 - options_scanner - INFO - Successfully retrieved option chain for ROIV
2025-11-03 10:39:10,558 - __main__ - INFO - Scanning ROIV: 8 valid chains
2025-11-03 10:39:10,558 - __main__ - INFO - Attempting 30/60 for ROIV: 18/46 DTE
2025-11-03 10:39:10,559 - __main__ - WARNING - FF opportunity for ROIV 30/60 has no result: ff_result=None Near IV: 0.0% Next IV: 0.0%
2025-11-03 10:39:10,559 - __main__ - INFO - Attempting 30/90 for ROIV: 18/74 DTE
2025-11-03 10:39:10,559 - __main__ - WARNING - FF opportunity for ROIV 30/90 has no result: ff_result=None Near IV: 0.0% Next IV: 0.0%
2025-11-03 10:39:10,560 - __main__ - INFO - Attempting 60/90 for ROIV: 46/74 DTE
2025-11-03 10:39:10,560 - __main__ - WARNING - FF opportunity for ROIV 60/90 has no result: ff_result=None Near IV: 0.0% Next IV: 0.0%
2025-11-03 10:39:10,561 - __main__ - INFO - No opportunities found for ROIV. Available DTEs: [18, 46, 74, 109, 137, 193, 438, 809]
2025-11-03 10:39:11,672 - options_scanner - INFO - Successfully retrieved option chain for FHN
2025-11-03 10:39:11,684 - __main__ - INFO - Scanning FHN: 11 valid chains
2025-11-03 10:39:11,685 - __main__ - INFO - Attempting 30/60 for FHN: 32/46 DTE
2025-11-03 10:39:11,685 - __main__ - WARNING - FF opportunity for FHN 30/60 has no result: ff_result=None Near IV: 0.0% Next IV: 0.0%
2025-11-03 10:39:11,686 - __main__ - INFO - Attempting 30/90 for FHN: 32/74 DTE
2025-11-03 10:39:11,686 - __main__ - WARNING - FF opportunity for FHN 30/90 has no result: ff_result=None Near IV: 0.0% Next IV: 0.0%
2025-11-03 10:39:11,687 - __main__ - INFO - Attempting 60/90 for FHN: 46/74 DTE
2025-11-03 10:39:11,687 - __main__ - WARNING - FF opportunity for FHN 60/90 has no result: ff_result=None Near IV: 0.0% Next IV: 0.0%
2025-11-03 10:39:11,688 - __main__ - INFO - No opportunities found for FHN. Available DTEs: [11, 18, 25, 32, 39, 46, 74, 109, 193, 438, 809]
2025-11-03 10:39:11,688 - __main__ - INFO - ============================================================
2025-11-03 10:39:11,689 - __main__ - INFO - Forward Factor Strategy Scan Complete
2025-11-03 10:39:11,689 - __main__ - INFO - ============================================================
2025-11-03 10:39:11,689 - __main__ - INFO - Scan duration: 2.8 seconds
2025-11-03 10:39:11,689 - __main__ - INFO - Tickers scanned: 3
2025-11-03 10:39:11,690 - __main__ - INFO - Opportunities found: 0
