2025-11-03 10:35:02,309 - schwab_orders - INFO - Loaded credentials from local global_.py
2025-11-03 10:35:02,312 - schwab_orders - INFO - Loaded existing tokens from C:\SchwabAccountConfig\DirectAPIUsage\token.json
2025-11-03 10:35:02,312 - __main__ - INFO - ============================================================
2025-11-03 10:35:02,312 - __main__ - INFO - Starting Forward Factor Strategy Scan
2025-11-03 10:35:02,312 - __main__ - INFO - ============================================================
2025-11-03 10:35:02,312 - __main__ - INFO - Schwab API authentication successful
2025-11-03 10:35:02,313 - __main__ - INFO - Using custom ticker list: 3 tickers
2025-11-03 10:35:02,313 - __main__ - INFO - Scanning 3 midcap tickers
2025-11-03 10:35:02,313 - __main__ - INFO - Beginning options chain scanning...
2025-11-03 10:35:03,739 - options_scanner - INFO - Successfully retrieved option chain for AAPL
2025-11-03 10:35:03,818 - __main__ - INFO - Scanning AAPL: 19 valid chains
2025-11-03 10:35:03,818 - __main__ - INFO - Attempting 30/60 for AAPL: 32/46 DTE
2025-11-03 10:35:03,820 - __main__ - INFO - Found 30/60 opportunity for AAPL: FF=-4.3% (DTE: 32/46) [Valid: True] Near IV: 23.7% Next IV: 24.7%
2025-11-03 10:35:03,821 - __main__ - INFO - Attempting 30/90 for AAPL: 32/74 DTE
2025-11-03 10:35:03,823 - __main__ - INFO - Found 30/90 opportunity for AAPL: FF=-5.4% (DTE: 32/74) [Valid: True] Near IV: 23.7% Next IV: 25.0%
2025-11-03 10:35:03,823 - __main__ - INFO - Attempting 60/90 for AAPL: 46/74 DTE
2025-11-03 10:35:03,826 - __main__ - INFO - Found 60/90 opportunity for AAPL: FF=-1.1% (DTE: 46/74) [Valid: True] Near IV: 24.7% Next IV: 25.0%
2025-11-03 10:35:11,047 - options_scanner - INFO - Successfully retrieved option chain for TSLA
2025-11-03 10:35:11,212 - __main__ - INFO - Scanning TSLA: 20 valid chains
2025-11-03 10:35:11,213 - __main__ - INFO - Attempting 30/60 for TSLA: 32/46 DTE
2025-11-03 10:35:11,219 - __main__ - INFO - Found 30/60 opportunity for TSLA: FF=-0.9% (DTE: 32/46) [Valid: True] Near IV: 57.1% Next IV: 57.6%
2025-11-03 10:35:11,220 - __main__ - INFO - Attempting 30/90 for TSLA: 32/74 DTE
2025-11-03 10:35:11,224 - __main__ - INFO - Found 30/90 opportunity for TSLA: FF=-1.6% (DTE: 32/74) [Valid: True] Near IV: 57.1% Next IV: 58.0%
2025-11-03 10:35:11,225 - __main__ - INFO - Attempting 60/90 for TSLA: 46/74 DTE
2025-11-03 10:35:11,231 - __main__ - INFO - Found 60/90 opportunity for TSLA: FF=-0.6% (DTE: 46/74) [Valid: True] Near IV: 57.6% Next IV: 58.0%
2025-11-03 10:35:13,075 - options_scanner - INFO - Successfully retrieved option chain for NVDA
2025-11-03 10:35:13,209 - __main__ - INFO - Scanning NVDA: 19 valid chains
2025-11-03 10:35:13,210 - __main__ - INFO - Attempting 30/60 for NVDA: 32/46 DTE
2025-11-03 10:35:13,215 - __main__ - INFO - Found 30/60 opportunity for NVDA: FF=4.3% (DTE: 32/46) [Valid: True] Near IV: 48.1% Next IV: 46.2%
2025-11-03 10:35:13,216 - __main__ - INFO - Attempting 30/90 for NVDA: 32/74 DTE
2025-11-03 10:35:13,221 - __main__ - INFO - Found 30/90 opportunity for NVDA: FF=7.7% (DTE: 32/74) [Valid: True] Near IV: 48.1% Next IV: 44.7%
2025-11-03 10:35:13,221 - __main__ - INFO - Attempting 60/90 for NVDA: 46/74 DTE
2025-11-03 10:35:13,228 - __main__ - INFO - Found 60/90 opportunity for NVDA: FF=3.3% (DTE: 46/74) [Valid: True] Near IV: 46.2% Next IV: 44.7%
2025-11-03 10:35:13,228 - __main__ - INFO - ============================================================
2025-11-03 10:35:13,228 - __main__ - INFO - Forward Factor Strategy Scan Complete
2025-11-03 10:35:13,229 - __main__ - INFO - ============================================================
2025-11-03 10:35:13,229 - __main__ - INFO - Scan duration: 10.9 seconds
2025-11-03 10:35:13,229 - __main__ - INFO - Tickers scanned: 3
2025-11-03 10:35:13,229 - __main__ - INFO - Opportunities found: 9
2025-11-03 10:35:13,231 - __main__ - INFO - Detailed results saved to: results\ff_opportunities_20251103_103513.json
2025-11-03 10:35:13,233 - __main__ - INFO - CSV summary saved to: results\ff_opportunities_20251103_103513.csv
